[0.352s] Invoking command in '/home/tuantran/ros2_ws_int/build/action_tutorials_interfaces': CMAKE_PREFIX_PATH=${CMAKE_PREFIX_PATH}:/home/tuantran/ros2_ws/install/launch_testing_examples:/home/tuantran/ros2_ws/install/examples_rclpy_pointcloud_publisher:/home/tuantran/ros2_ws/install/examples_rclpy_minimal_subscriber:/home/tuantran/ros2_ws/install/examples_rclpy_minimal_service:/home/tuantran/ros2_ws/install/examples_rclpy_minimal_publisher:/home/tuantran/ros2_ws/install/examples_rclpy_minimal_client:/home/tuantran/ros2_ws/install/examples_rclpy_minimal_action_server:/home/tuantran/ros2_ws/install/examples_rclpy_minimal_action_client:/home/tuantran/ros2_ws/install/examples_rclpy_guard_conditions:/home/tuantran/ros2_ws/install/examples_rclpy_executors:/opt/ros/humble /usr/bin/cmake /home/tuantran/ros2_ws_int/src/action_tutorials_interfaces -DCMAKE_INSTALL_PREFIX=/home/tuantran/ros2_ws_int/install/action_tutorials_interfaces
[0.844s] -- The C compiler identification is GNU 11.4.0
[1.424s] -- The CXX compiler identification is GNU 11.4.0
[1.465s] -- Detecting C compiler ABI info
[1.867s] -- Detecting C compiler ABI info - done
[1.935s] -- Check for working C compiler: /usr/bin/cc - skipped
[1.938s] -- Detecting C compile features
[1.942s] -- Detecting C compile features - done
[1.958s] -- Detecting CXX compiler ABI info
[2.433s] -- Detecting CXX compiler ABI info - done
[2.612s] -- Check for working CXX compiler: /usr/bin/c++ - skipped
[2.626s] -- Detecting CXX compile features
[2.632s] -- Detecting CXX compile features - done
[2.699s] -- Found ament_cmake: 1.3.6 (/opt/ros/humble/share/ament_cmake/cmake)
[3.535s] -- Found Python3: /usr/bin/python3.10 (found version "3.10.12") found components: Interpreter 
[4.030s] -- Found ament_lint_auto: 0.12.9 (/opt/ros/humble/share/ament_lint_auto/cmake)
[4.494s] -- Found rosidl_default_generators: 1.2.0 (/opt/ros/humble/share/rosidl_default_generators/cmake)
[4.565s] -- Using all available rosidl_typesupport_c: rosidl_typesupport_fastrtps_c;rosidl_typesupport_introspection_c
[4.610s] -- Found rosidl_adapter: 3.1.5 (/opt/ros/humble/share/rosidl_adapter/cmake)
[4.870s] -- Using all available rosidl_typesupport_cpp: rosidl_typesupport_fastrtps_cpp;rosidl_typesupport_introspection_cpp
[6.975s] -- Found ament_cmake_ros: 0.10.0 (/opt/ros/humble/share/ament_cmake_ros/cmake)
[7.897s] -- Using all available rosidl_typesupport_c: rosidl_typesupport_fastrtps_c;rosidl_typesupport_introspection_c
[9.120s] -- Using all available rosidl_typesupport_cpp: rosidl_typesupport_fastrtps_cpp;rosidl_typesupport_introspection_cpp
[9.228s] -- Found PythonInterp: /usr/bin/python3 (found suitable version "3.10.12", minimum required is "3.6") 
[9.236s] -- Found python_cmake_module: 0.10.0 (/opt/ros/humble/share/python_cmake_module/cmake)
[9.414s] -- Found PythonLibs: /usr/lib/x86_64-linux-gnu/libpython3.10.so (found suitable version "3.10.12", minimum required is "3.5") 
[9.418s] -- Using PYTHON_EXECUTABLE: /usr/bin/python3
[9.418s] -- Using PYTHON_INCLUDE_DIRS: /usr/include/python3.10
[9.424s] -- Using PYTHON_LIBRARIES: /usr/lib/x86_64-linux-gnu/libpython3.10.so
[9.515s] -- Found PythonExtra: .so  
[9.957s] -- Added test 'lint_cmake' to check CMake code style
[9.967s] -- Added test 'xmllint' to check XML markup files
[10.012s] -- Configuring done
[10.192s] -- Generating done
[10.209s] -- Build files have been written to: /home/tuantran/ros2_ws_int/build/action_tutorials_interfaces
[10.240s] Invoked command in '/home/tuantran/ros2_ws_int/build/action_tutorials_interfaces' returned '0': CMAKE_PREFIX_PATH=${CMAKE_PREFIX_PATH}:/home/tuantran/ros2_ws/install/launch_testing_examples:/home/tuantran/ros2_ws/install/examples_rclpy_pointcloud_publisher:/home/tuantran/ros2_ws/install/examples_rclpy_minimal_subscriber:/home/tuantran/ros2_ws/install/examples_rclpy_minimal_service:/home/tuantran/ros2_ws/install/examples_rclpy_minimal_publisher:/home/tuantran/ros2_ws/install/examples_rclpy_minimal_client:/home/tuantran/ros2_ws/install/examples_rclpy_minimal_action_server:/home/tuantran/ros2_ws/install/examples_rclpy_minimal_action_client:/home/tuantran/ros2_ws/install/examples_rclpy_guard_conditions:/home/tuantran/ros2_ws/install/examples_rclpy_executors:/opt/ros/humble /usr/bin/cmake /home/tuantran/ros2_ws_int/src/action_tutorials_interfaces -DCMAKE_INSTALL_PREFIX=/home/tuantran/ros2_ws_int/install/action_tutorials_interfaces
[10.251s] Invoking command in '/home/tuantran/ros2_ws_int/build/action_tutorials_interfaces': CMAKE_PREFIX_PATH=${CMAKE_PREFIX_PATH}:/home/tuantran/ros2_ws/install/launch_testing_examples:/home/tuantran/ros2_ws/install/examples_rclpy_pointcloud_publisher:/home/tuantran/ros2_ws/install/examples_rclpy_minimal_subscriber:/home/tuantran/ros2_ws/install/examples_rclpy_minimal_service:/home/tuantran/ros2_ws/install/examples_rclpy_minimal_publisher:/home/tuantran/ros2_ws/install/examples_rclpy_minimal_client:/home/tuantran/ros2_ws/install/examples_rclpy_minimal_action_server:/home/tuantran/ros2_ws/install/examples_rclpy_minimal_action_client:/home/tuantran/ros2_ws/install/examples_rclpy_guard_conditions:/home/tuantran/ros2_ws/install/examples_rclpy_executors:/opt/ros/humble /usr/bin/cmake --build /home/tuantran/ros2_ws_int/build/action_tutorials_interfaces -- -j2 -l2
[10.982s] [  3%] [34m[1mGenerating C++ code for ROS interfaces[0m
[13.311s] [  3%] Built target action_tutorials_interfaces__cpp
[13.346s] [  6%] [34m[1mGenerating C code for ROS interfaces[0m
[16.034s] [  9%] [32mBuilding C object CMakeFiles/action_tutorials_interfaces__rosidl_generator_c.dir/rosidl_generator_c/action_tutorials_interfaces/action/detail/fibonacci__functions.c.o[0m
[16.686s] [ 12%] [32m[1mLinking C shared library libaction_tutorials_interfaces__rosidl_generator_c.so[0m
[16.865s] [ 12%] Built target action_tutorials_interfaces__rosidl_generator_c
[16.977s] [ 12%] Built target ament_cmake_python_copy_action_tutorials_interfaces
[17.011s] [ 16%] [34m[1mGenerating C++ type support for eProsima Fast-RTPS[0m
[19.103s] [ 19%] [32mBuilding CXX object CMakeFiles/action_tutorials_interfaces__rosidl_typesupport_fastrtps_cpp.dir/rosidl_typesupport_fastrtps_cpp/action_tutorials_interfaces/action/detail/dds_fastrtps/fibonacci__type_support.cpp.o[0m
[21.707s] [ 22%] [32m[1mLinking CXX shared library libaction_tutorials_interfaces__rosidl_typesupport_fastrtps_cpp.so[0m
[22.125s] [ 22%] Built target action_tutorials_interfaces__rosidl_typesupport_fastrtps_cpp
[22.160s] [ 25%] [34m[1mGenerating C++ introspection for ROS interfaces[0m
[23.896s] [ 29%] [32mBuilding CXX object CMakeFiles/action_tutorials_interfaces__rosidl_typesupport_introspection_cpp.dir/rosidl_typesupport_introspection_cpp/action_tutorials_interfaces/action/detail/fibonacci__type_support.cpp.o[0m
[27.387s] [ 32%] [32m[1mLinking CXX shared library libaction_tutorials_interfaces__rosidl_typesupport_introspection_cpp.so[0m
[27.922s] [ 32%] Built target action_tutorials_interfaces__rosidl_typesupport_introspection_cpp
[27.971s] [ 35%] [34m[1mGenerating C++ type support dispatch for ROS interfaces[0m
[29.797s] [ 38%] [32mBuilding CXX object CMakeFiles/action_tutorials_interfaces__rosidl_typesupport_cpp.dir/rosidl_typesupport_cpp/action_tutorials_interfaces/action/fibonacci__type_support.cpp.o[0m
[32.280s] [ 41%] [32m[1mLinking CXX shared library libaction_tutorials_interfaces__rosidl_typesupport_cpp.so[0m
[32.544s] [ 41%] Built target action_tutorials_interfaces__rosidl_typesupport_cpp
[32.598s] [ 45%] [34m[1mGenerating C type support for eProsima Fast-RTPS[0m
[35.434s] [ 48%] [32mBuilding CXX object CMakeFiles/action_tutorials_interfaces__rosidl_typesupport_fastrtps_c.dir/rosidl_typesupport_fastrtps_c/action_tutorials_interfaces/action/detail/fibonacci__type_support_c.cpp.o[0m
[37.651s] [ 51%] [32m[1mLinking CXX shared library libaction_tutorials_interfaces__rosidl_typesupport_fastrtps_c.so[0m
[38.288s] [ 51%] Built target action_tutorials_interfaces__rosidl_typesupport_fastrtps_c
[38.328s] [ 54%] [34m[1mGenerating C introspection for ROS interfaces[0m
[40.749s] [ 58%] [32mBuilding C object CMakeFiles/action_tutorials_interfaces__rosidl_typesupport_introspection_c.dir/rosidl_typesupport_introspection_c/action_tutorials_interfaces/action/detail/fibonacci__type_support.c.o[0m
[41.108s] [ 61%] [32m[1mLinking C shared library libaction_tutorials_interfaces__rosidl_typesupport_introspection_c.so[0m
[41.363s] [ 61%] Built target action_tutorials_interfaces__rosidl_typesupport_introspection_c
[41.449s] [ 64%] [34m[1mGenerating C type support dispatch for ROS interfaces[0m
[43.316s] [ 67%] [32mBuilding CXX object CMakeFiles/action_tutorials_interfaces__rosidl_typesupport_c.dir/rosidl_typesupport_c/action_tutorials_interfaces/action/fibonacci__type_support.cpp.o[0m
[43.565s] [ 70%] [32m[1mLinking CXX shared library libaction_tutorials_interfaces__rosidl_typesupport_c.so[0m
[43.860s] [ 70%] Built target action_tutorials_interfaces__rosidl_typesupport_c
[45.433s] running egg_info
[45.436s] creating action_tutorials_interfaces.egg-info
[45.437s] writing action_tutorials_interfaces.egg-info/PKG-INFO
[45.438s] writing dependency_links to action_tutorials_interfaces.egg-info/dependency_links.txt
[45.440s] writing top-level names to action_tutorials_interfaces.egg-info/top_level.txt
[45.441s] writing manifest file 'action_tutorials_interfaces.egg-info/SOURCES.txt'
[45.455s] reading manifest file 'action_tutorials_interfaces.egg-info/SOURCES.txt'
[45.458s] writing manifest file 'action_tutorials_interfaces.egg-info/SOURCES.txt'
[45.572s] [ 70%] Built target ament_cmake_python_build_action_tutorials_interfaces_egg
[45.679s] [ 70%] Built target action_tutorials_interfaces
[45.784s] [ 74%] [34m[1mGenerating Python code for ROS interfaces[0m
[51.127s] [ 74%] Built target action_tutorials_interfaces__py
[51.287s] [ 77%] [32mBuilding C object CMakeFiles/action_tutorials_interfaces__rosidl_generator_py.dir/rosidl_generator_py/action_tutorials_interfaces/action/_fibonacci_s.c.o[0m
[52.617s] [ 80%] [32m[1mLinking C shared library rosidl_generator_py/action_tutorials_interfaces/libaction_tutorials_interfaces__rosidl_generator_py.so[0m
[52.861s] [ 80%] Built target action_tutorials_interfaces__rosidl_generator_py
[52.976s] [ 83%] [32mBuilding C object CMakeFiles/action_tutorials_interfaces__rosidl_typesupport_fastrtps_c__pyext.dir/rosidl_generator_py/action_tutorials_interfaces/_action_tutorials_interfaces_s.ep.rosidl_typesupport_fastrtps_c.c.o[0m
[53.706s] [ 87%] [32m[1mLinking C shared library rosidl_generator_py/action_tutorials_interfaces/action_tutorials_interfaces_s__rosidl_typesupport_fastrtps_c.cpython-310-x86_64-linux-gnu.so[0m
[53.938s] [ 87%] Built target action_tutorials_interfaces__rosidl_typesupport_fastrtps_c__pyext
[54.043s] [ 90%] [32mBuilding C object CMakeFiles/action_tutorials_interfaces__rosidl_typesupport_introspection_c__pyext.dir/rosidl_generator_py/action_tutorials_interfaces/_action_tutorials_interfaces_s.ep.rosidl_typesupport_introspection_c.c.o[0m
[54.802s] [ 93%] [32m[1mLinking C shared library rosidl_generator_py/action_tutorials_interfaces/action_tutorials_interfaces_s__rosidl_typesupport_introspection_c.cpython-310-x86_64-linux-gnu.so[0m
[55.018s] [ 93%] Built target action_tutorials_interfaces__rosidl_typesupport_introspection_c__pyext
[55.122s] [ 96%] [32mBuilding C object CMakeFiles/action_tutorials_interfaces__rosidl_typesupport_c__pyext.dir/rosidl_generator_py/action_tutorials_interfaces/_action_tutorials_interfaces_s.ep.rosidl_typesupport_c.c.o[0m
[55.909s] [100%] [32m[1mLinking C shared library rosidl_generator_py/action_tutorials_interfaces/action_tutorials_interfaces_s__rosidl_typesupport_c.cpython-310-x86_64-linux-gnu.so[0m
[56.129s] [100%] Built target action_tutorials_interfaces__rosidl_typesupport_c__pyext
[56.222s] Invoked command in '/home/tuantran/ros2_ws_int/build/action_tutorials_interfaces' returned '0': CMAKE_PREFIX_PATH=${CMAKE_PREFIX_PATH}:/home/tuantran/ros2_ws/install/launch_testing_examples:/home/tuantran/ros2_ws/install/examples_rclpy_pointcloud_publisher:/home/tuantran/ros2_ws/install/examples_rclpy_minimal_subscriber:/home/tuantran/ros2_ws/install/examples_rclpy_minimal_service:/home/tuantran/ros2_ws/install/examples_rclpy_minimal_publisher:/home/tuantran/ros2_ws/install/examples_rclpy_minimal_client:/home/tuantran/ros2_ws/install/examples_rclpy_minimal_action_server:/home/tuantran/ros2_ws/install/examples_rclpy_minimal_action_client:/home/tuantran/ros2_ws/install/examples_rclpy_guard_conditions:/home/tuantran/ros2_ws/install/examples_rclpy_executors:/opt/ros/humble /usr/bin/cmake --build /home/tuantran/ros2_ws_int/build/action_tutorials_interfaces -- -j2 -l2
[56.667s] Invoking command in '/home/tuantran/ros2_ws_int/build/action_tutorials_interfaces': CMAKE_PREFIX_PATH=${CMAKE_PREFIX_PATH}:/home/tuantran/ros2_ws/install/launch_testing_examples:/home/tuantran/ros2_ws/install/examples_rclpy_pointcloud_publisher:/home/tuantran/ros2_ws/install/examples_rclpy_minimal_subscriber:/home/tuantran/ros2_ws/install/examples_rclpy_minimal_service:/home/tuantran/ros2_ws/install/examples_rclpy_minimal_publisher:/home/tuantran/ros2_ws/install/examples_rclpy_minimal_client:/home/tuantran/ros2_ws/install/examples_rclpy_minimal_action_server:/home/tuantran/ros2_ws/install/examples_rclpy_minimal_action_client:/home/tuantran/ros2_ws/install/examples_rclpy_guard_conditions:/home/tuantran/ros2_ws/install/examples_rclpy_executors:/opt/ros/humble /usr/bin/cmake --install /home/tuantran/ros2_ws_int/build/action_tutorials_interfaces
[56.744s] -- Install configuration: ""
[56.746s] -- Installing: /home/tuantran/ros2_ws_int/install/action_tutorials_interfaces/share/ament_index/resource_index/rosidl_interfaces/action_tutorials_interfaces
[56.748s] -- Installing: /home/tuantran/ros2_ws_int/install/action_tutorials_interfaces/include/action_tutorials_interfaces/action_tutorials_interfaces
[56.748s] -- Installing: /home/tuantran/ros2_ws_int/install/action_tutorials_interfaces/include/action_tutorials_interfaces/action_tutorials_interfaces/action
[56.749s] -- Installing: /home/tuantran/ros2_ws_int/install/action_tutorials_interfaces/include/action_tutorials_interfaces/action_tutorials_interfaces/action/fibonacci.h
[56.750s] -- Installing: /home/tuantran/ros2_ws_int/install/action_tutorials_interfaces/include/action_tutorials_interfaces/action_tutorials_interfaces/action/detail
[56.751s] -- Installing: /home/tuantran/ros2_ws_int/install/action_tutorials_interfaces/include/action_tutorials_interfaces/action_tutorials_interfaces/action/detail/fibonacci__type_support.h
[56.751s] -- Installing: /home/tuantran/ros2_ws_int/install/action_tutorials_interfaces/include/action_tutorials_interfaces/action_tutorials_interfaces/action/detail/fibonacci__struct.h
[56.753s] -- Installing: /home/tuantran/ros2_ws_int/install/action_tutorials_interfaces/include/action_tutorials_interfaces/action_tutorials_interfaces/action/detail/fibonacci__functions.c
[56.755s] -- Installing: /home/tuantran/ros2_ws_int/install/action_tutorials_interfaces/include/action_tutorials_interfaces/action_tutorials_interfaces/action/detail/fibonacci__functions.h
[56.759s] -- Installing: /home/tuantran/ros2_ws_int/install/action_tutorials_interfaces/include/action_tutorials_interfaces/action_tutorials_interfaces/msg
[56.760s] -- Installing: /home/tuantran/ros2_ws_int/install/action_tutorials_interfaces/include/action_tutorials_interfaces/action_tutorials_interfaces/msg/rosidl_generator_c__visibility_control.h
[56.762s] -- Installing: /home/tuantran/ros2_ws_int/install/action_tutorials_interfaces/share/action_tutorials_interfaces/environment/library_path.sh
[56.763s] -- Installing: /home/tuantran/ros2_ws_int/install/action_tutorials_interfaces/share/action_tutorials_interfaces/environment/library_path.dsv
[56.764s] -- Installing: /home/tuantran/ros2_ws_int/install/action_tutorials_interfaces/lib/libaction_tutorials_interfaces__rosidl_generator_c.so
[56.778s] -- Set runtime path of "/home/tuantran/ros2_ws_int/install/action_tutorials_interfaces/lib/libaction_tutorials_interfaces__rosidl_generator_c.so" to ""
[56.779s] -- Up-to-date: /home/tuantran/ros2_ws_int/install/action_tutorials_interfaces/include/action_tutorials_interfaces/action_tutorials_interfaces
[56.780s] -- Up-to-date: /home/tuantran/ros2_ws_int/install/action_tutorials_interfaces/include/action_tutorials_interfaces/action_tutorials_interfaces/action
[56.780s] -- Up-to-date: /home/tuantran/ros2_ws_int/install/action_tutorials_interfaces/include/action_tutorials_interfaces/action_tutorials_interfaces/action/detail
[56.781s] -- Installing: /home/tuantran/ros2_ws_int/install/action_tutorials_interfaces/include/action_tutorials_interfaces/action_tutorials_interfaces/action/detail/fibonacci__rosidl_typesupport_fastrtps_c.h
[56.782s] -- Up-to-date: /home/tuantran/ros2_ws_int/install/action_tutorials_interfaces/include/action_tutorials_interfaces/action_tutorials_interfaces/msg
[56.786s] -- Installing: /home/tuantran/ros2_ws_int/install/action_tutorials_interfaces/include/action_tutorials_interfaces/action_tutorials_interfaces/msg/rosidl_typesupport_fastrtps_c__visibility_control.h
[56.795s] -- Installing: /home/tuantran/ros2_ws_int/install/action_tutorials_interfaces/lib/libaction_tutorials_interfaces__rosidl_typesupport_fastrtps_c.so
[56.819s] -- Set runtime path of "/home/tuantran/ros2_ws_int/install/action_tutorials_interfaces/lib/libaction_tutorials_interfaces__rosidl_typesupport_fastrtps_c.so" to ""
[56.820s] -- Up-to-date: /home/tuantran/ros2_ws_int/install/action_tutorials_interfaces/include/action_tutorials_interfaces/action_tutorials_interfaces
[56.821s] -- Up-to-date: /home/tuantran/ros2_ws_int/install/action_tutorials_interfaces/include/action_tutorials_interfaces/action_tutorials_interfaces/action
[56.822s] -- Up-to-date: /home/tuantran/ros2_ws_int/install/action_tutorials_interfaces/include/action_tutorials_interfaces/action_tutorials_interfaces/action/detail
[56.822s] -- Installing: /home/tuantran/ros2_ws_int/install/action_tutorials_interfaces/include/action_tutorials_interfaces/action_tutorials_interfaces/action/detail/fibonacci__type_support.c
[56.824s] -- Installing: /home/tuantran/ros2_ws_int/install/action_tutorials_interfaces/include/action_tutorials_interfaces/action_tutorials_interfaces/action/detail/fibonacci__rosidl_typesupport_introspection_c.h
[56.825s] -- Up-to-date: /home/tuantran/ros2_ws_int/install/action_tutorials_interfaces/include/action_tutorials_interfaces/action_tutorials_interfaces/msg
[56.826s] -- Installing: /home/tuantran/ros2_ws_int/install/action_tutorials_interfaces/include/action_tutorials_interfaces/action_tutorials_interfaces/msg/rosidl_typesupport_introspection_c__visibility_control.h
[56.829s] -- Installing: /home/tuantran/ros2_ws_int/install/action_tutorials_interfaces/lib/libaction_tutorials_interfaces__rosidl_typesupport_introspection_c.so
[56.831s] -- Set runtime path of "/home/tuantran/ros2_ws_int/install/action_tutorials_interfaces/lib/libaction_tutorials_interfaces__rosidl_typesupport_introspection_c.so" to ""
[56.832s] -- Installing: /home/tuantran/ros2_ws_int/install/action_tutorials_interfaces/lib/libaction_tutorials_interfaces__rosidl_typesupport_c.so
[56.842s] -- Set runtime path of "/home/tuantran/ros2_ws_int/install/action_tutorials_interfaces/lib/libaction_tutorials_interfaces__rosidl_typesupport_c.so" to ""
[56.843s] -- Up-to-date: /home/tuantran/ros2_ws_int/install/action_tutorials_interfaces/include/action_tutorials_interfaces/action_tutorials_interfaces
[56.843s] -- Up-to-date: /home/tuantran/ros2_ws_int/install/action_tutorials_interfaces/include/action_tutorials_interfaces/action_tutorials_interfaces/action
[56.844s] -- Installing: /home/tuantran/ros2_ws_int/install/action_tutorials_interfaces/include/action_tutorials_interfaces/action_tutorials_interfaces/action/fibonacci.hpp
[56.845s] -- Up-to-date: /home/tuantran/ros2_ws_int/install/action_tutorials_interfaces/include/action_tutorials_interfaces/action_tutorials_interfaces/action/detail
[56.845s] -- Installing: /home/tuantran/ros2_ws_int/install/action_tutorials_interfaces/include/action_tutorials_interfaces/action_tutorials_interfaces/action/detail/fibonacci__builder.hpp
[56.846s] -- Installing: /home/tuantran/ros2_ws_int/install/action_tutorials_interfaces/include/action_tutorials_interfaces/action_tutorials_interfaces/action/detail/fibonacci__traits.hpp
[56.847s] -- Installing: /home/tuantran/ros2_ws_int/install/action_tutorials_interfaces/include/action_tutorials_interfaces/action_tutorials_interfaces/action/detail/fibonacci__struct.hpp
[56.848s] -- Up-to-date: /home/tuantran/ros2_ws_int/install/action_tutorials_interfaces/include/action_tutorials_interfaces/action_tutorials_interfaces
[56.849s] -- Up-to-date: /home/tuantran/ros2_ws_int/install/action_tutorials_interfaces/include/action_tutorials_interfaces/action_tutorials_interfaces/action
[56.849s] -- Up-to-date: /home/tuantran/ros2_ws_int/install/action_tutorials_interfaces/include/action_tutorials_interfaces/action_tutorials_interfaces/action/detail
[56.850s] -- Installing: /home/tuantran/ros2_ws_int/install/action_tutorials_interfaces/include/action_tutorials_interfaces/action_tutorials_interfaces/action/detail/dds_fastrtps
[56.850s] -- Installing: /home/tuantran/ros2_ws_int/install/action_tutorials_interfaces/include/action_tutorials_interfaces/action_tutorials_interfaces/action/detail/fibonacci__rosidl_typesupport_fastrtps_cpp.hpp
[56.851s] -- Up-to-date: /home/tuantran/ros2_ws_int/install/action_tutorials_interfaces/include/action_tutorials_interfaces/action_tutorials_interfaces/msg
[56.852s] -- Installing: /home/tuantran/ros2_ws_int/install/action_tutorials_interfaces/include/action_tutorials_interfaces/action_tutorials_interfaces/msg/rosidl_typesupport_fastrtps_cpp__visibility_control.h
[56.854s] -- Installing: /home/tuantran/ros2_ws_int/install/action_tutorials_interfaces/lib/libaction_tutorials_interfaces__rosidl_typesupport_fastrtps_cpp.so
[56.856s] -- Set runtime path of "/home/tuantran/ros2_ws_int/install/action_tutorials_interfaces/lib/libaction_tutorials_interfaces__rosidl_typesupport_fastrtps_cpp.so" to ""
[56.859s] -- Up-to-date: /home/tuantran/ros2_ws_int/install/action_tutorials_interfaces/include/action_tutorials_interfaces/action_tutorials_interfaces
[56.860s] -- Up-to-date: /home/tuantran/ros2_ws_int/install/action_tutorials_interfaces/include/action_tutorials_interfaces/action_tutorials_interfaces/action
[56.860s] -- Up-to-date: /home/tuantran/ros2_ws_int/install/action_tutorials_interfaces/include/action_tutorials_interfaces/action_tutorials_interfaces/action/detail
[56.861s] -- Installing: /home/tuantran/ros2_ws_int/install/action_tutorials_interfaces/include/action_tutorials_interfaces/action_tutorials_interfaces/action/detail/fibonacci__rosidl_typesupport_introspection_cpp.hpp
[56.863s] -- Installing: /home/tuantran/ros2_ws_int/install/action_tutorials_interfaces/include/action_tutorials_interfaces/action_tutorials_interfaces/action/detail/fibonacci__type_support.cpp
[56.866s] -- Installing: /home/tuantran/ros2_ws_int/install/action_tutorials_interfaces/lib/libaction_tutorials_interfaces__rosidl_typesupport_introspection_cpp.so
[56.878s] -- Set runtime path of "/home/tuantran/ros2_ws_int/install/action_tutorials_interfaces/lib/libaction_tutorials_interfaces__rosidl_typesupport_introspection_cpp.so" to ""
[56.879s] -- Installing: /home/tuantran/ros2_ws_int/install/action_tutorials_interfaces/lib/libaction_tutorials_interfaces__rosidl_typesupport_cpp.so
[56.880s] -- Set runtime path of "/home/tuantran/ros2_ws_int/install/action_tutorials_interfaces/lib/libaction_tutorials_interfaces__rosidl_typesupport_cpp.so" to ""
[56.881s] -- Installing: /home/tuantran/ros2_ws_int/install/action_tutorials_interfaces/share/action_tutorials_interfaces/environment/pythonpath.sh
[56.881s] -- Installing: /home/tuantran/ros2_ws_int/install/action_tutorials_interfaces/share/action_tutorials_interfaces/environment/pythonpath.dsv
[56.881s] -- Installing: /home/tuantran/ros2_ws_int/install/action_tutorials_interfaces/local/lib/python3.10/dist-packages/action_tutorials_interfaces-0.0.0-py3.10.egg-info
[56.885s] -- Installing: /home/tuantran/ros2_ws_int/install/action_tutorials_interfaces/local/lib/python3.10/dist-packages/action_tutorials_interfaces-0.0.0-py3.10.egg-info/PKG-INFO
[56.886s] -- Installing: /home/tuantran/ros2_ws_int/install/action_tutorials_interfaces/local/lib/python3.10/dist-packages/action_tutorials_interfaces-0.0.0-py3.10.egg-info/dependency_links.txt
[56.886s] -- Installing: /home/tuantran/ros2_ws_int/install/action_tutorials_interfaces/local/lib/python3.10/dist-packages/action_tutorials_interfaces-0.0.0-py3.10.egg-info/SOURCES.txt
[56.897s] -- Installing: /home/tuantran/ros2_ws_int/install/action_tutorials_interfaces/local/lib/python3.10/dist-packages/action_tutorials_interfaces-0.0.0-py3.10.egg-info/top_level.txt
[56.898s] -- Installing: /home/tuantran/ros2_ws_int/install/action_tutorials_interfaces/local/lib/python3.10/dist-packages/action_tutorials_interfaces
[56.898s] -- Installing: /home/tuantran/ros2_ws_int/install/action_tutorials_interfaces/local/lib/python3.10/dist-packages/action_tutorials_interfaces/_action_tutorials_interfaces_s.ep.rosidl_typesupport_fastrtps_c.c
[56.906s] -- Installing: /home/tuantran/ros2_ws_int/install/action_tutorials_interfaces/local/lib/python3.10/dist-packages/action_tutorials_interfaces/action_tutorials_interfaces_s__rosidl_typesupport_introspection_c.cpython-310-x86_64-linux-gnu.so
[56.908s] -- Installing: /home/tuantran/ros2_ws_int/install/action_tutorials_interfaces/local/lib/python3.10/dist-packages/action_tutorials_interfaces/action_tutorials_interfaces_s__rosidl_typesupport_c.cpython-310-x86_64-linux-gnu.so
[56.909s] -- Installing: /home/tuantran/ros2_ws_int/install/action_tutorials_interfaces/local/lib/python3.10/dist-packages/action_tutorials_interfaces/action
[56.942s] -- Installing: /home/tuantran/ros2_ws_int/install/action_tutorials_interfaces/local/lib/python3.10/dist-packages/action_tutorials_interfaces/action/_fibonacci.py
[56.943s] -- Installing: /home/tuantran/ros2_ws_int/install/action_tutorials_interfaces/local/lib/python3.10/dist-packages/action_tutorials_interfaces/action/__init__.py
[56.952s] -- Installing: /home/tuantran/ros2_ws_int/install/action_tutorials_interfaces/local/lib/python3.10/dist-packages/action_tutorials_interfaces/action/_fibonacci_s.c
[56.954s] -- Installing: /home/tuantran/ros2_ws_int/install/action_tutorials_interfaces/local/lib/python3.10/dist-packages/action_tutorials_interfaces/libaction_tutorials_interfaces__rosidl_generator_py.so
[56.957s] -- Installing: /home/tuantran/ros2_ws_int/install/action_tutorials_interfaces/local/lib/python3.10/dist-packages/action_tutorials_interfaces/__init__.py
[56.957s] -- Installing: /home/tuantran/ros2_ws_int/install/action_tutorials_interfaces/local/lib/python3.10/dist-packages/action_tutorials_interfaces/_action_tutorials_interfaces_s.ep.rosidl_typesupport_c.c
[56.959s] -- Installing: /home/tuantran/ros2_ws_int/install/action_tutorials_interfaces/local/lib/python3.10/dist-packages/action_tutorials_interfaces/_action_tutorials_interfaces_s.ep.rosidl_typesupport_introspection_c.c
[56.961s] -- Installing: /home/tuantran/ros2_ws_int/install/action_tutorials_interfaces/local/lib/python3.10/dist-packages/action_tutorials_interfaces/action_tutorials_interfaces_s__rosidl_typesupport_fastrtps_c.cpython-310-x86_64-linux-gnu.so
[57.193s] Listing '/home/tuantran/ros2_ws_int/install/action_tutorials_interfaces/local/lib/python3.10/dist-packages/action_tutorials_interfaces'...
[57.193s] Compiling '/home/tuantran/ros2_ws_int/install/action_tutorials_interfaces/local/lib/python3.10/dist-packages/action_tutorials_interfaces/__init__.py'...
[57.193s] Listing '/home/tuantran/ros2_ws_int/install/action_tutorials_interfaces/local/lib/python3.10/dist-packages/action_tutorials_interfaces/action'...
[57.194s] Compiling '/home/tuantran/ros2_ws_int/install/action_tutorials_interfaces/local/lib/python3.10/dist-packages/action_tutorials_interfaces/action/__init__.py'...
[57.194s] Compiling '/home/tuantran/ros2_ws_int/install/action_tutorials_interfaces/local/lib/python3.10/dist-packages/action_tutorials_interfaces/action/_fibonacci.py'...
[57.294s] -- Installing: /home/tuantran/ros2_ws_int/install/action_tutorials_interfaces/local/lib/python3.10/dist-packages/action_tutorials_interfaces/action_tutorials_interfaces_s__rosidl_typesupport_fastrtps_c.cpython-310-x86_64-linux-gnu.so
[57.299s] -- Set runtime path of "/home/tuantran/ros2_ws_int/install/action_tutorials_interfaces/local/lib/python3.10/dist-packages/action_tutorials_interfaces/action_tutorials_interfaces_s__rosidl_typesupport_fastrtps_c.cpython-310-x86_64-linux-gnu.so" to ""
[57.303s] -- Installing: /home/tuantran/ros2_ws_int/install/action_tutorials_interfaces/local/lib/python3.10/dist-packages/action_tutorials_interfaces/action_tutorials_interfaces_s__rosidl_typesupport_introspection_c.cpython-310-x86_64-linux-gnu.so
[57.308s] -- Set runtime path of "/home/tuantran/ros2_ws_int/install/action_tutorials_interfaces/local/lib/python3.10/dist-packages/action_tutorials_interfaces/action_tutorials_interfaces_s__rosidl_typesupport_introspection_c.cpython-310-x86_64-linux-gnu.so" to ""
[57.312s] -- Installing: /home/tuantran/ros2_ws_int/install/action_tutorials_interfaces/local/lib/python3.10/dist-packages/action_tutorials_interfaces/action_tutorials_interfaces_s__rosidl_typesupport_c.cpython-310-x86_64-linux-gnu.so
[57.314s] -- Set runtime path of "/home/tuantran/ros2_ws_int/install/action_tutorials_interfaces/local/lib/python3.10/dist-packages/action_tutorials_interfaces/action_tutorials_interfaces_s__rosidl_typesupport_c.cpython-310-x86_64-linux-gnu.so" to ""
[57.320s] -- Installing: /home/tuantran/ros2_ws_int/install/action_tutorials_interfaces/lib/libaction_tutorials_interfaces__rosidl_generator_py.so
[57.335s] -- Set runtime path of "/home/tuantran/ros2_ws_int/install/action_tutorials_interfaces/lib/libaction_tutorials_interfaces__rosidl_generator_py.so" to ""
[57.336s] -- Installing: /home/tuantran/ros2_ws_int/install/action_tutorials_interfaces/share/action_tutorials_interfaces/action/Fibonacci.idl
[57.337s] -- Installing: /home/tuantran/ros2_ws_int/install/action_tutorials_interfaces/share/action_tutorials_interfaces/action/Fibonacci.action
[57.339s] -- Installing: /home/tuantran/ros2_ws_int/install/action_tutorials_interfaces/share/ament_index/resource_index/package_run_dependencies/action_tutorials_interfaces
[57.340s] -- Installing: /home/tuantran/ros2_ws_int/install/action_tutorials_interfaces/share/ament_index/resource_index/parent_prefix_path/action_tutorials_interfaces
[57.342s] -- Installing: /home/tuantran/ros2_ws_int/install/action_tutorials_interfaces/share/action_tutorials_interfaces/environment/ament_prefix_path.sh
[57.356s] -- Installing: /home/tuantran/ros2_ws_int/install/action_tutorials_interfaces/share/action_tutorials_interfaces/environment/ament_prefix_path.dsv
[57.357s] -- Installing: /home/tuantran/ros2_ws_int/install/action_tutorials_interfaces/share/action_tutorials_interfaces/environment/path.sh
[57.359s] -- Installing: /home/tuantran/ros2_ws_int/install/action_tutorials_interfaces/share/action_tutorials_interfaces/environment/path.dsv
[57.361s] -- Installing: /home/tuantran/ros2_ws_int/install/action_tutorials_interfaces/share/action_tutorials_interfaces/local_setup.bash
[57.367s] -- Installing: /home/tuantran/ros2_ws_int/install/action_tutorials_interfaces/share/action_tutorials_interfaces/local_setup.sh
[57.368s] -- Installing: /home/tuantran/ros2_ws_int/install/action_tutorials_interfaces/share/action_tutorials_interfaces/local_setup.zsh
[57.369s] -- Installing: /home/tuantran/ros2_ws_int/install/action_tutorials_interfaces/share/action_tutorials_interfaces/local_setup.dsv
[57.373s] -- Installing: /home/tuantran/ros2_ws_int/install/action_tutorials_interfaces/share/action_tutorials_interfaces/package.dsv
[57.376s] -- Installing: /home/tuantran/ros2_ws_int/install/action_tutorials_interfaces/share/ament_index/resource_index/packages/action_tutorials_interfaces
[57.383s] -- Installing: /home/tuantran/ros2_ws_int/install/action_tutorials_interfaces/share/action_tutorials_interfaces/cmake/export_action_tutorials_interfaces__rosidl_generator_cExport.cmake
[57.385s] -- Installing: /home/tuantran/ros2_ws_int/install/action_tutorials_interfaces/share/action_tutorials_interfaces/cmake/export_action_tutorials_interfaces__rosidl_generator_cExport-noconfig.cmake
[57.390s] -- Installing: /home/tuantran/ros2_ws_int/install/action_tutorials_interfaces/share/action_tutorials_interfaces/cmake/export_action_tutorials_interfaces__rosidl_typesupport_fastrtps_cExport.cmake
[57.391s] -- Installing: /home/tuantran/ros2_ws_int/install/action_tutorials_interfaces/share/action_tutorials_interfaces/cmake/export_action_tutorials_interfaces__rosidl_typesupport_fastrtps_cExport-noconfig.cmake
[57.392s] -- Installing: /home/tuantran/ros2_ws_int/install/action_tutorials_interfaces/share/action_tutorials_interfaces/cmake/action_tutorials_interfaces__rosidl_typesupport_introspection_cExport.cmake
[57.393s] -- Installing: /home/tuantran/ros2_ws_int/install/action_tutorials_interfaces/share/action_tutorials_interfaces/cmake/action_tutorials_interfaces__rosidl_typesupport_introspection_cExport-noconfig.cmake
[57.395s] -- Installing: /home/tuantran/ros2_ws_int/install/action_tutorials_interfaces/share/action_tutorials_interfaces/cmake/action_tutorials_interfaces__rosidl_typesupport_cExport.cmake
[57.400s] -- Installing: /home/tuantran/ros2_ws_int/install/action_tutorials_interfaces/share/action_tutorials_interfaces/cmake/action_tutorials_interfaces__rosidl_typesupport_cExport-noconfig.cmake
[57.402s] -- Installing: /home/tuantran/ros2_ws_int/install/action_tutorials_interfaces/share/action_tutorials_interfaces/cmake/export_action_tutorials_interfaces__rosidl_generator_cppExport.cmake
[57.404s] -- Installing: /home/tuantran/ros2_ws_int/install/action_tutorials_interfaces/share/action_tutorials_interfaces/cmake/export_action_tutorials_interfaces__rosidl_typesupport_fastrtps_cppExport.cmake
[57.413s] -- Installing: /home/tuantran/ros2_ws_int/install/action_tutorials_interfaces/share/action_tutorials_interfaces/cmake/export_action_tutorials_interfaces__rosidl_typesupport_fastrtps_cppExport-noconfig.cmake
[57.418s] -- Installing: /home/tuantran/ros2_ws_int/install/action_tutorials_interfaces/share/action_tutorials_interfaces/cmake/action_tutorials_interfaces__rosidl_typesupport_introspection_cppExport.cmake
[57.420s] -- Installing: /home/tuantran/ros2_ws_int/install/action_tutorials_interfaces/share/action_tutorials_interfaces/cmake/action_tutorials_interfaces__rosidl_typesupport_introspection_cppExport-noconfig.cmake
[57.422s] -- Installing: /home/tuantran/ros2_ws_int/install/action_tutorials_interfaces/share/action_tutorials_interfaces/cmake/action_tutorials_interfaces__rosidl_typesupport_cppExport.cmake
[57.428s] -- Installing: /home/tuantran/ros2_ws_int/install/action_tutorials_interfaces/share/action_tutorials_interfaces/cmake/action_tutorials_interfaces__rosidl_typesupport_cppExport-noconfig.cmake
[57.428s] -- Installing: /home/tuantran/ros2_ws_int/install/action_tutorials_interfaces/share/action_tutorials_interfaces/cmake/export_action_tutorials_interfaces__rosidl_generator_pyExport.cmake
[57.428s] -- Installing: /home/tuantran/ros2_ws_int/install/action_tutorials_interfaces/share/action_tutorials_interfaces/cmake/export_action_tutorials_interfaces__rosidl_generator_pyExport-noconfig.cmake
[57.429s] -- Installing: /home/tuantran/ros2_ws_int/install/action_tutorials_interfaces/share/action_tutorials_interfaces/cmake/rosidl_cmake-extras.cmake
[57.438s] -- Installing: /home/tuantran/ros2_ws_int/install/action_tutorials_interfaces/share/action_tutorials_interfaces/cmake/ament_cmake_export_dependencies-extras.cmake
[57.440s] -- Installing: /home/tuantran/ros2_ws_int/install/action_tutorials_interfaces/share/action_tutorials_interfaces/cmake/ament_cmake_export_include_directories-extras.cmake
[57.442s] -- Installing: /home/tuantran/ros2_ws_int/install/action_tutorials_interfaces/share/action_tutorials_interfaces/cmake/ament_cmake_export_libraries-extras.cmake
[57.443s] -- Installing: /home/tuantran/ros2_ws_int/install/action_tutorials_interfaces/share/action_tutorials_interfaces/cmake/ament_cmake_export_targets-extras.cmake
[57.444s] -- Installing: /home/tuantran/ros2_ws_int/install/action_tutorials_interfaces/share/action_tutorials_interfaces/cmake/rosidl_cmake_export_typesupport_targets-extras.cmake
[57.447s] -- Installing: /home/tuantran/ros2_ws_int/install/action_tutorials_interfaces/share/action_tutorials_interfaces/cmake/rosidl_cmake_export_typesupport_libraries-extras.cmake
[57.448s] -- Installing: /home/tuantran/ros2_ws_int/install/action_tutorials_interfaces/share/action_tutorials_interfaces/cmake/action_tutorials_interfacesConfig.cmake
[57.449s] -- Installing: /home/tuantran/ros2_ws_int/install/action_tutorials_interfaces/share/action_tutorials_interfaces/cmake/action_tutorials_interfacesConfig-version.cmake
[57.450s] -- Installing: /home/tuantran/ros2_ws_int/install/action_tutorials_interfaces/share/action_tutorials_interfaces/package.xml
[57.466s] Invoked command in '/home/tuantran/ros2_ws_int/build/action_tutorials_interfaces' returned '0': CMAKE_PREFIX_PATH=${CMAKE_PREFIX_PATH}:/home/tuantran/ros2_ws/install/launch_testing_examples:/home/tuantran/ros2_ws/install/examples_rclpy_pointcloud_publisher:/home/tuantran/ros2_ws/install/examples_rclpy_minimal_subscriber:/home/tuantran/ros2_ws/install/examples_rclpy_minimal_service:/home/tuantran/ros2_ws/install/examples_rclpy_minimal_publisher:/home/tuantran/ros2_ws/install/examples_rclpy_minimal_client:/home/tuantran/ros2_ws/install/examples_rclpy_minimal_action_server:/home/tuantran/ros2_ws/install/examples_rclpy_minimal_action_client:/home/tuantran/ros2_ws/install/examples_rclpy_guard_conditions:/home/tuantran/ros2_ws/install/examples_rclpy_executors:/opt/ros/humble /usr/bin/cmake --install /home/tuantran/ros2_ws_int/build/action_tutorials_interfaces
