[5.485s] DEBUG:colcon:Command line arguments: ['/usr/bin/colcon', 'build', '--packages-select', 'cpp_parameter_event_handler']
[5.485s] DEBUG:colcon:Parsed command line arguments: Namespace(log_base=None, log_level=None, verb_name='build', build_base='build', install_base='install', merge_install=False, symlink_install=False, test_result_base=None, continue_on_error=False, executor='parallel', parallel_workers=2, event_handlers=None, ignore_user_meta=False, metas=['./colcon.meta'], base_paths=['.'], packages_ignore=None, packages_ignore_regex=None, paths=None, packages_up_to=None, packages_up_to_regex=None, packages_above=None, packages_above_and_dependencies=None, packages_above_depth=None, packages_select_by_dep=None, packages_skip_by_dep=None, packages_skip_up_to=None, packages_select_build_failed=False, packages_skip_build_finished=False, packages_select_test_failures=False, packages_skip_test_passed=False, packages_select=['cpp_parameter_event_handler'], packages_skip=None, packages_select_regex=None, packages_skip_regex=None, packages_start=None, packages_end=None, allow_overriding=[], cmake_args=None, cmake_target=None, cmake_target_skip_unavailable=False, cmake_clean_cache=False, cmake_clean_first=False, cmake_force_configure=False, ament_cmake_args=None, catkin_cmake_args=None, catkin_skip_building_tests=False, verb_parser=<colcon_defaults.argument_parser.defaults.DefaultArgumentsDecorator object at 0x7fac0c1f1ea0>, verb_extension=<colcon_core.verb.build.BuildVerb object at 0x7fac0c1f2bc0>, main=<bound method BuildVerb.main of <colcon_core.verb.build.BuildVerb object at 0x7fac0c1f2bc0>>)
[5.747s] Level 1:colcon.colcon_core.package_discovery:discover_packages(colcon_meta) check parameters
[5.749s] Level 1:colcon.colcon_core.package_discovery:discover_packages(recursive) check parameters
[5.749s] Level 1:colcon.colcon_core.package_discovery:discover_packages(ignore) check parameters
[5.750s] Level 1:colcon.colcon_core.package_discovery:discover_packages(path) check parameters
[5.750s] Level 1:colcon.colcon_core.package_discovery:discover_packages(colcon_meta) discover
[5.751s] Level 1:colcon.colcon_core.package_discovery:discover_packages(recursive) discover
[5.751s] INFO:colcon.colcon_core.package_discovery:Crawling recursively for packages in '/home/tuantran/ros2_ws_int'
[5.752s] Level 1:colcon.colcon_core.package_identification:_identify(.) by extensions ['ignore', 'ignore_ament_install']
[5.752s] Level 1:colcon.colcon_core.package_identification:_identify(.) by extension 'ignore'
[5.753s] Level 1:colcon.colcon_core.package_identification:_identify(.) by extension 'ignore_ament_install'
[5.753s] Level 1:colcon.colcon_core.package_identification:_identify(.) by extensions ['colcon_pkg']
[5.754s] Level 1:colcon.colcon_core.package_identification:_identify(.) by extension 'colcon_pkg'
[5.754s] Level 1:colcon.colcon_core.package_identification:_identify(.) by extensions ['colcon_meta']
[5.755s] Level 1:colcon.colcon_core.package_identification:_identify(.) by extension 'colcon_meta'
[5.755s] Level 1:colcon.colcon_core.package_identification:_identify(.) by extensions ['ros']
[5.756s] Level 1:colcon.colcon_core.package_identification:_identify(.) by extension 'ros'
[5.801s] Level 1:colcon.colcon_core.package_identification:_identify(.) by extensions ['cmake', 'python']
[5.802s] Level 1:colcon.colcon_core.package_identification:_identify(.) by extension 'cmake'
[5.802s] Level 1:colcon.colcon_core.package_identification:_identify(.) by extension 'python'
[5.803s] Level 1:colcon.colcon_core.package_identification:_identify(.) by extensions ['python_setup_py']
[5.803s] Level 1:colcon.colcon_core.package_identification:_identify(.) by extension 'python_setup_py'
[5.804s] Level 1:colcon.colcon_core.package_identification:_identify(build) by extensions ['ignore', 'ignore_ament_install']
[5.805s] Level 1:colcon.colcon_core.package_identification:_identify(build) by extension 'ignore'
[5.805s] Level 1:colcon.colcon_core.package_identification:_identify(build) ignored
[5.806s] Level 1:colcon.colcon_core.package_identification:_identify(install) by extensions ['ignore', 'ignore_ament_install']
[5.806s] Level 1:colcon.colcon_core.package_identification:_identify(install) by extension 'ignore'
[5.807s] Level 1:colcon.colcon_core.package_identification:_identify(install) ignored
[5.808s] Level 1:colcon.colcon_core.package_identification:_identify(log) by extensions ['ignore', 'ignore_ament_install']
[5.808s] Level 1:colcon.colcon_core.package_identification:_identify(log) by extension 'ignore'
[5.809s] Level 1:colcon.colcon_core.package_identification:_identify(log) ignored
[5.809s] Level 1:colcon.colcon_core.package_identification:_identify(src) by extensions ['ignore', 'ignore_ament_install']
[5.810s] Level 1:colcon.colcon_core.package_identification:_identify(src) by extension 'ignore'
[5.810s] Level 1:colcon.colcon_core.package_identification:_identify(src) by extension 'ignore_ament_install'
[5.811s] Level 1:colcon.colcon_core.package_identification:_identify(src) by extensions ['colcon_pkg']
[5.811s] Level 1:colcon.colcon_core.package_identification:_identify(src) by extension 'colcon_pkg'
[5.812s] Level 1:colcon.colcon_core.package_identification:_identify(src) by extensions ['colcon_meta']
[5.812s] Level 1:colcon.colcon_core.package_identification:_identify(src) by extension 'colcon_meta'
[5.813s] Level 1:colcon.colcon_core.package_identification:_identify(src) by extensions ['ros']
[5.813s] Level 1:colcon.colcon_core.package_identification:_identify(src) by extension 'ros'
[5.814s] Level 1:colcon.colcon_core.package_identification:_identify(src) by extensions ['cmake', 'python']
[5.814s] Level 1:colcon.colcon_core.package_identification:_identify(src) by extension 'cmake'
[5.814s] Level 1:colcon.colcon_core.package_identification:_identify(src) by extension 'python'
[5.815s] Level 1:colcon.colcon_core.package_identification:_identify(src) by extensions ['python_setup_py']
[5.815s] Level 1:colcon.colcon_core.package_identification:_identify(src) by extension 'python_setup_py'
[5.816s] Level 1:colcon.colcon_core.package_identification:_identify(src/action_tutorials_cpp) by extensions ['ignore', 'ignore_ament_install']
[5.817s] Level 1:colcon.colcon_core.package_identification:_identify(src/action_tutorials_cpp) by extension 'ignore'
[5.817s] Level 1:colcon.colcon_core.package_identification:_identify(src/action_tutorials_cpp) by extension 'ignore_ament_install'
[5.818s] Level 1:colcon.colcon_core.package_identification:_identify(src/action_tutorials_cpp) by extensions ['colcon_pkg']
[5.818s] Level 1:colcon.colcon_core.package_identification:_identify(src/action_tutorials_cpp) by extension 'colcon_pkg'
[5.819s] Level 1:colcon.colcon_core.package_identification:_identify(src/action_tutorials_cpp) by extensions ['colcon_meta']
[5.820s] Level 1:colcon.colcon_core.package_identification:_identify(src/action_tutorials_cpp) by extension 'colcon_meta'
[5.820s] Level 1:colcon.colcon_core.package_identification:_identify(src/action_tutorials_cpp) by extensions ['ros']
[5.820s] Level 1:colcon.colcon_core.package_identification:_identify(src/action_tutorials_cpp) by extension 'ros'
[5.830s] DEBUG:colcon.colcon_core.package_identification:Package 'src/action_tutorials_cpp' with type 'ros.ament_cmake' and name 'action_tutorials_cpp'
[5.831s] Level 1:colcon.colcon_core.package_identification:_identify(src/action_tutorials_interfaces) by extensions ['ignore', 'ignore_ament_install']
[5.831s] Level 1:colcon.colcon_core.package_identification:_identify(src/action_tutorials_interfaces) by extension 'ignore'
[5.831s] Level 1:colcon.colcon_core.package_identification:_identify(src/action_tutorials_interfaces) by extension 'ignore_ament_install'
[5.832s] Level 1:colcon.colcon_core.package_identification:_identify(src/action_tutorials_interfaces) by extensions ['colcon_pkg']
[5.832s] Level 1:colcon.colcon_core.package_identification:_identify(src/action_tutorials_interfaces) by extension 'colcon_pkg'
[5.832s] Level 1:colcon.colcon_core.package_identification:_identify(src/action_tutorials_interfaces) by extensions ['colcon_meta']
[5.832s] Level 1:colcon.colcon_core.package_identification:_identify(src/action_tutorials_interfaces) by extension 'colcon_meta'
[5.832s] Level 1:colcon.colcon_core.package_identification:_identify(src/action_tutorials_interfaces) by extensions ['ros']
[5.834s] Level 1:colcon.colcon_core.package_identification:_identify(src/action_tutorials_interfaces) by extension 'ros'
[5.837s] DEBUG:colcon.colcon_core.package_identification:Package 'src/action_tutorials_interfaces' with type 'ros.ament_cmake' and name 'action_tutorials_interfaces'
[5.837s] Level 1:colcon.colcon_core.package_identification:_identify(src/cpp_parameter_event_handler) by extensions ['ignore', 'ignore_ament_install']
[5.837s] Level 1:colcon.colcon_core.package_identification:_identify(src/cpp_parameter_event_handler) by extension 'ignore'
[5.837s] Level 1:colcon.colcon_core.package_identification:_identify(src/cpp_parameter_event_handler) by extension 'ignore_ament_install'
[5.838s] Level 1:colcon.colcon_core.package_identification:_identify(src/cpp_parameter_event_handler) by extensions ['colcon_pkg']
[5.838s] Level 1:colcon.colcon_core.package_identification:_identify(src/cpp_parameter_event_handler) by extension 'colcon_pkg'
[5.838s] Level 1:colcon.colcon_core.package_identification:_identify(src/cpp_parameter_event_handler) by extensions ['colcon_meta']
[5.838s] Level 1:colcon.colcon_core.package_identification:_identify(src/cpp_parameter_event_handler) by extension 'colcon_meta'
[5.838s] Level 1:colcon.colcon_core.package_identification:_identify(src/cpp_parameter_event_handler) by extensions ['ros']
[5.838s] Level 1:colcon.colcon_core.package_identification:_identify(src/cpp_parameter_event_handler) by extension 'ros'
[5.840s] DEBUG:colcon.colcon_core.package_identification:Package 'src/cpp_parameter_event_handler' with type 'ros.ament_cmake' and name 'cpp_parameter_event_handler'
[5.840s] Level 1:colcon.colcon_core.package_discovery:discover_packages(recursive) using defaults
[5.840s] Level 1:colcon.colcon_core.package_discovery:discover_packages(ignore) discover
[5.840s] Level 1:colcon.colcon_core.package_discovery:discover_packages(ignore) using defaults
[5.841s] Level 1:colcon.colcon_core.package_discovery:discover_packages(path) discover
[5.841s] Level 1:colcon.colcon_core.package_discovery:discover_packages(path) using defaults
[6.144s] INFO:colcon.colcon_core.package_selection:Skipping not selected package 'action_tutorials_interfaces' in 'src/action_tutorials_interfaces'
[6.144s] INFO:colcon.colcon_core.package_selection:Skipping not selected package 'action_tutorials_cpp' in 'src/action_tutorials_cpp'
[6.356s] Level 1:colcon.colcon_core.package_discovery:discover_packages(prefix_path) check parameters
[6.356s] Level 1:colcon.colcon_core.package_discovery:discover_packages(prefix_path) discover
[6.599s] DEBUG:colcon.colcon_installed_package_information.package_discovery:Found 3 installed packages in /home/tuantran/ros2_ws_int/install
[6.661s] DEBUG:colcon.colcon_installed_package_information.package_discovery:Found 277 installed packages in /opt/ros/humble
[6.668s] Level 1:colcon.colcon_core.package_discovery:discover_packages(prefix_path) using defaults
[7.126s] Level 5:colcon.colcon_core.verb:set package 'cpp_parameter_event_handler' build argument 'cmake_args' from command line to 'None'
[7.126s] Level 5:colcon.colcon_core.verb:set package 'cpp_parameter_event_handler' build argument 'cmake_target' from command line to 'None'
[7.127s] Level 5:colcon.colcon_core.verb:set package 'cpp_parameter_event_handler' build argument 'cmake_target_skip_unavailable' from command line to 'False'
[7.128s] Level 5:colcon.colcon_core.verb:set package 'cpp_parameter_event_handler' build argument 'cmake_clean_cache' from command line to 'False'
[7.128s] Level 5:colcon.colcon_core.verb:set package 'cpp_parameter_event_handler' build argument 'cmake_clean_first' from command line to 'False'
[7.129s] Level 5:colcon.colcon_core.verb:set package 'cpp_parameter_event_handler' build argument 'cmake_force_configure' from command line to 'False'
[7.129s] Level 5:colcon.colcon_core.verb:set package 'cpp_parameter_event_handler' build argument 'ament_cmake_args' from command line to 'None'
[7.130s] Level 5:colcon.colcon_core.verb:set package 'cpp_parameter_event_handler' build argument 'catkin_cmake_args' from command line to 'None'
[7.130s] Level 5:colcon.colcon_core.verb:set package 'cpp_parameter_event_handler' build argument 'catkin_skip_building_tests' from command line to 'False'
[7.131s] DEBUG:colcon.colcon_core.verb:Building package 'cpp_parameter_event_handler' with the following arguments: {'ament_cmake_args': None, 'build_base': '/home/tuantran/ros2_ws_int/build/cpp_parameter_event_handler', 'catkin_cmake_args': None, 'catkin_skip_building_tests': False, 'cmake_args': None, 'cmake_clean_cache': False, 'cmake_clean_first': False, 'cmake_force_configure': False, 'cmake_target': None, 'cmake_target_skip_unavailable': False, 'install_base': '/home/tuantran/ros2_ws_int/install/cpp_parameter_event_handler', 'merge_install': False, 'path': '/home/tuantran/ros2_ws_int/src/cpp_parameter_event_handler', 'symlink_install': False, 'test_result_base': None}
[7.185s] INFO:colcon.colcon_core.executor:Executing jobs using 'parallel' executor
[7.241s] DEBUG:colcon.colcon_parallel_executor.executor.parallel:run_until_complete
[7.243s] INFO:colcon.colcon_ros.task.ament_cmake.build:Building ROS package in '/home/tuantran/ros2_ws_int/src/cpp_parameter_event_handler' with build type 'ament_cmake'
[7.244s] INFO:colcon.colcon_cmake.task.cmake.build:Building CMake package in '/home/tuantran/ros2_ws_int/src/cpp_parameter_event_handler'
[7.325s] INFO:colcon.colcon_core.plugin_system:Skipping extension 'colcon_core.shell.bat': Not used on non-Windows systems
[7.326s] INFO:colcon.colcon_core.shell:Skip shell extension 'powershell' for command environment: Not usable outside of PowerShell
[7.326s] DEBUG:colcon.colcon_core.shell:Skip shell extension 'dsv' for command environment
[7.617s] DEBUG:colcon.colcon_core.event_handler.log_command:Invoking command in '/home/tuantran/ros2_ws_int/build/cpp_parameter_event_handler': CMAKE_PREFIX_PATH=${CMAKE_PREFIX_PATH}:/opt/ros/humble /usr/bin/cmake --build /home/tuantran/ros2_ws_int/build/cpp_parameter_event_handler -- -j2 -l2
[49.845s] DEBUG:colcon.colcon_core.event_handler.log_command:Invoked command in '/home/tuantran/ros2_ws_int/build/cpp_parameter_event_handler' returned '0': CMAKE_PREFIX_PATH=${CMAKE_PREFIX_PATH}:/opt/ros/humble /usr/bin/cmake --build /home/tuantran/ros2_ws_int/build/cpp_parameter_event_handler -- -j2 -l2
[50.105s] DEBUG:colcon.colcon_core.event_handler.log_command:Invoking command in '/home/tuantran/ros2_ws_int/build/cpp_parameter_event_handler': CMAKE_PREFIX_PATH=${CMAKE_PREFIX_PATH}:/opt/ros/humble /usr/bin/cmake --install /home/tuantran/ros2_ws_int/build/cpp_parameter_event_handler
[50.185s] Level 1:colcon.colcon_core.environment:create_environment_scripts_only(cpp_parameter_event_handler)
[50.212s] DEBUG:colcon.colcon_core.event_handler.log_command:Invoked command in '/home/tuantran/ros2_ws_int/build/cpp_parameter_event_handler' returned '0': CMAKE_PREFIX_PATH=${CMAKE_PREFIX_PATH}:/opt/ros/humble /usr/bin/cmake --install /home/tuantran/ros2_ws_int/build/cpp_parameter_event_handler
[50.289s] Level 1:colcon.colcon_core.environment:checking '/home/tuantran/ros2_ws_int/install/cpp_parameter_event_handler' for CMake module files
[50.292s] Level 1:colcon.colcon_core.environment:checking '/home/tuantran/ros2_ws_int/install/cpp_parameter_event_handler' for CMake config files
[50.294s] Level 1:colcon.colcon_core.shell:create_environment_hook('cpp_parameter_event_handler', 'cmake_prefix_path')
[50.373s] INFO:colcon.colcon_core.shell:Creating environment hook '/home/tuantran/ros2_ws_int/install/cpp_parameter_event_handler/share/cpp_parameter_event_handler/hook/cmake_prefix_path.ps1'
[50.376s] INFO:colcon.colcon_core.shell:Creating environment descriptor '/home/tuantran/ros2_ws_int/install/cpp_parameter_event_handler/share/cpp_parameter_event_handler/hook/cmake_prefix_path.dsv'
[50.378s] INFO:colcon.colcon_core.shell:Creating environment hook '/home/tuantran/ros2_ws_int/install/cpp_parameter_event_handler/share/cpp_parameter_event_handler/hook/cmake_prefix_path.sh'
[50.382s] Level 1:colcon.colcon_core.environment:checking '/home/tuantran/ros2_ws_int/install/cpp_parameter_event_handler/lib'
[50.383s] Level 1:colcon.colcon_core.environment:checking '/home/tuantran/ros2_ws_int/install/cpp_parameter_event_handler/bin'
[50.383s] Level 1:colcon.colcon_core.environment:checking '/home/tuantran/ros2_ws_int/install/cpp_parameter_event_handler/lib/pkgconfig/cpp_parameter_event_handler.pc'
[50.393s] Level 1:colcon.colcon_core.environment:checking '/home/tuantran/ros2_ws_int/install/cpp_parameter_event_handler/lib/python3.10/site-packages'
[50.394s] Level 1:colcon.colcon_core.environment:checking '/home/tuantran/ros2_ws_int/install/cpp_parameter_event_handler/bin'
[50.453s] INFO:colcon.colcon_core.shell:Creating package script '/home/tuantran/ros2_ws_int/install/cpp_parameter_event_handler/share/cpp_parameter_event_handler/package.ps1'
[50.469s] INFO:colcon.colcon_core.shell:Creating package descriptor '/home/tuantran/ros2_ws_int/install/cpp_parameter_event_handler/share/cpp_parameter_event_handler/package.dsv'
[50.486s] INFO:colcon.colcon_core.shell:Creating package script '/home/tuantran/ros2_ws_int/install/cpp_parameter_event_handler/share/cpp_parameter_event_handler/package.sh'
[50.491s] INFO:colcon.colcon_core.shell:Creating package script '/home/tuantran/ros2_ws_int/install/cpp_parameter_event_handler/share/cpp_parameter_event_handler/package.bash'
[50.498s] INFO:colcon.colcon_core.shell:Creating package script '/home/tuantran/ros2_ws_int/install/cpp_parameter_event_handler/share/cpp_parameter_event_handler/package.zsh'
[50.504s] Level 1:colcon.colcon_core.environment:create_file_with_runtime_dependencies(/home/tuantran/ros2_ws_int/install/cpp_parameter_event_handler/share/colcon-core/packages/cpp_parameter_event_handler)
[51.008s] Level 1:colcon.colcon_core.environment:create_environment_scripts_only(cpp_parameter_event_handler)
[51.117s] Level 1:colcon.colcon_core.environment:checking '/home/tuantran/ros2_ws_int/install/cpp_parameter_event_handler' for CMake module files
[51.119s] Level 1:colcon.colcon_core.environment:checking '/home/tuantran/ros2_ws_int/install/cpp_parameter_event_handler' for CMake config files
[51.125s] Level 1:colcon.colcon_core.shell:create_environment_hook('cpp_parameter_event_handler', 'cmake_prefix_path')
[51.260s] INFO:colcon.colcon_core.shell:Creating environment hook '/home/tuantran/ros2_ws_int/install/cpp_parameter_event_handler/share/cpp_parameter_event_handler/hook/cmake_prefix_path.ps1'
[51.279s] INFO:colcon.colcon_core.shell:Creating environment descriptor '/home/tuantran/ros2_ws_int/install/cpp_parameter_event_handler/share/cpp_parameter_event_handler/hook/cmake_prefix_path.dsv'
[51.283s] INFO:colcon.colcon_core.shell:Creating environment hook '/home/tuantran/ros2_ws_int/install/cpp_parameter_event_handler/share/cpp_parameter_event_handler/hook/cmake_prefix_path.sh'
[51.292s] Level 1:colcon.colcon_core.environment:checking '/home/tuantran/ros2_ws_int/install/cpp_parameter_event_handler/lib'
[51.293s] Level 1:colcon.colcon_core.environment:checking '/home/tuantran/ros2_ws_int/install/cpp_parameter_event_handler/bin'
[51.311s] Level 1:colcon.colcon_core.environment:checking '/home/tuantran/ros2_ws_int/install/cpp_parameter_event_handler/lib/pkgconfig/cpp_parameter_event_handler.pc'
[51.313s] Level 1:colcon.colcon_core.environment:checking '/home/tuantran/ros2_ws_int/install/cpp_parameter_event_handler/lib/python3.10/site-packages'
[51.328s] Level 1:colcon.colcon_core.environment:checking '/home/tuantran/ros2_ws_int/install/cpp_parameter_event_handler/bin'
[51.484s] INFO:colcon.colcon_core.shell:Creating package script '/home/tuantran/ros2_ws_int/install/cpp_parameter_event_handler/share/cpp_parameter_event_handler/package.ps1'
[51.487s] INFO:colcon.colcon_core.shell:Creating package descriptor '/home/tuantran/ros2_ws_int/install/cpp_parameter_event_handler/share/cpp_parameter_event_handler/package.dsv'
[51.511s] INFO:colcon.colcon_core.shell:Creating package script '/home/tuantran/ros2_ws_int/install/cpp_parameter_event_handler/share/cpp_parameter_event_handler/package.sh'
[51.516s] INFO:colcon.colcon_core.shell:Creating package script '/home/tuantran/ros2_ws_int/install/cpp_parameter_event_handler/share/cpp_parameter_event_handler/package.bash'
[51.521s] INFO:colcon.colcon_core.shell:Creating package script '/home/tuantran/ros2_ws_int/install/cpp_parameter_event_handler/share/cpp_parameter_event_handler/package.zsh'
[51.528s] Level 1:colcon.colcon_core.environment:create_file_with_runtime_dependencies(/home/tuantran/ros2_ws_int/install/cpp_parameter_event_handler/share/colcon-core/packages/cpp_parameter_event_handler)
[51.534s] DEBUG:colcon.colcon_parallel_executor.executor.parallel:closing loop
[51.536s] DEBUG:colcon.colcon_parallel_executor.executor.parallel:loop closed
[51.538s] DEBUG:colcon.colcon_parallel_executor.executor.parallel:run_until_complete finished with '0'
[51.539s] DEBUG:colcon.colcon_core.event_reactor:joining thread
[51.755s] INFO:colcon.colcon_core.plugin_system:Skipping extension 'colcon_notification.desktop_notification.terminal_notifier': Not used on non-Darwin systems
[51.756s] INFO:colcon.colcon_core.plugin_system:Skipping extension 'colcon_notification.desktop_notification.win32': Not used on non-Windows systems
[51.759s] INFO:colcon.colcon_notification.desktop_notification:Sending desktop notification using 'notify2'
[51.832s] DEBUG:colcon.colcon_core.event_reactor:joined thread
[51.951s] INFO:colcon.colcon_core.shell:Creating prefix script '/home/tuantran/ros2_ws_int/install/local_setup.ps1'
[51.973s] INFO:colcon.colcon_core.shell:Creating prefix util module '/home/tuantran/ros2_ws_int/install/_local_setup_util_ps1.py'
[51.983s] INFO:colcon.colcon_core.shell:Creating prefix chain script '/home/tuantran/ros2_ws_int/install/setup.ps1'
[52.128s] INFO:colcon.colcon_core.shell:Creating prefix script '/home/tuantran/ros2_ws_int/install/local_setup.sh'
[52.140s] INFO:colcon.colcon_core.shell:Creating prefix util module '/home/tuantran/ros2_ws_int/install/_local_setup_util_sh.py'
[52.143s] INFO:colcon.colcon_core.shell:Creating prefix chain script '/home/tuantran/ros2_ws_int/install/setup.sh'
[52.238s] INFO:colcon.colcon_core.shell:Creating prefix script '/home/tuantran/ros2_ws_int/install/local_setup.bash'
[52.241s] INFO:colcon.colcon_core.shell:Creating prefix chain script '/home/tuantran/ros2_ws_int/install/setup.bash'
[52.355s] INFO:colcon.colcon_core.shell:Creating prefix script '/home/tuantran/ros2_ws_int/install/local_setup.zsh'
[52.358s] INFO:colcon.colcon_core.shell:Creating prefix chain script '/home/tuantran/ros2_ws_int/install/setup.zsh'
