[4.475s] DEBUG:colcon:Command line arguments: ['/usr/bin/colcon', 'build']
[4.476s] DEBUG:colcon:Parsed command line arguments: Namespace(log_base=None, log_level=None, verb_name='build', build_base='build', install_base='install', merge_install=False, symlink_install=False, test_result_base=None, continue_on_error=False, executor='parallel', parallel_workers=2, event_handlers=None, ignore_user_meta=False, metas=['./colcon.meta'], base_paths=['.'], packages_ignore=None, packages_ignore_regex=None, paths=None, packages_up_to=None, packages_up_to_regex=None, packages_above=None, packages_above_and_dependencies=None, packages_above_depth=None, packages_select_by_dep=None, packages_skip_by_dep=None, packages_skip_up_to=None, packages_select_build_failed=False, packages_skip_build_finished=False, packages_select_test_failures=False, packages_skip_test_passed=False, packages_select=None, packages_skip=None, packages_select_regex=None, packages_skip_regex=None, packages_start=None, packages_end=None, allow_overriding=[], cmake_args=None, cmake_target=None, cmake_target_skip_unavailable=False, cmake_clean_cache=False, cmake_clean_first=False, cmake_force_configure=False, ament_cmake_args=None, catkin_cmake_args=None, catkin_skip_building_tests=False, verb_parser=<colcon_defaults.argument_parser.defaults.DefaultArgumentsDecorator object at 0x7f724f66b430>, verb_extension=<colcon_core.verb.build.BuildVerb object at 0x7f724f6063e0>, main=<bound method BuildVerb.main of <colcon_core.verb.build.BuildVerb object at 0x7f724f6063e0>>)
[4.802s] Level 1:colcon.colcon_core.package_discovery:discover_packages(colcon_meta) check parameters
[4.810s] Level 1:colcon.colcon_core.package_discovery:discover_packages(recursive) check parameters
[4.810s] Level 1:colcon.colcon_core.package_discovery:discover_packages(ignore) check parameters
[4.810s] Level 1:colcon.colcon_core.package_discovery:discover_packages(path) check parameters
[4.810s] Level 1:colcon.colcon_core.package_discovery:discover_packages(colcon_meta) discover
[4.810s] Level 1:colcon.colcon_core.package_discovery:discover_packages(recursive) discover
[4.811s] INFO:colcon.colcon_core.package_discovery:Crawling recursively for packages in '/home/tuantran/ros2_ws_int'
[4.811s] Level 1:colcon.colcon_core.package_identification:_identify(.) by extensions ['ignore', 'ignore_ament_install']
[4.811s] Level 1:colcon.colcon_core.package_identification:_identify(.) by extension 'ignore'
[4.811s] Level 1:colcon.colcon_core.package_identification:_identify(.) by extension 'ignore_ament_install'
[4.812s] Level 1:colcon.colcon_core.package_identification:_identify(.) by extensions ['colcon_pkg']
[4.812s] Level 1:colcon.colcon_core.package_identification:_identify(.) by extension 'colcon_pkg'
[4.812s] Level 1:colcon.colcon_core.package_identification:_identify(.) by extensions ['colcon_meta']
[4.812s] Level 1:colcon.colcon_core.package_identification:_identify(.) by extension 'colcon_meta'
[4.812s] Level 1:colcon.colcon_core.package_identification:_identify(.) by extensions ['ros']
[4.812s] Level 1:colcon.colcon_core.package_identification:_identify(.) by extension 'ros'
[4.899s] Level 1:colcon.colcon_core.package_identification:_identify(.) by extensions ['cmake', 'python']
[4.899s] Level 1:colcon.colcon_core.package_identification:_identify(.) by extension 'cmake'
[4.899s] Level 1:colcon.colcon_core.package_identification:_identify(.) by extension 'python'
[4.900s] Level 1:colcon.colcon_core.package_identification:_identify(.) by extensions ['python_setup_py']
[4.900s] Level 1:colcon.colcon_core.package_identification:_identify(.) by extension 'python_setup_py'
[4.900s] Level 1:colcon.colcon_core.package_identification:_identify(build) by extensions ['ignore', 'ignore_ament_install']
[4.900s] Level 1:colcon.colcon_core.package_identification:_identify(build) by extension 'ignore'
[4.900s] Level 1:colcon.colcon_core.package_identification:_identify(build) ignored
[4.901s] Level 1:colcon.colcon_core.package_identification:_identify(install) by extensions ['ignore', 'ignore_ament_install']
[4.901s] Level 1:colcon.colcon_core.package_identification:_identify(install) by extension 'ignore'
[4.901s] Level 1:colcon.colcon_core.package_identification:_identify(install) ignored
[4.901s] Level 1:colcon.colcon_core.package_identification:_identify(log) by extensions ['ignore', 'ignore_ament_install']
[4.902s] Level 1:colcon.colcon_core.package_identification:_identify(log) by extension 'ignore'
[4.902s] Level 1:colcon.colcon_core.package_identification:_identify(log) ignored
[4.902s] Level 1:colcon.colcon_core.package_identification:_identify(src) by extensions ['ignore', 'ignore_ament_install']
[4.902s] Level 1:colcon.colcon_core.package_identification:_identify(src) by extension 'ignore'
[4.904s] Level 1:colcon.colcon_core.package_identification:_identify(src) by extension 'ignore_ament_install'
[4.904s] Level 1:colcon.colcon_core.package_identification:_identify(src) by extensions ['colcon_pkg']
[4.904s] Level 1:colcon.colcon_core.package_identification:_identify(src) by extension 'colcon_pkg'
[4.904s] Level 1:colcon.colcon_core.package_identification:_identify(src) by extensions ['colcon_meta']
[4.904s] Level 1:colcon.colcon_core.package_identification:_identify(src) by extension 'colcon_meta'
[4.905s] Level 1:colcon.colcon_core.package_identification:_identify(src) by extensions ['ros']
[4.905s] Level 1:colcon.colcon_core.package_identification:_identify(src) by extension 'ros'
[4.905s] Level 1:colcon.colcon_core.package_identification:_identify(src) by extensions ['cmake', 'python']
[4.905s] Level 1:colcon.colcon_core.package_identification:_identify(src) by extension 'cmake'
[4.905s] Level 1:colcon.colcon_core.package_identification:_identify(src) by extension 'python'
[4.906s] Level 1:colcon.colcon_core.package_identification:_identify(src) by extensions ['python_setup_py']
[4.906s] Level 1:colcon.colcon_core.package_identification:_identify(src) by extension 'python_setup_py'
[4.906s] Level 1:colcon.colcon_core.package_identification:_identify(src/action_tutorials_cpp) by extensions ['ignore', 'ignore_ament_install']
[4.907s] Level 1:colcon.colcon_core.package_identification:_identify(src/action_tutorials_cpp) by extension 'ignore'
[4.907s] Level 1:colcon.colcon_core.package_identification:_identify(src/action_tutorials_cpp) by extension 'ignore_ament_install'
[4.908s] Level 1:colcon.colcon_core.package_identification:_identify(src/action_tutorials_cpp) by extensions ['colcon_pkg']
[4.908s] Level 1:colcon.colcon_core.package_identification:_identify(src/action_tutorials_cpp) by extension 'colcon_pkg'
[4.908s] Level 1:colcon.colcon_core.package_identification:_identify(src/action_tutorials_cpp) by extensions ['colcon_meta']
[4.908s] Level 1:colcon.colcon_core.package_identification:_identify(src/action_tutorials_cpp) by extension 'colcon_meta'
[4.908s] Level 1:colcon.colcon_core.package_identification:_identify(src/action_tutorials_cpp) by extensions ['ros']
[4.908s] Level 1:colcon.colcon_core.package_identification:_identify(src/action_tutorials_cpp) by extension 'ros'
[4.922s] DEBUG:colcon.colcon_core.package_identification:Package 'src/action_tutorials_cpp' with type 'ros.ament_cmake' and name 'action_tutorials_cpp'
[4.923s] Level 1:colcon.colcon_core.package_identification:_identify(src/action_tutorials_interfaces) by extensions ['ignore', 'ignore_ament_install']
[4.924s] Level 1:colcon.colcon_core.package_identification:_identify(src/action_tutorials_interfaces) by extension 'ignore'
[4.924s] Level 1:colcon.colcon_core.package_identification:_identify(src/action_tutorials_interfaces) by extension 'ignore_ament_install'
[4.925s] Level 1:colcon.colcon_core.package_identification:_identify(src/action_tutorials_interfaces) by extensions ['colcon_pkg']
[4.925s] Level 1:colcon.colcon_core.package_identification:_identify(src/action_tutorials_interfaces) by extension 'colcon_pkg'
[4.925s] Level 1:colcon.colcon_core.package_identification:_identify(src/action_tutorials_interfaces) by extensions ['colcon_meta']
[4.925s] Level 1:colcon.colcon_core.package_identification:_identify(src/action_tutorials_interfaces) by extension 'colcon_meta'
[4.927s] Level 1:colcon.colcon_core.package_identification:_identify(src/action_tutorials_interfaces) by extensions ['ros']
[4.928s] Level 1:colcon.colcon_core.package_identification:_identify(src/action_tutorials_interfaces) by extension 'ros'
[4.932s] DEBUG:colcon.colcon_core.package_identification:Package 'src/action_tutorials_interfaces' with type 'ros.ament_cmake' and name 'action_tutorials_interfaces'
[4.932s] Level 1:colcon.colcon_core.package_discovery:discover_packages(recursive) using defaults
[4.932s] Level 1:colcon.colcon_core.package_discovery:discover_packages(ignore) discover
[4.933s] Level 1:colcon.colcon_core.package_discovery:discover_packages(ignore) using defaults
[4.933s] Level 1:colcon.colcon_core.package_discovery:discover_packages(path) discover
[4.933s] Level 1:colcon.colcon_core.package_discovery:discover_packages(path) using defaults
[6.121s] Level 1:colcon.colcon_core.package_discovery:discover_packages(prefix_path) check parameters
[6.121s] Level 1:colcon.colcon_core.package_discovery:discover_packages(prefix_path) discover
[6.335s] WARNING:colcon.colcon_ros.prefix_path.ament:The path '/home/tuantran/ros2_ws/install/cpp_pubsub' in the environment variable AMENT_PREFIX_PATH doesn't exist
[6.337s] WARNING:colcon.colcon_ros.prefix_path.ament:The path '/home/tuantran/ros2_ws/install/tutorial_interfaces' in the environment variable AMENT_PREFIX_PATH doesn't exist
[6.337s] WARNING:colcon.colcon_ros.prefix_path.ament:The path '/home/tuantran/ros2_ws/install/turtlesim' in the environment variable AMENT_PREFIX_PATH doesn't exist
[6.338s] WARNING:colcon.colcon_ros.prefix_path.ament:The path '/home/tuantran/ros2_ws/install/my_package' in the environment variable AMENT_PREFIX_PATH doesn't exist
[6.339s] WARNING:colcon.colcon_ros.prefix_path.ament:The path '/home/tuantran/ros2_ws/install/launch_testing_examples' in the environment variable AMENT_PREFIX_PATH doesn't exist
[6.339s] WARNING:colcon.colcon_ros.prefix_path.ament:The path '/home/tuantran/ros2_ws/install/examples_rclpy_pointcloud_publisher' in the environment variable AMENT_PREFIX_PATH doesn't exist
[6.341s] WARNING:colcon.colcon_ros.prefix_path.ament:The path '/home/tuantran/ros2_ws/install/examples_rclpy_minimal_subscriber' in the environment variable AMENT_PREFIX_PATH doesn't exist
[6.341s] WARNING:colcon.colcon_ros.prefix_path.ament:The path '/home/tuantran/ros2_ws/install/examples_rclpy_minimal_service' in the environment variable AMENT_PREFIX_PATH doesn't exist
[6.341s] WARNING:colcon.colcon_ros.prefix_path.ament:The path '/home/tuantran/ros2_ws/install/examples_rclpy_minimal_publisher' in the environment variable AMENT_PREFIX_PATH doesn't exist
[6.342s] WARNING:colcon.colcon_ros.prefix_path.ament:The path '/home/tuantran/ros2_ws/install/examples_rclpy_minimal_client' in the environment variable AMENT_PREFIX_PATH doesn't exist
[6.342s] WARNING:colcon.colcon_ros.prefix_path.ament:The path '/home/tuantran/ros2_ws/install/examples_rclpy_minimal_action_server' in the environment variable AMENT_PREFIX_PATH doesn't exist
[6.345s] WARNING:colcon.colcon_ros.prefix_path.ament:The path '/home/tuantran/ros2_ws/install/examples_rclpy_minimal_action_client' in the environment variable AMENT_PREFIX_PATH doesn't exist
[6.350s] WARNING:colcon.colcon_ros.prefix_path.ament:The path '/home/tuantran/ros2_ws/install/examples_rclpy_guard_conditions' in the environment variable AMENT_PREFIX_PATH doesn't exist
[6.351s] WARNING:colcon.colcon_ros.prefix_path.ament:The path '/home/tuantran/ros2_ws/install/examples_rclpy_executors' in the environment variable AMENT_PREFIX_PATH doesn't exist
[6.351s] WARNING:colcon.colcon_ros.prefix_path.ament:The path '/home/tuantran/ros2_ws/install/examples_rclcpp_wait_set' in the environment variable AMENT_PREFIX_PATH doesn't exist
[6.351s] WARNING:colcon.colcon_ros.prefix_path.ament:The path '/home/tuantran/ros2_ws/install/examples_rclcpp_multithreaded_executor' in the environment variable AMENT_PREFIX_PATH doesn't exist
[6.351s] WARNING:colcon.colcon_ros.prefix_path.ament:The path '/home/tuantran/ros2_ws/install/examples_rclcpp_minimal_timer' in the environment variable AMENT_PREFIX_PATH doesn't exist
[6.351s] WARNING:colcon.colcon_ros.prefix_path.ament:The path '/home/tuantran/ros2_ws/install/examples_rclcpp_minimal_subscriber' in the environment variable AMENT_PREFIX_PATH doesn't exist
[6.351s] WARNING:colcon.colcon_ros.prefix_path.ament:The path '/home/tuantran/ros2_ws/install/examples_rclcpp_minimal_service' in the environment variable AMENT_PREFIX_PATH doesn't exist
[6.351s] WARNING:colcon.colcon_ros.prefix_path.ament:The path '/home/tuantran/ros2_ws/install/examples_rclcpp_minimal_publisher' in the environment variable AMENT_PREFIX_PATH doesn't exist
[6.352s] WARNING:colcon.colcon_ros.prefix_path.ament:The path '/home/tuantran/ros2_ws/install/examples_rclcpp_minimal_composition' in the environment variable AMENT_PREFIX_PATH doesn't exist
[6.352s] WARNING:colcon.colcon_ros.prefix_path.ament:The path '/home/tuantran/ros2_ws/install/examples_rclcpp_minimal_client' in the environment variable AMENT_PREFIX_PATH doesn't exist
[6.352s] WARNING:colcon.colcon_ros.prefix_path.ament:The path '/home/tuantran/ros2_ws/install/examples_rclcpp_minimal_action_server' in the environment variable AMENT_PREFIX_PATH doesn't exist
[6.352s] WARNING:colcon.colcon_ros.prefix_path.ament:The path '/home/tuantran/ros2_ws/install/examples_rclcpp_minimal_action_client' in the environment variable AMENT_PREFIX_PATH doesn't exist
[6.352s] WARNING:colcon.colcon_ros.prefix_path.ament:The path '/home/tuantran/ros2_ws/install/examples_rclcpp_cbg_executor' in the environment variable AMENT_PREFIX_PATH doesn't exist
[6.352s] WARNING:colcon.colcon_ros.prefix_path.ament:The path '/home/tuantran/ros2_ws/install/examples_rclcpp_async_client' in the environment variable AMENT_PREFIX_PATH doesn't exist
[6.367s] WARNING:colcon.colcon_ros.prefix_path.catkin:The path '/home/tuantran/ros2_ws/install/cpp_pubsub' in the environment variable CMAKE_PREFIX_PATH doesn't exist
[6.367s] WARNING:colcon.colcon_ros.prefix_path.catkin:The path '/home/tuantran/ros2_ws/install/tutorial_interfaces' in the environment variable CMAKE_PREFIX_PATH doesn't exist
[6.367s] WARNING:colcon.colcon_ros.prefix_path.catkin:The path '/home/tuantran/ros2_ws/install/turtlesim' in the environment variable CMAKE_PREFIX_PATH doesn't exist
[6.368s] WARNING:colcon.colcon_ros.prefix_path.catkin:The path '/home/tuantran/ros2_ws/install/my_package' in the environment variable CMAKE_PREFIX_PATH doesn't exist
[6.368s] WARNING:colcon.colcon_ros.prefix_path.catkin:The path '/home/tuantran/ros2_ws/install/examples_rclcpp_wait_set' in the environment variable CMAKE_PREFIX_PATH doesn't exist
[6.368s] WARNING:colcon.colcon_ros.prefix_path.catkin:The path '/home/tuantran/ros2_ws/install/examples_rclcpp_multithreaded_executor' in the environment variable CMAKE_PREFIX_PATH doesn't exist
[6.368s] WARNING:colcon.colcon_ros.prefix_path.catkin:The path '/home/tuantran/ros2_ws/install/examples_rclcpp_minimal_timer' in the environment variable CMAKE_PREFIX_PATH doesn't exist
[6.368s] WARNING:colcon.colcon_ros.prefix_path.catkin:The path '/home/tuantran/ros2_ws/install/examples_rclcpp_minimal_subscriber' in the environment variable CMAKE_PREFIX_PATH doesn't exist
[6.371s] WARNING:colcon.colcon_ros.prefix_path.catkin:The path '/home/tuantran/ros2_ws/install/examples_rclcpp_minimal_service' in the environment variable CMAKE_PREFIX_PATH doesn't exist
[6.371s] WARNING:colcon.colcon_ros.prefix_path.catkin:The path '/home/tuantran/ros2_ws/install/examples_rclcpp_minimal_publisher' in the environment variable CMAKE_PREFIX_PATH doesn't exist
[6.372s] WARNING:colcon.colcon_ros.prefix_path.catkin:The path '/home/tuantran/ros2_ws/install/examples_rclcpp_minimal_composition' in the environment variable CMAKE_PREFIX_PATH doesn't exist
[6.372s] WARNING:colcon.colcon_ros.prefix_path.catkin:The path '/home/tuantran/ros2_ws/install/examples_rclcpp_minimal_client' in the environment variable CMAKE_PREFIX_PATH doesn't exist
[6.377s] WARNING:colcon.colcon_ros.prefix_path.catkin:The path '/home/tuantran/ros2_ws/install/examples_rclcpp_minimal_action_server' in the environment variable CMAKE_PREFIX_PATH doesn't exist
[6.377s] WARNING:colcon.colcon_ros.prefix_path.catkin:The path '/home/tuantran/ros2_ws/install/examples_rclcpp_minimal_action_client' in the environment variable CMAKE_PREFIX_PATH doesn't exist
[6.378s] WARNING:colcon.colcon_ros.prefix_path.catkin:The path '/home/tuantran/ros2_ws/install/examples_rclcpp_cbg_executor' in the environment variable CMAKE_PREFIX_PATH doesn't exist
[6.378s] WARNING:colcon.colcon_ros.prefix_path.catkin:The path '/home/tuantran/ros2_ws/install/examples_rclcpp_async_client' in the environment variable CMAKE_PREFIX_PATH doesn't exist
[6.587s] DEBUG:colcon.colcon_installed_package_information.package_discovery:Found 1 installed packages in /home/tuantran/ros2_ws_int/install
[6.802s] DEBUG:colcon.colcon_installed_package_information.package_discovery:Found 4 installed packages in /home/tuantran/ros2_ws/install
[6.962s] DEBUG:colcon.colcon_installed_package_information.package_discovery:Found 277 installed packages in /opt/ros/humble
[6.970s] Level 1:colcon.colcon_core.package_discovery:discover_packages(prefix_path) using defaults
[8.205s] Level 5:colcon.colcon_core.verb:set package 'action_tutorials_interfaces' build argument 'cmake_args' from command line to 'None'
[8.205s] Level 5:colcon.colcon_core.verb:set package 'action_tutorials_interfaces' build argument 'cmake_target' from command line to 'None'
[8.206s] Level 5:colcon.colcon_core.verb:set package 'action_tutorials_interfaces' build argument 'cmake_target_skip_unavailable' from command line to 'False'
[8.206s] Level 5:colcon.colcon_core.verb:set package 'action_tutorials_interfaces' build argument 'cmake_clean_cache' from command line to 'False'
[8.206s] Level 5:colcon.colcon_core.verb:set package 'action_tutorials_interfaces' build argument 'cmake_clean_first' from command line to 'False'
[8.206s] Level 5:colcon.colcon_core.verb:set package 'action_tutorials_interfaces' build argument 'cmake_force_configure' from command line to 'False'
[8.206s] Level 5:colcon.colcon_core.verb:set package 'action_tutorials_interfaces' build argument 'ament_cmake_args' from command line to 'None'
[8.206s] Level 5:colcon.colcon_core.verb:set package 'action_tutorials_interfaces' build argument 'catkin_cmake_args' from command line to 'None'
[8.206s] Level 5:colcon.colcon_core.verb:set package 'action_tutorials_interfaces' build argument 'catkin_skip_building_tests' from command line to 'False'
[8.206s] DEBUG:colcon.colcon_core.verb:Building package 'action_tutorials_interfaces' with the following arguments: {'ament_cmake_args': None, 'build_base': '/home/tuantran/ros2_ws_int/build/action_tutorials_interfaces', 'catkin_cmake_args': None, 'catkin_skip_building_tests': False, 'cmake_args': None, 'cmake_clean_cache': False, 'cmake_clean_first': False, 'cmake_force_configure': False, 'cmake_target': None, 'cmake_target_skip_unavailable': False, 'install_base': '/home/tuantran/ros2_ws_int/install/action_tutorials_interfaces', 'merge_install': False, 'path': '/home/tuantran/ros2_ws_int/src/action_tutorials_interfaces', 'symlink_install': False, 'test_result_base': None}
[8.286s] Level 5:colcon.colcon_core.verb:set package 'action_tutorials_cpp' build argument 'cmake_args' from command line to 'None'
[8.286s] Level 5:colcon.colcon_core.verb:set package 'action_tutorials_cpp' build argument 'cmake_target' from command line to 'None'
[8.287s] Level 5:colcon.colcon_core.verb:set package 'action_tutorials_cpp' build argument 'cmake_target_skip_unavailable' from command line to 'False'
[8.287s] Level 5:colcon.colcon_core.verb:set package 'action_tutorials_cpp' build argument 'cmake_clean_cache' from command line to 'False'
[8.287s] Level 5:colcon.colcon_core.verb:set package 'action_tutorials_cpp' build argument 'cmake_clean_first' from command line to 'False'
[8.287s] Level 5:colcon.colcon_core.verb:set package 'action_tutorials_cpp' build argument 'cmake_force_configure' from command line to 'False'
[8.287s] Level 5:colcon.colcon_core.verb:set package 'action_tutorials_cpp' build argument 'ament_cmake_args' from command line to 'None'
[8.287s] Level 5:colcon.colcon_core.verb:set package 'action_tutorials_cpp' build argument 'catkin_cmake_args' from command line to 'None'
[8.287s] Level 5:colcon.colcon_core.verb:set package 'action_tutorials_cpp' build argument 'catkin_skip_building_tests' from command line to 'False'
[8.288s] DEBUG:colcon.colcon_core.verb:Building package 'action_tutorials_cpp' with the following arguments: {'ament_cmake_args': None, 'build_base': '/home/tuantran/ros2_ws_int/build/action_tutorials_cpp', 'catkin_cmake_args': None, 'catkin_skip_building_tests': False, 'cmake_args': None, 'cmake_clean_cache': False, 'cmake_clean_first': False, 'cmake_force_configure': False, 'cmake_target': None, 'cmake_target_skip_unavailable': False, 'install_base': '/home/tuantran/ros2_ws_int/install/action_tutorials_cpp', 'merge_install': False, 'path': '/home/tuantran/ros2_ws_int/src/action_tutorials_cpp', 'symlink_install': False, 'test_result_base': None}
[8.378s] INFO:colcon.colcon_core.executor:Executing jobs using 'parallel' executor
[8.542s] DEBUG:colcon.colcon_parallel_executor.executor.parallel:run_until_complete
[8.542s] INFO:colcon.colcon_ros.task.ament_cmake.build:Building ROS package in '/home/tuantran/ros2_ws_int/src/action_tutorials_interfaces' with build type 'ament_cmake'
[8.543s] INFO:colcon.colcon_cmake.task.cmake.build:Building CMake package in '/home/tuantran/ros2_ws_int/src/action_tutorials_interfaces'
[8.845s] INFO:colcon.colcon_core.plugin_system:Skipping extension 'colcon_core.shell.bat': Not used on non-Windows systems
[8.849s] INFO:colcon.colcon_core.shell:Skip shell extension 'powershell' for command environment: Not usable outside of PowerShell
[8.850s] DEBUG:colcon.colcon_core.shell:Skip shell extension 'dsv' for command environment
[9.517s] DEBUG:colcon.colcon_core.event_handler.log_command:Invoking command in '/home/tuantran/ros2_ws_int/build/action_tutorials_interfaces': CMAKE_PREFIX_PATH=${CMAKE_PREFIX_PATH}:/home/tuantran/ros2_ws/install/launch_testing_examples:/home/tuantran/ros2_ws/install/examples_rclpy_pointcloud_publisher:/home/tuantran/ros2_ws/install/examples_rclpy_minimal_subscriber:/home/tuantran/ros2_ws/install/examples_rclpy_minimal_service:/home/tuantran/ros2_ws/install/examples_rclpy_minimal_publisher:/home/tuantran/ros2_ws/install/examples_rclpy_minimal_client:/home/tuantran/ros2_ws/install/examples_rclpy_minimal_action_server:/home/tuantran/ros2_ws/install/examples_rclpy_minimal_action_client:/home/tuantran/ros2_ws/install/examples_rclpy_guard_conditions:/home/tuantran/ros2_ws/install/examples_rclpy_executors:/opt/ros/humble /usr/bin/cmake --build /home/tuantran/ros2_ws_int/build/action_tutorials_interfaces -- -j2 -l2
[23.176s] DEBUG:colcon.colcon_core.event_handler.log_command:Invoked command in '/home/tuantran/ros2_ws_int/build/action_tutorials_interfaces' returned '0': CMAKE_PREFIX_PATH=${CMAKE_PREFIX_PATH}:/home/tuantran/ros2_ws/install/launch_testing_examples:/home/tuantran/ros2_ws/install/examples_rclpy_pointcloud_publisher:/home/tuantran/ros2_ws/install/examples_rclpy_minimal_subscriber:/home/tuantran/ros2_ws/install/examples_rclpy_minimal_service:/home/tuantran/ros2_ws/install/examples_rclpy_minimal_publisher:/home/tuantran/ros2_ws/install/examples_rclpy_minimal_client:/home/tuantran/ros2_ws/install/examples_rclpy_minimal_action_server:/home/tuantran/ros2_ws/install/examples_rclpy_minimal_action_client:/home/tuantran/ros2_ws/install/examples_rclpy_guard_conditions:/home/tuantran/ros2_ws/install/examples_rclpy_executors:/opt/ros/humble /usr/bin/cmake --build /home/tuantran/ros2_ws_int/build/action_tutorials_interfaces -- -j2 -l2
[23.526s] DEBUG:colcon.colcon_core.event_handler.log_command:Invoking command in '/home/tuantran/ros2_ws_int/build/action_tutorials_interfaces': CMAKE_PREFIX_PATH=${CMAKE_PREFIX_PATH}:/home/tuantran/ros2_ws/install/launch_testing_examples:/home/tuantran/ros2_ws/install/examples_rclpy_pointcloud_publisher:/home/tuantran/ros2_ws/install/examples_rclpy_minimal_subscriber:/home/tuantran/ros2_ws/install/examples_rclpy_minimal_service:/home/tuantran/ros2_ws/install/examples_rclpy_minimal_publisher:/home/tuantran/ros2_ws/install/examples_rclpy_minimal_client:/home/tuantran/ros2_ws/install/examples_rclpy_minimal_action_server:/home/tuantran/ros2_ws/install/examples_rclpy_minimal_action_client:/home/tuantran/ros2_ws/install/examples_rclpy_guard_conditions:/home/tuantran/ros2_ws/install/examples_rclpy_executors:/opt/ros/humble /usr/bin/cmake --install /home/tuantran/ros2_ws_int/build/action_tutorials_interfaces
[23.866s] Level 1:colcon.colcon_core.environment:create_environment_scripts_only(action_tutorials_interfaces)
[23.874s] DEBUG:colcon.colcon_core.event_handler.log_command:Invoked command in '/home/tuantran/ros2_ws_int/build/action_tutorials_interfaces' returned '0': CMAKE_PREFIX_PATH=${CMAKE_PREFIX_PATH}:/home/tuantran/ros2_ws/install/launch_testing_examples:/home/tuantran/ros2_ws/install/examples_rclpy_pointcloud_publisher:/home/tuantran/ros2_ws/install/examples_rclpy_minimal_subscriber:/home/tuantran/ros2_ws/install/examples_rclpy_minimal_service:/home/tuantran/ros2_ws/install/examples_rclpy_minimal_publisher:/home/tuantran/ros2_ws/install/examples_rclpy_minimal_client:/home/tuantran/ros2_ws/install/examples_rclpy_minimal_action_server:/home/tuantran/ros2_ws/install/examples_rclpy_minimal_action_client:/home/tuantran/ros2_ws/install/examples_rclpy_guard_conditions:/home/tuantran/ros2_ws/install/examples_rclpy_executors:/opt/ros/humble /usr/bin/cmake --install /home/tuantran/ros2_ws_int/build/action_tutorials_interfaces
[23.936s] Level 1:colcon.colcon_core.environment:checking '/home/tuantran/ros2_ws_int/install/action_tutorials_interfaces' for CMake module files
[23.944s] Level 1:colcon.colcon_core.environment:checking '/home/tuantran/ros2_ws_int/install/action_tutorials_interfaces' for CMake config files
[23.947s] Level 1:colcon.colcon_core.shell:create_environment_hook('action_tutorials_interfaces', 'cmake_prefix_path')
[24.014s] INFO:colcon.colcon_core.shell:Creating environment hook '/home/tuantran/ros2_ws_int/install/action_tutorials_interfaces/share/action_tutorials_interfaces/hook/cmake_prefix_path.ps1'
[24.018s] INFO:colcon.colcon_core.shell:Creating environment descriptor '/home/tuantran/ros2_ws_int/install/action_tutorials_interfaces/share/action_tutorials_interfaces/hook/cmake_prefix_path.dsv'
[24.019s] INFO:colcon.colcon_core.shell:Creating environment hook '/home/tuantran/ros2_ws_int/install/action_tutorials_interfaces/share/action_tutorials_interfaces/hook/cmake_prefix_path.sh'
[24.022s] Level 1:colcon.colcon_core.environment:checking '/home/tuantran/ros2_ws_int/install/action_tutorials_interfaces/lib'
[24.023s] Level 1:colcon.colcon_core.shell:create_environment_hook('action_tutorials_interfaces', 'ld_library_path_lib')
[24.091s] INFO:colcon.colcon_core.shell:Creating environment hook '/home/tuantran/ros2_ws_int/install/action_tutorials_interfaces/share/action_tutorials_interfaces/hook/ld_library_path_lib.ps1'
[24.092s] INFO:colcon.colcon_core.shell:Creating environment descriptor '/home/tuantran/ros2_ws_int/install/action_tutorials_interfaces/share/action_tutorials_interfaces/hook/ld_library_path_lib.dsv'
[24.094s] INFO:colcon.colcon_core.shell:Creating environment hook '/home/tuantran/ros2_ws_int/install/action_tutorials_interfaces/share/action_tutorials_interfaces/hook/ld_library_path_lib.sh'
[24.095s] Level 1:colcon.colcon_core.environment:checking '/home/tuantran/ros2_ws_int/install/action_tutorials_interfaces/bin'
[24.095s] Level 1:colcon.colcon_core.environment:checking '/home/tuantran/ros2_ws_int/install/action_tutorials_interfaces/lib/pkgconfig/action_tutorials_interfaces.pc'
[24.102s] Level 1:colcon.colcon_core.environment:checking '/home/tuantran/ros2_ws_int/install/action_tutorials_interfaces/lib/python3.10/site-packages'
[24.104s] Level 1:colcon.colcon_core.environment:checking '/home/tuantran/ros2_ws_int/install/action_tutorials_interfaces/bin'
[24.161s] INFO:colcon.colcon_core.shell:Creating package script '/home/tuantran/ros2_ws_int/install/action_tutorials_interfaces/share/action_tutorials_interfaces/package.ps1'
[24.164s] INFO:colcon.colcon_core.shell:Creating package descriptor '/home/tuantran/ros2_ws_int/install/action_tutorials_interfaces/share/action_tutorials_interfaces/package.dsv'
[24.166s] INFO:colcon.colcon_core.shell:Creating package script '/home/tuantran/ros2_ws_int/install/action_tutorials_interfaces/share/action_tutorials_interfaces/package.sh'
[24.168s] INFO:colcon.colcon_core.shell:Creating package script '/home/tuantran/ros2_ws_int/install/action_tutorials_interfaces/share/action_tutorials_interfaces/package.bash'
[24.171s] INFO:colcon.colcon_core.shell:Creating package script '/home/tuantran/ros2_ws_int/install/action_tutorials_interfaces/share/action_tutorials_interfaces/package.zsh'
[24.173s] Level 1:colcon.colcon_core.environment:create_file_with_runtime_dependencies(/home/tuantran/ros2_ws_int/install/action_tutorials_interfaces/share/colcon-core/packages/action_tutorials_interfaces)
[24.574s] Level 1:colcon.colcon_core.environment:create_environment_scripts_only(action_tutorials_interfaces)
[24.639s] Level 1:colcon.colcon_core.environment:checking '/home/tuantran/ros2_ws_int/install/action_tutorials_interfaces' for CMake module files
[24.643s] Level 1:colcon.colcon_core.environment:checking '/home/tuantran/ros2_ws_int/install/action_tutorials_interfaces' for CMake config files
[24.648s] Level 1:colcon.colcon_core.shell:create_environment_hook('action_tutorials_interfaces', 'cmake_prefix_path')
[24.709s] INFO:colcon.colcon_core.shell:Creating environment hook '/home/tuantran/ros2_ws_int/install/action_tutorials_interfaces/share/action_tutorials_interfaces/hook/cmake_prefix_path.ps1'
[24.711s] INFO:colcon.colcon_core.shell:Creating environment descriptor '/home/tuantran/ros2_ws_int/install/action_tutorials_interfaces/share/action_tutorials_interfaces/hook/cmake_prefix_path.dsv'
[24.713s] INFO:colcon.colcon_core.shell:Creating environment hook '/home/tuantran/ros2_ws_int/install/action_tutorials_interfaces/share/action_tutorials_interfaces/hook/cmake_prefix_path.sh'
[24.716s] Level 1:colcon.colcon_core.environment:checking '/home/tuantran/ros2_ws_int/install/action_tutorials_interfaces/lib'
[24.717s] Level 1:colcon.colcon_core.shell:create_environment_hook('action_tutorials_interfaces', 'ld_library_path_lib')
[24.784s] INFO:colcon.colcon_core.shell:Creating environment hook '/home/tuantran/ros2_ws_int/install/action_tutorials_interfaces/share/action_tutorials_interfaces/hook/ld_library_path_lib.ps1'
[24.787s] INFO:colcon.colcon_core.shell:Creating environment descriptor '/home/tuantran/ros2_ws_int/install/action_tutorials_interfaces/share/action_tutorials_interfaces/hook/ld_library_path_lib.dsv'
[24.789s] INFO:colcon.colcon_core.shell:Creating environment hook '/home/tuantran/ros2_ws_int/install/action_tutorials_interfaces/share/action_tutorials_interfaces/hook/ld_library_path_lib.sh'
[24.791s] Level 1:colcon.colcon_core.environment:checking '/home/tuantran/ros2_ws_int/install/action_tutorials_interfaces/bin'
[24.792s] Level 1:colcon.colcon_core.environment:checking '/home/tuantran/ros2_ws_int/install/action_tutorials_interfaces/lib/pkgconfig/action_tutorials_interfaces.pc'
[24.794s] Level 1:colcon.colcon_core.environment:checking '/home/tuantran/ros2_ws_int/install/action_tutorials_interfaces/lib/python3.10/site-packages'
[24.795s] Level 1:colcon.colcon_core.environment:checking '/home/tuantran/ros2_ws_int/install/action_tutorials_interfaces/bin'
[24.882s] INFO:colcon.colcon_core.shell:Creating package script '/home/tuantran/ros2_ws_int/install/action_tutorials_interfaces/share/action_tutorials_interfaces/package.ps1'
[24.884s] INFO:colcon.colcon_core.shell:Creating package descriptor '/home/tuantran/ros2_ws_int/install/action_tutorials_interfaces/share/action_tutorials_interfaces/package.dsv'
[24.887s] INFO:colcon.colcon_core.shell:Creating package script '/home/tuantran/ros2_ws_int/install/action_tutorials_interfaces/share/action_tutorials_interfaces/package.sh'
[24.888s] INFO:colcon.colcon_core.shell:Creating package script '/home/tuantran/ros2_ws_int/install/action_tutorials_interfaces/share/action_tutorials_interfaces/package.bash'
[24.890s] INFO:colcon.colcon_core.shell:Creating package script '/home/tuantran/ros2_ws_int/install/action_tutorials_interfaces/share/action_tutorials_interfaces/package.zsh'
[24.892s] Level 1:colcon.colcon_core.environment:create_file_with_runtime_dependencies(/home/tuantran/ros2_ws_int/install/action_tutorials_interfaces/share/colcon-core/packages/action_tutorials_interfaces)
[24.893s] INFO:colcon.colcon_ros.task.ament_cmake.build:Building ROS package in '/home/tuantran/ros2_ws_int/src/action_tutorials_cpp' with build type 'ament_cmake'
[24.894s] INFO:colcon.colcon_cmake.task.cmake.build:Building CMake package in '/home/tuantran/ros2_ws_int/src/action_tutorials_cpp'
[24.971s] INFO:colcon.colcon_core.shell:Skip shell extension 'powershell' for command environment: Not usable outside of PowerShell
[24.972s] DEBUG:colcon.colcon_core.shell:Skip shell extension 'dsv' for command environment
[25.312s] DEBUG:colcon.colcon_core.event_handler.log_command:Invoking command in '/home/tuantran/ros2_ws_int/build/action_tutorials_cpp': CMAKE_PREFIX_PATH=${CMAKE_PREFIX_PATH}:/home/tuantran/ros2_ws/install/launch_testing_examples:/home/tuantran/ros2_ws/install/examples_rclpy_pointcloud_publisher:/home/tuantran/ros2_ws/install/examples_rclpy_minimal_subscriber:/home/tuantran/ros2_ws/install/examples_rclpy_minimal_service:/home/tuantran/ros2_ws/install/examples_rclpy_minimal_publisher:/home/tuantran/ros2_ws/install/examples_rclpy_minimal_client:/home/tuantran/ros2_ws/install/examples_rclpy_minimal_action_server:/home/tuantran/ros2_ws/install/examples_rclpy_minimal_action_client:/home/tuantran/ros2_ws/install/examples_rclpy_guard_conditions:/home/tuantran/ros2_ws/install/examples_rclpy_executors:/opt/ros/humble /usr/bin/cmake /home/tuantran/ros2_ws_int/src/action_tutorials_cpp -DCMAKE_INSTALL_PREFIX=/home/tuantran/ros2_ws_int/install/action_tutorials_cpp
[37.601s] DEBUG:colcon.colcon_core.event_handler.log_command:Invoked command in '/home/tuantran/ros2_ws_int/build/action_tutorials_cpp' returned '0': CMAKE_PREFIX_PATH=${CMAKE_PREFIX_PATH}:/home/tuantran/ros2_ws/install/launch_testing_examples:/home/tuantran/ros2_ws/install/examples_rclpy_pointcloud_publisher:/home/tuantran/ros2_ws/install/examples_rclpy_minimal_subscriber:/home/tuantran/ros2_ws/install/examples_rclpy_minimal_service:/home/tuantran/ros2_ws/install/examples_rclpy_minimal_publisher:/home/tuantran/ros2_ws/install/examples_rclpy_minimal_client:/home/tuantran/ros2_ws/install/examples_rclpy_minimal_action_server:/home/tuantran/ros2_ws/install/examples_rclpy_minimal_action_client:/home/tuantran/ros2_ws/install/examples_rclpy_guard_conditions:/home/tuantran/ros2_ws/install/examples_rclpy_executors:/opt/ros/humble /usr/bin/cmake /home/tuantran/ros2_ws_int/src/action_tutorials_cpp -DCMAKE_INSTALL_PREFIX=/home/tuantran/ros2_ws_int/install/action_tutorials_cpp
[37.605s] DEBUG:colcon.colcon_core.event_handler.log_command:Invoking command in '/home/tuantran/ros2_ws_int/build/action_tutorials_cpp': CMAKE_PREFIX_PATH=${CMAKE_PREFIX_PATH}:/home/tuantran/ros2_ws/install/launch_testing_examples:/home/tuantran/ros2_ws/install/examples_rclpy_pointcloud_publisher:/home/tuantran/ros2_ws/install/examples_rclpy_minimal_subscriber:/home/tuantran/ros2_ws/install/examples_rclpy_minimal_service:/home/tuantran/ros2_ws/install/examples_rclpy_minimal_publisher:/home/tuantran/ros2_ws/install/examples_rclpy_minimal_client:/home/tuantran/ros2_ws/install/examples_rclpy_minimal_action_server:/home/tuantran/ros2_ws/install/examples_rclpy_minimal_action_client:/home/tuantran/ros2_ws/install/examples_rclpy_guard_conditions:/home/tuantran/ros2_ws/install/examples_rclpy_executors:/opt/ros/humble /usr/bin/cmake --build /home/tuantran/ros2_ws_int/build/action_tutorials_cpp -- -j2 -l2
[71.417s] DEBUG:colcon.colcon_core.event_handler.log_command:Invoked command in '/home/tuantran/ros2_ws_int/build/action_tutorials_cpp' returned '0': CMAKE_PREFIX_PATH=${CMAKE_PREFIX_PATH}:/home/tuantran/ros2_ws/install/launch_testing_examples:/home/tuantran/ros2_ws/install/examples_rclpy_pointcloud_publisher:/home/tuantran/ros2_ws/install/examples_rclpy_minimal_subscriber:/home/tuantran/ros2_ws/install/examples_rclpy_minimal_service:/home/tuantran/ros2_ws/install/examples_rclpy_minimal_publisher:/home/tuantran/ros2_ws/install/examples_rclpy_minimal_client:/home/tuantran/ros2_ws/install/examples_rclpy_minimal_action_server:/home/tuantran/ros2_ws/install/examples_rclpy_minimal_action_client:/home/tuantran/ros2_ws/install/examples_rclpy_guard_conditions:/home/tuantran/ros2_ws/install/examples_rclpy_executors:/opt/ros/humble /usr/bin/cmake --build /home/tuantran/ros2_ws_int/build/action_tutorials_cpp -- -j2 -l2
[71.583s] DEBUG:colcon.colcon_core.event_handler.log_command:Invoking command in '/home/tuantran/ros2_ws_int/build/action_tutorials_cpp': CMAKE_PREFIX_PATH=${CMAKE_PREFIX_PATH}:/home/tuantran/ros2_ws/install/launch_testing_examples:/home/tuantran/ros2_ws/install/examples_rclpy_pointcloud_publisher:/home/tuantran/ros2_ws/install/examples_rclpy_minimal_subscriber:/home/tuantran/ros2_ws/install/examples_rclpy_minimal_service:/home/tuantran/ros2_ws/install/examples_rclpy_minimal_publisher:/home/tuantran/ros2_ws/install/examples_rclpy_minimal_client:/home/tuantran/ros2_ws/install/examples_rclpy_minimal_action_server:/home/tuantran/ros2_ws/install/examples_rclpy_minimal_action_client:/home/tuantran/ros2_ws/install/examples_rclpy_guard_conditions:/home/tuantran/ros2_ws/install/examples_rclpy_executors:/opt/ros/humble /usr/bin/cmake --install /home/tuantran/ros2_ws_int/build/action_tutorials_cpp
[71.676s] Level 1:colcon.colcon_core.environment:create_environment_scripts_only(action_tutorials_cpp)
[71.677s] DEBUG:colcon.colcon_core.event_handler.log_command:Invoked command in '/home/tuantran/ros2_ws_int/build/action_tutorials_cpp' returned '0': CMAKE_PREFIX_PATH=${CMAKE_PREFIX_PATH}:/home/tuantran/ros2_ws/install/launch_testing_examples:/home/tuantran/ros2_ws/install/examples_rclpy_pointcloud_publisher:/home/tuantran/ros2_ws/install/examples_rclpy_minimal_subscriber:/home/tuantran/ros2_ws/install/examples_rclpy_minimal_service:/home/tuantran/ros2_ws/install/examples_rclpy_minimal_publisher:/home/tuantran/ros2_ws/install/examples_rclpy_minimal_client:/home/tuantran/ros2_ws/install/examples_rclpy_minimal_action_server:/home/tuantran/ros2_ws/install/examples_rclpy_minimal_action_client:/home/tuantran/ros2_ws/install/examples_rclpy_guard_conditions:/home/tuantran/ros2_ws/install/examples_rclpy_executors:/opt/ros/humble /usr/bin/cmake --install /home/tuantran/ros2_ws_int/build/action_tutorials_cpp
[71.779s] Level 1:colcon.colcon_core.environment:checking '/home/tuantran/ros2_ws_int/install/action_tutorials_cpp' for CMake module files
[71.781s] Level 1:colcon.colcon_core.environment:checking '/home/tuantran/ros2_ws_int/install/action_tutorials_cpp' for CMake config files
[71.783s] Level 1:colcon.colcon_core.shell:create_environment_hook('action_tutorials_cpp', 'cmake_prefix_path')
[71.848s] INFO:colcon.colcon_core.shell:Creating environment hook '/home/tuantran/ros2_ws_int/install/action_tutorials_cpp/share/action_tutorials_cpp/hook/cmake_prefix_path.ps1'
[71.851s] INFO:colcon.colcon_core.shell:Creating environment descriptor '/home/tuantran/ros2_ws_int/install/action_tutorials_cpp/share/action_tutorials_cpp/hook/cmake_prefix_path.dsv'
[71.854s] INFO:colcon.colcon_core.shell:Creating environment hook '/home/tuantran/ros2_ws_int/install/action_tutorials_cpp/share/action_tutorials_cpp/hook/cmake_prefix_path.sh'
[71.858s] Level 1:colcon.colcon_core.environment:checking '/home/tuantran/ros2_ws_int/install/action_tutorials_cpp/lib'
[71.859s] Level 1:colcon.colcon_core.shell:create_environment_hook('action_tutorials_cpp', 'ld_library_path_lib')
[71.934s] INFO:colcon.colcon_core.shell:Creating environment hook '/home/tuantran/ros2_ws_int/install/action_tutorials_cpp/share/action_tutorials_cpp/hook/ld_library_path_lib.ps1'
[71.937s] INFO:colcon.colcon_core.shell:Creating environment descriptor '/home/tuantran/ros2_ws_int/install/action_tutorials_cpp/share/action_tutorials_cpp/hook/ld_library_path_lib.dsv'
[71.940s] INFO:colcon.colcon_core.shell:Creating environment hook '/home/tuantran/ros2_ws_int/install/action_tutorials_cpp/share/action_tutorials_cpp/hook/ld_library_path_lib.sh'
[71.943s] Level 1:colcon.colcon_core.environment:checking '/home/tuantran/ros2_ws_int/install/action_tutorials_cpp/bin'
[71.944s] Level 1:colcon.colcon_core.environment:checking '/home/tuantran/ros2_ws_int/install/action_tutorials_cpp/lib/pkgconfig/action_tutorials_cpp.pc'
[71.945s] Level 1:colcon.colcon_core.environment:checking '/home/tuantran/ros2_ws_int/install/action_tutorials_cpp/lib/python3.10/site-packages'
[71.947s] Level 1:colcon.colcon_core.environment:checking '/home/tuantran/ros2_ws_int/install/action_tutorials_cpp/bin'
[72.040s] INFO:colcon.colcon_core.shell:Creating package script '/home/tuantran/ros2_ws_int/install/action_tutorials_cpp/share/action_tutorials_cpp/package.ps1'
[72.043s] INFO:colcon.colcon_core.shell:Creating package descriptor '/home/tuantran/ros2_ws_int/install/action_tutorials_cpp/share/action_tutorials_cpp/package.dsv'
[72.046s] INFO:colcon.colcon_core.shell:Creating package script '/home/tuantran/ros2_ws_int/install/action_tutorials_cpp/share/action_tutorials_cpp/package.sh'
[72.048s] INFO:colcon.colcon_core.shell:Creating package script '/home/tuantran/ros2_ws_int/install/action_tutorials_cpp/share/action_tutorials_cpp/package.bash'
[72.050s] INFO:colcon.colcon_core.shell:Creating package script '/home/tuantran/ros2_ws_int/install/action_tutorials_cpp/share/action_tutorials_cpp/package.zsh'
[72.054s] Level 1:colcon.colcon_core.environment:create_file_with_runtime_dependencies(/home/tuantran/ros2_ws_int/install/action_tutorials_cpp/share/colcon-core/packages/action_tutorials_cpp)
[72.345s] Level 1:colcon.colcon_core.environment:create_environment_scripts_only(action_tutorials_cpp)
[72.456s] Level 1:colcon.colcon_core.environment:checking '/home/tuantran/ros2_ws_int/install/action_tutorials_cpp' for CMake module files
[72.458s] Level 1:colcon.colcon_core.environment:checking '/home/tuantran/ros2_ws_int/install/action_tutorials_cpp' for CMake config files
[72.459s] Level 1:colcon.colcon_core.shell:create_environment_hook('action_tutorials_cpp', 'cmake_prefix_path')
[72.534s] INFO:colcon.colcon_core.shell:Creating environment hook '/home/tuantran/ros2_ws_int/install/action_tutorials_cpp/share/action_tutorials_cpp/hook/cmake_prefix_path.ps1'
[72.537s] INFO:colcon.colcon_core.shell:Creating environment descriptor '/home/tuantran/ros2_ws_int/install/action_tutorials_cpp/share/action_tutorials_cpp/hook/cmake_prefix_path.dsv'
[72.540s] INFO:colcon.colcon_core.shell:Creating environment hook '/home/tuantran/ros2_ws_int/install/action_tutorials_cpp/share/action_tutorials_cpp/hook/cmake_prefix_path.sh'
[72.543s] Level 1:colcon.colcon_core.environment:checking '/home/tuantran/ros2_ws_int/install/action_tutorials_cpp/lib'
[72.543s] Level 1:colcon.colcon_core.shell:create_environment_hook('action_tutorials_cpp', 'ld_library_path_lib')
[72.599s] INFO:colcon.colcon_core.shell:Creating environment hook '/home/tuantran/ros2_ws_int/install/action_tutorials_cpp/share/action_tutorials_cpp/hook/ld_library_path_lib.ps1'
[72.602s] INFO:colcon.colcon_core.shell:Creating environment descriptor '/home/tuantran/ros2_ws_int/install/action_tutorials_cpp/share/action_tutorials_cpp/hook/ld_library_path_lib.dsv'
[72.615s] INFO:colcon.colcon_core.shell:Creating environment hook '/home/tuantran/ros2_ws_int/install/action_tutorials_cpp/share/action_tutorials_cpp/hook/ld_library_path_lib.sh'
[72.618s] Level 1:colcon.colcon_core.environment:checking '/home/tuantran/ros2_ws_int/install/action_tutorials_cpp/bin'
[72.619s] Level 1:colcon.colcon_core.environment:checking '/home/tuantran/ros2_ws_int/install/action_tutorials_cpp/lib/pkgconfig/action_tutorials_cpp.pc'
[72.621s] Level 1:colcon.colcon_core.environment:checking '/home/tuantran/ros2_ws_int/install/action_tutorials_cpp/lib/python3.10/site-packages'
[72.622s] Level 1:colcon.colcon_core.environment:checking '/home/tuantran/ros2_ws_int/install/action_tutorials_cpp/bin'
[72.680s] INFO:colcon.colcon_core.shell:Creating package script '/home/tuantran/ros2_ws_int/install/action_tutorials_cpp/share/action_tutorials_cpp/package.ps1'
[72.684s] INFO:colcon.colcon_core.shell:Creating package descriptor '/home/tuantran/ros2_ws_int/install/action_tutorials_cpp/share/action_tutorials_cpp/package.dsv'
[72.687s] INFO:colcon.colcon_core.shell:Creating package script '/home/tuantran/ros2_ws_int/install/action_tutorials_cpp/share/action_tutorials_cpp/package.sh'
[72.690s] INFO:colcon.colcon_core.shell:Creating package script '/home/tuantran/ros2_ws_int/install/action_tutorials_cpp/share/action_tutorials_cpp/package.bash'
[72.693s] INFO:colcon.colcon_core.shell:Creating package script '/home/tuantran/ros2_ws_int/install/action_tutorials_cpp/share/action_tutorials_cpp/package.zsh'
[72.697s] Level 1:colcon.colcon_core.environment:create_file_with_runtime_dependencies(/home/tuantran/ros2_ws_int/install/action_tutorials_cpp/share/colcon-core/packages/action_tutorials_cpp)
[72.699s] DEBUG:colcon.colcon_parallel_executor.executor.parallel:closing loop
[72.701s] DEBUG:colcon.colcon_parallel_executor.executor.parallel:loop closed
[72.702s] DEBUG:colcon.colcon_parallel_executor.executor.parallel:run_until_complete finished with '0'
[72.702s] DEBUG:colcon.colcon_core.event_reactor:joining thread
[72.812s] INFO:colcon.colcon_core.plugin_system:Skipping extension 'colcon_notification.desktop_notification.terminal_notifier': Not used on non-Darwin systems
[72.813s] INFO:colcon.colcon_core.plugin_system:Skipping extension 'colcon_notification.desktop_notification.win32': Not used on non-Windows systems
[72.813s] INFO:colcon.colcon_notification.desktop_notification:Sending desktop notification using 'notify2'
[72.873s] DEBUG:colcon.colcon_core.event_reactor:joined thread
[72.982s] INFO:colcon.colcon_core.shell:Creating prefix script '/home/tuantran/ros2_ws_int/install/local_setup.ps1'
[72.990s] INFO:colcon.colcon_core.shell:Creating prefix util module '/home/tuantran/ros2_ws_int/install/_local_setup_util_ps1.py'
[73.002s] INFO:colcon.colcon_core.shell:Creating prefix chain script '/home/tuantran/ros2_ws_int/install/setup.ps1'
[73.069s] INFO:colcon.colcon_core.shell:Creating prefix script '/home/tuantran/ros2_ws_int/install/local_setup.sh'
[73.072s] INFO:colcon.colcon_core.shell:Creating prefix util module '/home/tuantran/ros2_ws_int/install/_local_setup_util_sh.py'
[73.073s] INFO:colcon.colcon_core.shell:Creating prefix chain script '/home/tuantran/ros2_ws_int/install/setup.sh'
[73.158s] INFO:colcon.colcon_core.shell:Creating prefix script '/home/tuantran/ros2_ws_int/install/local_setup.bash'
[73.160s] INFO:colcon.colcon_core.shell:Creating prefix chain script '/home/tuantran/ros2_ws_int/install/setup.bash'
[73.279s] INFO:colcon.colcon_core.shell:Creating prefix script '/home/tuantran/ros2_ws_int/install/local_setup.zsh'
[73.284s] INFO:colcon.colcon_core.shell:Creating prefix chain script '/home/tuantran/ros2_ws_int/install/setup.zsh'
