[0.309s] Invoking command in '/home/tuantran/ros2_ws_int/build/action_tutorials_interfaces': CMAKE_PREFIX_PATH=${CMAKE_PREFIX_PATH}:/home/tuantran/ros2_ws/install/launch_testing_examples:/home/tuantran/ros2_ws/install/examples_rclpy_pointcloud_publisher:/home/tuantran/ros2_ws/install/examples_rclpy_minimal_subscriber:/home/tuantran/ros2_ws/install/examples_rclpy_minimal_service:/home/tuantran/ros2_ws/install/examples_rclpy_minimal_publisher:/home/tuantran/ros2_ws/install/examples_rclpy_minimal_client:/home/tuantran/ros2_ws/install/examples_rclpy_minimal_action_server:/home/tuantran/ros2_ws/install/examples_rclpy_minimal_action_client:/home/tuantran/ros2_ws/install/examples_rclpy_guard_conditions:/home/tuantran/ros2_ws/install/examples_rclpy_executors:/opt/ros/humble /usr/bin/cmake --build /home/tuantran/ros2_ws_int/build/action_tutorials_interfaces -- -j2 -l2
[0.514s] [35m[1mConsolidate compiler generated dependencies of target action_tutorials_interfaces__rosidl_generator_c[0m
[0.588s] [  3%] Built target action_tutorials_interfaces__cpp
[0.596s] [ 12%] Built target action_tutorials_interfaces__rosidl_generator_c
[0.641s] [35m[1mConsolidate compiler generated dependencies of target action_tutorials_interfaces__rosidl_typesupport_fastrtps_cpp[0m
[0.727s] [ 12%] Built target ament_cmake_python_copy_action_tutorials_interfaces
[0.784s] [ 22%] Built target action_tutorials_interfaces__rosidl_typesupport_fastrtps_cpp
[0.789s] [35m[1mConsolidate compiler generated dependencies of target action_tutorials_interfaces__rosidl_typesupport_introspection_cpp[0m
[0.848s] [35m[1mConsolidate compiler generated dependencies of target action_tutorials_interfaces__rosidl_typesupport_cpp[0m
[0.895s] [ 32%] Built target action_tutorials_interfaces__rosidl_typesupport_introspection_cpp
[0.948s] [35m[1mConsolidate compiler generated dependencies of target action_tutorials_interfaces__rosidl_typesupport_fastrtps_c[0m
[1.023s] [ 41%] Built target action_tutorials_interfaces__rosidl_typesupport_cpp
[1.071s] [35m[1mConsolidate compiler generated dependencies of target action_tutorials_interfaces__rosidl_typesupport_introspection_c[0m
[1.097s] [ 51%] Built target action_tutorials_interfaces__rosidl_typesupport_fastrtps_c
[1.137s] [ 61%] Built target action_tutorials_interfaces__rosidl_typesupport_introspection_c
[1.155s] [35m[1mConsolidate compiler generated dependencies of target action_tutorials_interfaces__rosidl_typesupport_c[0m
[1.214s] [ 70%] Built target action_tutorials_interfaces__rosidl_typesupport_c
[1.318s] [ 70%] Built target action_tutorials_interfaces
[1.428s] [ 74%] Built target action_tutorials_interfaces__py
[1.521s] [35m[1mConsolidate compiler generated dependencies of target action_tutorials_interfaces__rosidl_generator_py[0m
[1.622s] [ 80%] Built target action_tutorials_interfaces__rosidl_generator_py
[1.675s] [35m[1mConsolidate compiler generated dependencies of target action_tutorials_interfaces__rosidl_typesupport_fastrtps_c__pyext[0m
[1.748s] [ 87%] Built target action_tutorials_interfaces__rosidl_typesupport_fastrtps_c__pyext
[1.818s] [35m[1mConsolidate compiler generated dependencies of target action_tutorials_interfaces__rosidl_typesupport_introspection_c__pyext[0m
[1.914s] [ 93%] Built target action_tutorials_interfaces__rosidl_typesupport_introspection_c__pyext
[1.989s] [35m[1mConsolidate compiler generated dependencies of target action_tutorials_interfaces__rosidl_typesupport_c__pyext[0m
[2.044s] [100%] Built target action_tutorials_interfaces__rosidl_typesupport_c__pyext
[2.539s] running egg_info
[2.542s] writing action_tutorials_interfaces.egg-info/PKG-INFO
[2.550s] writing dependency_links to action_tutorials_interfaces.egg-info/dependency_links.txt
[2.553s] writing top-level names to action_tutorials_interfaces.egg-info/top_level.txt
[2.563s] reading manifest file 'action_tutorials_interfaces.egg-info/SOURCES.txt'
[2.568s] writing manifest file 'action_tutorials_interfaces.egg-info/SOURCES.txt'
[2.647s] [100%] Built target ament_cmake_python_build_action_tutorials_interfaces_egg
[2.699s] Invoked command in '/home/tuantran/ros2_ws_int/build/action_tutorials_interfaces' returned '0': CMAKE_PREFIX_PATH=${CMAKE_PREFIX_PATH}:/home/tuantran/ros2_ws/install/launch_testing_examples:/home/tuantran/ros2_ws/install/examples_rclpy_pointcloud_publisher:/home/tuantran/ros2_ws/install/examples_rclpy_minimal_subscriber:/home/tuantran/ros2_ws/install/examples_rclpy_minimal_service:/home/tuantran/ros2_ws/install/examples_rclpy_minimal_publisher:/home/tuantran/ros2_ws/install/examples_rclpy_minimal_client:/home/tuantran/ros2_ws/install/examples_rclpy_minimal_action_server:/home/tuantran/ros2_ws/install/examples_rclpy_minimal_action_client:/home/tuantran/ros2_ws/install/examples_rclpy_guard_conditions:/home/tuantran/ros2_ws/install/examples_rclpy_executors:/opt/ros/humble /usr/bin/cmake --build /home/tuantran/ros2_ws_int/build/action_tutorials_interfaces -- -j2 -l2
[3.054s] Invoking command in '/home/tuantran/ros2_ws_int/build/action_tutorials_interfaces': CMAKE_PREFIX_PATH=${CMAKE_PREFIX_PATH}:/home/tuantran/ros2_ws/install/launch_testing_examples:/home/tuantran/ros2_ws/install/examples_rclpy_pointcloud_publisher:/home/tuantran/ros2_ws/install/examples_rclpy_minimal_subscriber:/home/tuantran/ros2_ws/install/examples_rclpy_minimal_service:/home/tuantran/ros2_ws/install/examples_rclpy_minimal_publisher:/home/tuantran/ros2_ws/install/examples_rclpy_minimal_client:/home/tuantran/ros2_ws/install/examples_rclpy_minimal_action_server:/home/tuantran/ros2_ws/install/examples_rclpy_minimal_action_client:/home/tuantran/ros2_ws/install/examples_rclpy_guard_conditions:/home/tuantran/ros2_ws/install/examples_rclpy_executors:/opt/ros/humble /usr/bin/cmake --install /home/tuantran/ros2_ws_int/build/action_tutorials_interfaces
[3.089s] -- Install configuration: ""
[3.092s] -- Up-to-date: /home/tuantran/ros2_ws_int/install/action_tutorials_interfaces/share/ament_index/resource_index/rosidl_interfaces/action_tutorials_interfaces
[3.093s] -- Up-to-date: /home/tuantran/ros2_ws_int/install/action_tutorials_interfaces/include/action_tutorials_interfaces/action_tutorials_interfaces
[3.094s] -- Up-to-date: /home/tuantran/ros2_ws_int/install/action_tutorials_interfaces/include/action_tutorials_interfaces/action_tutorials_interfaces/action
[3.094s] -- Up-to-date: /home/tuantran/ros2_ws_int/install/action_tutorials_interfaces/include/action_tutorials_interfaces/action_tutorials_interfaces/action/fibonacci.h
[3.094s] -- Up-to-date: /home/tuantran/ros2_ws_int/install/action_tutorials_interfaces/include/action_tutorials_interfaces/action_tutorials_interfaces/action/detail
[3.096s] -- Up-to-date: /home/tuantran/ros2_ws_int/install/action_tutorials_interfaces/include/action_tutorials_interfaces/action_tutorials_interfaces/action/detail/fibonacci__type_support.h
[3.096s] -- Up-to-date: /home/tuantran/ros2_ws_int/install/action_tutorials_interfaces/include/action_tutorials_interfaces/action_tutorials_interfaces/action/detail/fibonacci__struct.h
[3.097s] -- Up-to-date: /home/tuantran/ros2_ws_int/install/action_tutorials_interfaces/include/action_tutorials_interfaces/action_tutorials_interfaces/action/detail/fibonacci__functions.c
[3.097s] -- Up-to-date: /home/tuantran/ros2_ws_int/install/action_tutorials_interfaces/include/action_tutorials_interfaces/action_tutorials_interfaces/action/detail/fibonacci__functions.h
[3.097s] -- Up-to-date: /home/tuantran/ros2_ws_int/install/action_tutorials_interfaces/include/action_tutorials_interfaces/action_tutorials_interfaces/msg
[3.098s] -- Up-to-date: /home/tuantran/ros2_ws_int/install/action_tutorials_interfaces/include/action_tutorials_interfaces/action_tutorials_interfaces/msg/rosidl_generator_c__visibility_control.h
[3.099s] -- Up-to-date: /home/tuantran/ros2_ws_int/install/action_tutorials_interfaces/share/action_tutorials_interfaces/environment/library_path.sh
[3.101s] -- Up-to-date: /home/tuantran/ros2_ws_int/install/action_tutorials_interfaces/share/action_tutorials_interfaces/environment/library_path.dsv
[3.102s] -- Up-to-date: /home/tuantran/ros2_ws_int/install/action_tutorials_interfaces/lib/libaction_tutorials_interfaces__rosidl_generator_c.so
[3.104s] -- Up-to-date: /home/tuantran/ros2_ws_int/install/action_tutorials_interfaces/include/action_tutorials_interfaces/action_tutorials_interfaces
[3.105s] -- Up-to-date: /home/tuantran/ros2_ws_int/install/action_tutorials_interfaces/include/action_tutorials_interfaces/action_tutorials_interfaces/action
[3.105s] -- Up-to-date: /home/tuantran/ros2_ws_int/install/action_tutorials_interfaces/include/action_tutorials_interfaces/action_tutorials_interfaces/action/detail
[3.106s] -- Up-to-date: /home/tuantran/ros2_ws_int/install/action_tutorials_interfaces/include/action_tutorials_interfaces/action_tutorials_interfaces/action/detail/fibonacci__rosidl_typesupport_fastrtps_c.h
[3.106s] -- Up-to-date: /home/tuantran/ros2_ws_int/install/action_tutorials_interfaces/include/action_tutorials_interfaces/action_tutorials_interfaces/msg
[3.107s] -- Up-to-date: /home/tuantran/ros2_ws_int/install/action_tutorials_interfaces/include/action_tutorials_interfaces/action_tutorials_interfaces/msg/rosidl_typesupport_fastrtps_c__visibility_control.h
[3.109s] -- Up-to-date: /home/tuantran/ros2_ws_int/install/action_tutorials_interfaces/lib/libaction_tutorials_interfaces__rosidl_typesupport_fastrtps_c.so
[3.110s] -- Up-to-date: /home/tuantran/ros2_ws_int/install/action_tutorials_interfaces/include/action_tutorials_interfaces/action_tutorials_interfaces
[3.110s] -- Up-to-date: /home/tuantran/ros2_ws_int/install/action_tutorials_interfaces/include/action_tutorials_interfaces/action_tutorials_interfaces/action
[3.111s] -- Up-to-date: /home/tuantran/ros2_ws_int/install/action_tutorials_interfaces/include/action_tutorials_interfaces/action_tutorials_interfaces/action/detail
[3.112s] -- Up-to-date: /home/tuantran/ros2_ws_int/install/action_tutorials_interfaces/include/action_tutorials_interfaces/action_tutorials_interfaces/action/detail/fibonacci__type_support.c
[3.112s] -- Up-to-date: /home/tuantran/ros2_ws_int/install/action_tutorials_interfaces/include/action_tutorials_interfaces/action_tutorials_interfaces/action/detail/fibonacci__rosidl_typesupport_introspection_c.h
[3.113s] -- Up-to-date: /home/tuantran/ros2_ws_int/install/action_tutorials_interfaces/include/action_tutorials_interfaces/action_tutorials_interfaces/msg
[3.114s] -- Up-to-date: /home/tuantran/ros2_ws_int/install/action_tutorials_interfaces/include/action_tutorials_interfaces/action_tutorials_interfaces/msg/rosidl_typesupport_introspection_c__visibility_control.h
[3.115s] -- Up-to-date: /home/tuantran/ros2_ws_int/install/action_tutorials_interfaces/lib/libaction_tutorials_interfaces__rosidl_typesupport_introspection_c.so
[3.118s] -- Up-to-date: /home/tuantran/ros2_ws_int/install/action_tutorials_interfaces/lib/libaction_tutorials_interfaces__rosidl_typesupport_c.so
[3.120s] -- Up-to-date: /home/tuantran/ros2_ws_int/install/action_tutorials_interfaces/include/action_tutorials_interfaces/action_tutorials_interfaces
[3.120s] -- Up-to-date: /home/tuantran/ros2_ws_int/install/action_tutorials_interfaces/include/action_tutorials_interfaces/action_tutorials_interfaces/action
[3.121s] -- Up-to-date: /home/tuantran/ros2_ws_int/install/action_tutorials_interfaces/include/action_tutorials_interfaces/action_tutorials_interfaces/action/fibonacci.hpp
[3.122s] -- Up-to-date: /home/tuantran/ros2_ws_int/install/action_tutorials_interfaces/include/action_tutorials_interfaces/action_tutorials_interfaces/action/detail
[3.122s] -- Up-to-date: /home/tuantran/ros2_ws_int/install/action_tutorials_interfaces/include/action_tutorials_interfaces/action_tutorials_interfaces/action/detail/fibonacci__builder.hpp
[3.123s] -- Up-to-date: /home/tuantran/ros2_ws_int/install/action_tutorials_interfaces/include/action_tutorials_interfaces/action_tutorials_interfaces/action/detail/fibonacci__traits.hpp
[3.123s] -- Up-to-date: /home/tuantran/ros2_ws_int/install/action_tutorials_interfaces/include/action_tutorials_interfaces/action_tutorials_interfaces/action/detail/fibonacci__struct.hpp
[3.124s] -- Up-to-date: /home/tuantran/ros2_ws_int/install/action_tutorials_interfaces/include/action_tutorials_interfaces/action_tutorials_interfaces
[3.125s] -- Up-to-date: /home/tuantran/ros2_ws_int/install/action_tutorials_interfaces/include/action_tutorials_interfaces/action_tutorials_interfaces/action
[3.125s] -- Up-to-date: /home/tuantran/ros2_ws_int/install/action_tutorials_interfaces/include/action_tutorials_interfaces/action_tutorials_interfaces/action/detail
[3.126s] -- Up-to-date: /home/tuantran/ros2_ws_int/install/action_tutorials_interfaces/include/action_tutorials_interfaces/action_tutorials_interfaces/action/detail/dds_fastrtps
[3.127s] -- Up-to-date: /home/tuantran/ros2_ws_int/install/action_tutorials_interfaces/include/action_tutorials_interfaces/action_tutorials_interfaces/action/detail/fibonacci__rosidl_typesupport_fastrtps_cpp.hpp
[3.127s] -- Up-to-date: /home/tuantran/ros2_ws_int/install/action_tutorials_interfaces/include/action_tutorials_interfaces/action_tutorials_interfaces/msg
[3.128s] -- Up-to-date: /home/tuantran/ros2_ws_int/install/action_tutorials_interfaces/include/action_tutorials_interfaces/action_tutorials_interfaces/msg/rosidl_typesupport_fastrtps_cpp__visibility_control.h
[3.130s] -- Up-to-date: /home/tuantran/ros2_ws_int/install/action_tutorials_interfaces/lib/libaction_tutorials_interfaces__rosidl_typesupport_fastrtps_cpp.so
[3.132s] -- Up-to-date: /home/tuantran/ros2_ws_int/install/action_tutorials_interfaces/include/action_tutorials_interfaces/action_tutorials_interfaces
[3.133s] -- Up-to-date: /home/tuantran/ros2_ws_int/install/action_tutorials_interfaces/include/action_tutorials_interfaces/action_tutorials_interfaces/action
[3.133s] -- Up-to-date: /home/tuantran/ros2_ws_int/install/action_tutorials_interfaces/include/action_tutorials_interfaces/action_tutorials_interfaces/action/detail
[3.134s] -- Up-to-date: /home/tuantran/ros2_ws_int/install/action_tutorials_interfaces/include/action_tutorials_interfaces/action_tutorials_interfaces/action/detail/fibonacci__rosidl_typesupport_introspection_cpp.hpp
[3.134s] -- Up-to-date: /home/tuantran/ros2_ws_int/install/action_tutorials_interfaces/include/action_tutorials_interfaces/action_tutorials_interfaces/action/detail/fibonacci__type_support.cpp
[3.136s] -- Up-to-date: /home/tuantran/ros2_ws_int/install/action_tutorials_interfaces/lib/libaction_tutorials_interfaces__rosidl_typesupport_introspection_cpp.so
[3.137s] -- Up-to-date: /home/tuantran/ros2_ws_int/install/action_tutorials_interfaces/lib/libaction_tutorials_interfaces__rosidl_typesupport_cpp.so
[3.138s] -- Up-to-date: /home/tuantran/ros2_ws_int/install/action_tutorials_interfaces/share/action_tutorials_interfaces/environment/pythonpath.sh
[3.140s] -- Up-to-date: /home/tuantran/ros2_ws_int/install/action_tutorials_interfaces/share/action_tutorials_interfaces/environment/pythonpath.dsv
[3.140s] -- Up-to-date: /home/tuantran/ros2_ws_int/install/action_tutorials_interfaces/local/lib/python3.10/dist-packages/action_tutorials_interfaces-0.0.0-py3.10.egg-info
[3.140s] -- Installing: /home/tuantran/ros2_ws_int/install/action_tutorials_interfaces/local/lib/python3.10/dist-packages/action_tutorials_interfaces-0.0.0-py3.10.egg-info/PKG-INFO
[3.141s] -- Installing: /home/tuantran/ros2_ws_int/install/action_tutorials_interfaces/local/lib/python3.10/dist-packages/action_tutorials_interfaces-0.0.0-py3.10.egg-info/dependency_links.txt
[3.143s] -- Installing: /home/tuantran/ros2_ws_int/install/action_tutorials_interfaces/local/lib/python3.10/dist-packages/action_tutorials_interfaces-0.0.0-py3.10.egg-info/SOURCES.txt
[3.144s] -- Installing: /home/tuantran/ros2_ws_int/install/action_tutorials_interfaces/local/lib/python3.10/dist-packages/action_tutorials_interfaces-0.0.0-py3.10.egg-info/top_level.txt
[3.145s] -- Up-to-date: /home/tuantran/ros2_ws_int/install/action_tutorials_interfaces/local/lib/python3.10/dist-packages/action_tutorials_interfaces
[3.146s] -- Up-to-date: /home/tuantran/ros2_ws_int/install/action_tutorials_interfaces/local/lib/python3.10/dist-packages/action_tutorials_interfaces/_action_tutorials_interfaces_s.ep.rosidl_typesupport_fastrtps_c.c
[3.146s] -- Up-to-date: /home/tuantran/ros2_ws_int/install/action_tutorials_interfaces/local/lib/python3.10/dist-packages/action_tutorials_interfaces/action_tutorials_interfaces_s__rosidl_typesupport_introspection_c.cpython-310-x86_64-linux-gnu.so
[3.147s] -- Up-to-date: /home/tuantran/ros2_ws_int/install/action_tutorials_interfaces/local/lib/python3.10/dist-packages/action_tutorials_interfaces/action_tutorials_interfaces_s__rosidl_typesupport_c.cpython-310-x86_64-linux-gnu.so
[3.147s] -- Up-to-date: /home/tuantran/ros2_ws_int/install/action_tutorials_interfaces/local/lib/python3.10/dist-packages/action_tutorials_interfaces/action
[3.148s] -- Up-to-date: /home/tuantran/ros2_ws_int/install/action_tutorials_interfaces/local/lib/python3.10/dist-packages/action_tutorials_interfaces/action/_fibonacci.py
[3.148s] -- Up-to-date: /home/tuantran/ros2_ws_int/install/action_tutorials_interfaces/local/lib/python3.10/dist-packages/action_tutorials_interfaces/action/__init__.py
[3.149s] -- Up-to-date: /home/tuantran/ros2_ws_int/install/action_tutorials_interfaces/local/lib/python3.10/dist-packages/action_tutorials_interfaces/action/_fibonacci_s.c
[3.149s] -- Up-to-date: /home/tuantran/ros2_ws_int/install/action_tutorials_interfaces/local/lib/python3.10/dist-packages/action_tutorials_interfaces/libaction_tutorials_interfaces__rosidl_generator_py.so
[3.150s] -- Up-to-date: /home/tuantran/ros2_ws_int/install/action_tutorials_interfaces/local/lib/python3.10/dist-packages/action_tutorials_interfaces/__init__.py
[3.150s] -- Up-to-date: /home/tuantran/ros2_ws_int/install/action_tutorials_interfaces/local/lib/python3.10/dist-packages/action_tutorials_interfaces/_action_tutorials_interfaces_s.ep.rosidl_typesupport_c.c
[3.151s] -- Up-to-date: /home/tuantran/ros2_ws_int/install/action_tutorials_interfaces/local/lib/python3.10/dist-packages/action_tutorials_interfaces/_action_tutorials_interfaces_s.ep.rosidl_typesupport_introspection_c.c
[3.156s] -- Up-to-date: /home/tuantran/ros2_ws_int/install/action_tutorials_interfaces/local/lib/python3.10/dist-packages/action_tutorials_interfaces/action_tutorials_interfaces_s__rosidl_typesupport_fastrtps_c.cpython-310-x86_64-linux-gnu.so
[3.282s] Listing '/home/tuantran/ros2_ws_int/install/action_tutorials_interfaces/local/lib/python3.10/dist-packages/action_tutorials_interfaces'...
[3.283s] Listing '/home/tuantran/ros2_ws_int/install/action_tutorials_interfaces/local/lib/python3.10/dist-packages/action_tutorials_interfaces/action'...
[3.302s] -- Up-to-date: /home/tuantran/ros2_ws_int/install/action_tutorials_interfaces/local/lib/python3.10/dist-packages/action_tutorials_interfaces/action_tutorials_interfaces_s__rosidl_typesupport_fastrtps_c.cpython-310-x86_64-linux-gnu.so
[3.303s] -- Up-to-date: /home/tuantran/ros2_ws_int/install/action_tutorials_interfaces/local/lib/python3.10/dist-packages/action_tutorials_interfaces/action_tutorials_interfaces_s__rosidl_typesupport_introspection_c.cpython-310-x86_64-linux-gnu.so
[3.305s] -- Up-to-date: /home/tuantran/ros2_ws_int/install/action_tutorials_interfaces/local/lib/python3.10/dist-packages/action_tutorials_interfaces/action_tutorials_interfaces_s__rosidl_typesupport_c.cpython-310-x86_64-linux-gnu.so
[3.306s] -- Up-to-date: /home/tuantran/ros2_ws_int/install/action_tutorials_interfaces/lib/libaction_tutorials_interfaces__rosidl_generator_py.so
[3.307s] -- Up-to-date: /home/tuantran/ros2_ws_int/install/action_tutorials_interfaces/share/action_tutorials_interfaces/action/Fibonacci.idl
[3.308s] -- Up-to-date: /home/tuantran/ros2_ws_int/install/action_tutorials_interfaces/share/action_tutorials_interfaces/action/Fibonacci.action
[3.309s] -- Up-to-date: /home/tuantran/ros2_ws_int/install/action_tutorials_interfaces/share/ament_index/resource_index/package_run_dependencies/action_tutorials_interfaces
[3.309s] -- Up-to-date: /home/tuantran/ros2_ws_int/install/action_tutorials_interfaces/share/ament_index/resource_index/parent_prefix_path/action_tutorials_interfaces
[3.310s] -- Up-to-date: /home/tuantran/ros2_ws_int/install/action_tutorials_interfaces/share/action_tutorials_interfaces/environment/ament_prefix_path.sh
[3.310s] -- Up-to-date: /home/tuantran/ros2_ws_int/install/action_tutorials_interfaces/share/action_tutorials_interfaces/environment/ament_prefix_path.dsv
[3.311s] -- Up-to-date: /home/tuantran/ros2_ws_int/install/action_tutorials_interfaces/share/action_tutorials_interfaces/environment/path.sh
[3.312s] -- Up-to-date: /home/tuantran/ros2_ws_int/install/action_tutorials_interfaces/share/action_tutorials_interfaces/environment/path.dsv
[3.312s] -- Up-to-date: /home/tuantran/ros2_ws_int/install/action_tutorials_interfaces/share/action_tutorials_interfaces/local_setup.bash
[3.313s] -- Up-to-date: /home/tuantran/ros2_ws_int/install/action_tutorials_interfaces/share/action_tutorials_interfaces/local_setup.sh
[3.314s] -- Up-to-date: /home/tuantran/ros2_ws_int/install/action_tutorials_interfaces/share/action_tutorials_interfaces/local_setup.zsh
[3.314s] -- Up-to-date: /home/tuantran/ros2_ws_int/install/action_tutorials_interfaces/share/action_tutorials_interfaces/local_setup.dsv
[3.315s] -- Installing: /home/tuantran/ros2_ws_int/install/action_tutorials_interfaces/share/action_tutorials_interfaces/package.dsv
[3.317s] -- Up-to-date: /home/tuantran/ros2_ws_int/install/action_tutorials_interfaces/share/ament_index/resource_index/packages/action_tutorials_interfaces
[3.318s] -- Up-to-date: /home/tuantran/ros2_ws_int/install/action_tutorials_interfaces/share/action_tutorials_interfaces/cmake/export_action_tutorials_interfaces__rosidl_generator_cExport.cmake
[3.319s] -- Up-to-date: /home/tuantran/ros2_ws_int/install/action_tutorials_interfaces/share/action_tutorials_interfaces/cmake/export_action_tutorials_interfaces__rosidl_generator_cExport-noconfig.cmake
[3.320s] -- Up-to-date: /home/tuantran/ros2_ws_int/install/action_tutorials_interfaces/share/action_tutorials_interfaces/cmake/export_action_tutorials_interfaces__rosidl_typesupport_fastrtps_cExport.cmake
[3.321s] -- Up-to-date: /home/tuantran/ros2_ws_int/install/action_tutorials_interfaces/share/action_tutorials_interfaces/cmake/export_action_tutorials_interfaces__rosidl_typesupport_fastrtps_cExport-noconfig.cmake
[3.323s] -- Up-to-date: /home/tuantran/ros2_ws_int/install/action_tutorials_interfaces/share/action_tutorials_interfaces/cmake/action_tutorials_interfaces__rosidl_typesupport_introspection_cExport.cmake
[3.323s] -- Up-to-date: /home/tuantran/ros2_ws_int/install/action_tutorials_interfaces/share/action_tutorials_interfaces/cmake/action_tutorials_interfaces__rosidl_typesupport_introspection_cExport-noconfig.cmake
[3.325s] -- Up-to-date: /home/tuantran/ros2_ws_int/install/action_tutorials_interfaces/share/action_tutorials_interfaces/cmake/action_tutorials_interfaces__rosidl_typesupport_cExport.cmake
[3.326s] -- Up-to-date: /home/tuantran/ros2_ws_int/install/action_tutorials_interfaces/share/action_tutorials_interfaces/cmake/action_tutorials_interfaces__rosidl_typesupport_cExport-noconfig.cmake
[3.327s] -- Up-to-date: /home/tuantran/ros2_ws_int/install/action_tutorials_interfaces/share/action_tutorials_interfaces/cmake/export_action_tutorials_interfaces__rosidl_generator_cppExport.cmake
[3.329s] -- Up-to-date: /home/tuantran/ros2_ws_int/install/action_tutorials_interfaces/share/action_tutorials_interfaces/cmake/export_action_tutorials_interfaces__rosidl_typesupport_fastrtps_cppExport.cmake
[3.329s] -- Up-to-date: /home/tuantran/ros2_ws_int/install/action_tutorials_interfaces/share/action_tutorials_interfaces/cmake/export_action_tutorials_interfaces__rosidl_typesupport_fastrtps_cppExport-noconfig.cmake
[3.331s] -- Up-to-date: /home/tuantran/ros2_ws_int/install/action_tutorials_interfaces/share/action_tutorials_interfaces/cmake/action_tutorials_interfaces__rosidl_typesupport_introspection_cppExport.cmake
[3.335s] -- Up-to-date: /home/tuantran/ros2_ws_int/install/action_tutorials_interfaces/share/action_tutorials_interfaces/cmake/action_tutorials_interfaces__rosidl_typesupport_introspection_cppExport-noconfig.cmake
[3.336s] -- Up-to-date: /home/tuantran/ros2_ws_int/install/action_tutorials_interfaces/share/action_tutorials_interfaces/cmake/action_tutorials_interfaces__rosidl_typesupport_cppExport.cmake
[3.336s] -- Up-to-date: /home/tuantran/ros2_ws_int/install/action_tutorials_interfaces/share/action_tutorials_interfaces/cmake/action_tutorials_interfaces__rosidl_typesupport_cppExport-noconfig.cmake
[3.338s] -- Up-to-date: /home/tuantran/ros2_ws_int/install/action_tutorials_interfaces/share/action_tutorials_interfaces/cmake/export_action_tutorials_interfaces__rosidl_generator_pyExport.cmake
[3.338s] -- Up-to-date: /home/tuantran/ros2_ws_int/install/action_tutorials_interfaces/share/action_tutorials_interfaces/cmake/export_action_tutorials_interfaces__rosidl_generator_pyExport-noconfig.cmake
[3.339s] -- Up-to-date: /home/tuantran/ros2_ws_int/install/action_tutorials_interfaces/share/action_tutorials_interfaces/cmake/rosidl_cmake-extras.cmake
[3.340s] -- Up-to-date: /home/tuantran/ros2_ws_int/install/action_tutorials_interfaces/share/action_tutorials_interfaces/cmake/ament_cmake_export_dependencies-extras.cmake
[3.341s] -- Up-to-date: /home/tuantran/ros2_ws_int/install/action_tutorials_interfaces/share/action_tutorials_interfaces/cmake/ament_cmake_export_include_directories-extras.cmake
[3.342s] -- Up-to-date: /home/tuantran/ros2_ws_int/install/action_tutorials_interfaces/share/action_tutorials_interfaces/cmake/ament_cmake_export_libraries-extras.cmake
[3.342s] -- Up-to-date: /home/tuantran/ros2_ws_int/install/action_tutorials_interfaces/share/action_tutorials_interfaces/cmake/ament_cmake_export_targets-extras.cmake
[3.343s] -- Up-to-date: /home/tuantran/ros2_ws_int/install/action_tutorials_interfaces/share/action_tutorials_interfaces/cmake/rosidl_cmake_export_typesupport_targets-extras.cmake
[3.344s] -- Up-to-date: /home/tuantran/ros2_ws_int/install/action_tutorials_interfaces/share/action_tutorials_interfaces/cmake/rosidl_cmake_export_typesupport_libraries-extras.cmake
[3.344s] -- Up-to-date: /home/tuantran/ros2_ws_int/install/action_tutorials_interfaces/share/action_tutorials_interfaces/cmake/action_tutorials_interfacesConfig.cmake
[3.345s] -- Up-to-date: /home/tuantran/ros2_ws_int/install/action_tutorials_interfaces/share/action_tutorials_interfaces/cmake/action_tutorials_interfacesConfig-version.cmake
[3.347s] -- Up-to-date: /home/tuantran/ros2_ws_int/install/action_tutorials_interfaces/share/action_tutorials_interfaces/package.xml
[3.363s] Invoked command in '/home/tuantran/ros2_ws_int/build/action_tutorials_interfaces' returned '0': CMAKE_PREFIX_PATH=${CMAKE_PREFIX_PATH}:/home/tuantran/ros2_ws/install/launch_testing_examples:/home/tuantran/ros2_ws/install/examples_rclpy_pointcloud_publisher:/home/tuantran/ros2_ws/install/examples_rclpy_minimal_subscriber:/home/tuantran/ros2_ws/install/examples_rclpy_minimal_service:/home/tuantran/ros2_ws/install/examples_rclpy_minimal_publisher:/home/tuantran/ros2_ws/install/examples_rclpy_minimal_client:/home/tuantran/ros2_ws/install/examples_rclpy_minimal_action_server:/home/tuantran/ros2_ws/install/examples_rclpy_minimal_action_client:/home/tuantran/ros2_ws/install/examples_rclpy_guard_conditions:/home/tuantran/ros2_ws/install/examples_rclpy_executors:/opt/ros/humble /usr/bin/cmake --install /home/tuantran/ros2_ws_int/build/action_tutorials_interfaces
