[3.578s] DEBUG:colcon:Command line arguments: ['/usr/bin/colcon', 'build', '--packages-select', 'cpp_parameter_event_handler']
[3.579s] DEBUG:colcon:Parsed command line arguments: Namespace(log_base=None, log_level=None, verb_name='build', build_base='build', install_base='install', merge_install=False, symlink_install=False, test_result_base=None, continue_on_error=False, executor='parallel', parallel_workers=2, event_handlers=None, ignore_user_meta=False, metas=['./colcon.meta'], base_paths=['.'], packages_ignore=None, packages_ignore_regex=None, paths=None, packages_up_to=None, packages_up_to_regex=None, packages_above=None, packages_above_and_dependencies=None, packages_above_depth=None, packages_select_by_dep=None, packages_skip_by_dep=None, packages_skip_up_to=None, packages_select_build_failed=False, packages_skip_build_finished=False, packages_select_test_failures=False, packages_skip_test_passed=False, packages_select=['cpp_parameter_event_handler'], packages_skip=None, packages_select_regex=None, packages_skip_regex=None, packages_start=None, packages_end=None, allow_overriding=[], cmake_args=None, cmake_target=None, cmake_target_skip_unavailable=False, cmake_clean_cache=False, cmake_clean_first=False, cmake_force_configure=False, ament_cmake_args=None, catkin_cmake_args=None, catkin_skip_building_tests=False, verb_parser=<colcon_defaults.argument_parser.defaults.DefaultArgumentsDecorator object at 0x7fb655498af0>, verb_extension=<colcon_core.verb.build.BuildVerb object at 0x7fb655499480>, main=<bound method BuildVerb.main of <colcon_core.verb.build.BuildVerb object at 0x7fb655499480>>)
[3.831s] Level 1:colcon.colcon_core.package_discovery:discover_packages(colcon_meta) check parameters
[3.831s] Level 1:colcon.colcon_core.package_discovery:discover_packages(recursive) check parameters
[3.832s] Level 1:colcon.colcon_core.package_discovery:discover_packages(ignore) check parameters
[3.832s] Level 1:colcon.colcon_core.package_discovery:discover_packages(path) check parameters
[3.833s] Level 1:colcon.colcon_core.package_discovery:discover_packages(colcon_meta) discover
[3.834s] Level 1:colcon.colcon_core.package_discovery:discover_packages(recursive) discover
[3.834s] INFO:colcon.colcon_core.package_discovery:Crawling recursively for packages in '/home/tuantran/ros2_ws_int'
[3.835s] Level 1:colcon.colcon_core.package_identification:_identify(.) by extensions ['ignore', 'ignore_ament_install']
[3.836s] Level 1:colcon.colcon_core.package_identification:_identify(.) by extension 'ignore'
[3.837s] Level 1:colcon.colcon_core.package_identification:_identify(.) by extension 'ignore_ament_install'
[3.838s] Level 1:colcon.colcon_core.package_identification:_identify(.) by extensions ['colcon_pkg']
[3.839s] Level 1:colcon.colcon_core.package_identification:_identify(.) by extension 'colcon_pkg'
[3.839s] Level 1:colcon.colcon_core.package_identification:_identify(.) by extensions ['colcon_meta']
[3.840s] Level 1:colcon.colcon_core.package_identification:_identify(.) by extension 'colcon_meta'
[3.841s] Level 1:colcon.colcon_core.package_identification:_identify(.) by extensions ['ros']
[3.841s] Level 1:colcon.colcon_core.package_identification:_identify(.) by extension 'ros'
[3.887s] Level 1:colcon.colcon_core.package_identification:_identify(.) by extensions ['cmake', 'python']
[3.888s] Level 1:colcon.colcon_core.package_identification:_identify(.) by extension 'cmake'
[3.889s] Level 1:colcon.colcon_core.package_identification:_identify(.) by extension 'python'
[3.889s] Level 1:colcon.colcon_core.package_identification:_identify(.) by extensions ['python_setup_py']
[3.890s] Level 1:colcon.colcon_core.package_identification:_identify(.) by extension 'python_setup_py'
[3.891s] Level 1:colcon.colcon_core.package_identification:_identify(build) by extensions ['ignore', 'ignore_ament_install']
[3.892s] Level 1:colcon.colcon_core.package_identification:_identify(build) by extension 'ignore'
[3.892s] Level 1:colcon.colcon_core.package_identification:_identify(build) ignored
[3.893s] Level 1:colcon.colcon_core.package_identification:_identify(install) by extensions ['ignore', 'ignore_ament_install']
[3.894s] Level 1:colcon.colcon_core.package_identification:_identify(install) by extension 'ignore'
[3.895s] Level 1:colcon.colcon_core.package_identification:_identify(install) ignored
[3.896s] Level 1:colcon.colcon_core.package_identification:_identify(log) by extensions ['ignore', 'ignore_ament_install']
[3.896s] Level 1:colcon.colcon_core.package_identification:_identify(log) by extension 'ignore'
[3.897s] Level 1:colcon.colcon_core.package_identification:_identify(log) ignored
[3.898s] Level 1:colcon.colcon_core.package_identification:_identify(src) by extensions ['ignore', 'ignore_ament_install']
[3.899s] Level 1:colcon.colcon_core.package_identification:_identify(src) by extension 'ignore'
[3.899s] Level 1:colcon.colcon_core.package_identification:_identify(src) by extension 'ignore_ament_install'
[3.900s] Level 1:colcon.colcon_core.package_identification:_identify(src) by extensions ['colcon_pkg']
[3.901s] Level 1:colcon.colcon_core.package_identification:_identify(src) by extension 'colcon_pkg'
[3.902s] Level 1:colcon.colcon_core.package_identification:_identify(src) by extensions ['colcon_meta']
[3.902s] Level 1:colcon.colcon_core.package_identification:_identify(src) by extension 'colcon_meta'
[3.903s] Level 1:colcon.colcon_core.package_identification:_identify(src) by extensions ['ros']
[3.904s] Level 1:colcon.colcon_core.package_identification:_identify(src) by extension 'ros'
[3.904s] Level 1:colcon.colcon_core.package_identification:_identify(src) by extensions ['cmake', 'python']
[3.905s] Level 1:colcon.colcon_core.package_identification:_identify(src) by extension 'cmake'
[3.906s] Level 1:colcon.colcon_core.package_identification:_identify(src) by extension 'python'
[3.906s] Level 1:colcon.colcon_core.package_identification:_identify(src) by extensions ['python_setup_py']
[3.907s] Level 1:colcon.colcon_core.package_identification:_identify(src) by extension 'python_setup_py'
[3.908s] Level 1:colcon.colcon_core.package_identification:_identify(src/action_tutorials_cpp) by extensions ['ignore', 'ignore_ament_install']
[3.909s] Level 1:colcon.colcon_core.package_identification:_identify(src/action_tutorials_cpp) by extension 'ignore'
[3.909s] Level 1:colcon.colcon_core.package_identification:_identify(src/action_tutorials_cpp) by extension 'ignore_ament_install'
[3.910s] Level 1:colcon.colcon_core.package_identification:_identify(src/action_tutorials_cpp) by extensions ['colcon_pkg']
[3.911s] Level 1:colcon.colcon_core.package_identification:_identify(src/action_tutorials_cpp) by extension 'colcon_pkg'
[3.911s] Level 1:colcon.colcon_core.package_identification:_identify(src/action_tutorials_cpp) by extensions ['colcon_meta']
[3.912s] Level 1:colcon.colcon_core.package_identification:_identify(src/action_tutorials_cpp) by extension 'colcon_meta'
[3.913s] Level 1:colcon.colcon_core.package_identification:_identify(src/action_tutorials_cpp) by extensions ['ros']
[3.913s] Level 1:colcon.colcon_core.package_identification:_identify(src/action_tutorials_cpp) by extension 'ros'
[3.924s] DEBUG:colcon.colcon_core.package_identification:Package 'src/action_tutorials_cpp' with type 'ros.ament_cmake' and name 'action_tutorials_cpp'
[3.925s] Level 1:colcon.colcon_core.package_identification:_identify(src/action_tutorials_interfaces) by extensions ['ignore', 'ignore_ament_install']
[3.926s] Level 1:colcon.colcon_core.package_identification:_identify(src/action_tutorials_interfaces) by extension 'ignore'
[3.927s] Level 1:colcon.colcon_core.package_identification:_identify(src/action_tutorials_interfaces) by extension 'ignore_ament_install'
[3.928s] Level 1:colcon.colcon_core.package_identification:_identify(src/action_tutorials_interfaces) by extensions ['colcon_pkg']
[3.929s] Level 1:colcon.colcon_core.package_identification:_identify(src/action_tutorials_interfaces) by extension 'colcon_pkg'
[3.929s] Level 1:colcon.colcon_core.package_identification:_identify(src/action_tutorials_interfaces) by extensions ['colcon_meta']
[3.930s] Level 1:colcon.colcon_core.package_identification:_identify(src/action_tutorials_interfaces) by extension 'colcon_meta'
[3.931s] Level 1:colcon.colcon_core.package_identification:_identify(src/action_tutorials_interfaces) by extensions ['ros']
[3.931s] Level 1:colcon.colcon_core.package_identification:_identify(src/action_tutorials_interfaces) by extension 'ros'
[3.934s] DEBUG:colcon.colcon_core.package_identification:Package 'src/action_tutorials_interfaces' with type 'ros.ament_cmake' and name 'action_tutorials_interfaces'
[3.935s] Level 1:colcon.colcon_core.package_identification:_identify(src/cpp_parameter_event_handler) by extensions ['ignore', 'ignore_ament_install']
[3.936s] Level 1:colcon.colcon_core.package_identification:_identify(src/cpp_parameter_event_handler) by extension 'ignore'
[3.937s] Level 1:colcon.colcon_core.package_identification:_identify(src/cpp_parameter_event_handler) by extension 'ignore_ament_install'
[3.938s] Level 1:colcon.colcon_core.package_identification:_identify(src/cpp_parameter_event_handler) by extensions ['colcon_pkg']
[3.939s] Level 1:colcon.colcon_core.package_identification:_identify(src/cpp_parameter_event_handler) by extension 'colcon_pkg'
[3.940s] Level 1:colcon.colcon_core.package_identification:_identify(src/cpp_parameter_event_handler) by extensions ['colcon_meta']
[3.940s] Level 1:colcon.colcon_core.package_identification:_identify(src/cpp_parameter_event_handler) by extension 'colcon_meta'
[3.941s] Level 1:colcon.colcon_core.package_identification:_identify(src/cpp_parameter_event_handler) by extensions ['ros']
[3.942s] Level 1:colcon.colcon_core.package_identification:_identify(src/cpp_parameter_event_handler) by extension 'ros'
[3.944s] DEBUG:colcon.colcon_core.package_identification:Package 'src/cpp_parameter_event_handler' with type 'ros.ament_cmake' and name 'cpp_parameter_event_handler'
[3.945s] Level 1:colcon.colcon_core.package_discovery:discover_packages(recursive) using defaults
[3.946s] Level 1:colcon.colcon_core.package_discovery:discover_packages(ignore) discover
[3.946s] Level 1:colcon.colcon_core.package_discovery:discover_packages(ignore) using defaults
[3.947s] Level 1:colcon.colcon_core.package_discovery:discover_packages(path) discover
[3.948s] Level 1:colcon.colcon_core.package_discovery:discover_packages(path) using defaults
[4.342s] INFO:colcon.colcon_core.package_selection:Skipping not selected package 'action_tutorials_interfaces' in 'src/action_tutorials_interfaces'
[4.343s] INFO:colcon.colcon_core.package_selection:Skipping not selected package 'action_tutorials_cpp' in 'src/action_tutorials_cpp'
[4.456s] Level 1:colcon.colcon_core.package_discovery:discover_packages(prefix_path) check parameters
[4.457s] Level 1:colcon.colcon_core.package_discovery:discover_packages(prefix_path) discover
[4.563s] DEBUG:colcon.colcon_installed_package_information.package_discovery:Found 277 installed packages in /opt/ros/humble
[4.569s] Level 1:colcon.colcon_core.package_discovery:discover_packages(prefix_path) using defaults
[4.958s] Level 5:colcon.colcon_core.verb:set package 'cpp_parameter_event_handler' build argument 'cmake_args' from command line to 'None'
[4.958s] Level 5:colcon.colcon_core.verb:set package 'cpp_parameter_event_handler' build argument 'cmake_target' from command line to 'None'
[4.958s] Level 5:colcon.colcon_core.verb:set package 'cpp_parameter_event_handler' build argument 'cmake_target_skip_unavailable' from command line to 'False'
[4.958s] Level 5:colcon.colcon_core.verb:set package 'cpp_parameter_event_handler' build argument 'cmake_clean_cache' from command line to 'False'
[4.958s] Level 5:colcon.colcon_core.verb:set package 'cpp_parameter_event_handler' build argument 'cmake_clean_first' from command line to 'False'
[4.958s] Level 5:colcon.colcon_core.verb:set package 'cpp_parameter_event_handler' build argument 'cmake_force_configure' from command line to 'False'
[4.959s] Level 5:colcon.colcon_core.verb:set package 'cpp_parameter_event_handler' build argument 'ament_cmake_args' from command line to 'None'
[4.959s] Level 5:colcon.colcon_core.verb:set package 'cpp_parameter_event_handler' build argument 'catkin_cmake_args' from command line to 'None'
[4.959s] Level 5:colcon.colcon_core.verb:set package 'cpp_parameter_event_handler' build argument 'catkin_skip_building_tests' from command line to 'False'
[4.959s] DEBUG:colcon.colcon_core.verb:Building package 'cpp_parameter_event_handler' with the following arguments: {'ament_cmake_args': None, 'build_base': '/home/tuantran/ros2_ws_int/build/cpp_parameter_event_handler', 'catkin_cmake_args': None, 'catkin_skip_building_tests': False, 'cmake_args': None, 'cmake_clean_cache': False, 'cmake_clean_first': False, 'cmake_force_configure': False, 'cmake_target': None, 'cmake_target_skip_unavailable': False, 'install_base': '/home/tuantran/ros2_ws_int/install/cpp_parameter_event_handler', 'merge_install': False, 'path': '/home/tuantran/ros2_ws_int/src/cpp_parameter_event_handler', 'symlink_install': False, 'test_result_base': None}
[5.011s] INFO:colcon.colcon_core.executor:Executing jobs using 'parallel' executor
[5.065s] DEBUG:colcon.colcon_parallel_executor.executor.parallel:run_until_complete
[5.065s] INFO:colcon.colcon_ros.task.ament_cmake.build:Building ROS package in '/home/tuantran/ros2_ws_int/src/cpp_parameter_event_handler' with build type 'ament_cmake'
[5.066s] INFO:colcon.colcon_cmake.task.cmake.build:Building CMake package in '/home/tuantran/ros2_ws_int/src/cpp_parameter_event_handler'
[5.158s] INFO:colcon.colcon_core.plugin_system:Skipping extension 'colcon_core.shell.bat': Not used on non-Windows systems
[5.160s] INFO:colcon.colcon_core.shell:Skip shell extension 'powershell' for command environment: Not usable outside of PowerShell
[5.160s] DEBUG:colcon.colcon_core.shell:Skip shell extension 'dsv' for command environment
[5.409s] DEBUG:colcon.colcon_core.event_handler.log_command:Invoking command in '/home/tuantran/ros2_ws_int/build/cpp_parameter_event_handler': CMAKE_PREFIX_PATH=/opt/ros/humble /usr/bin/cmake /home/tuantran/ros2_ws_int/src/cpp_parameter_event_handler -DCMAKE_INSTALL_PREFIX=/home/tuantran/ros2_ws_int/install/cpp_parameter_event_handler
[18.467s] DEBUG:colcon.colcon_core.event_handler.log_command:Invoked command in '/home/tuantran/ros2_ws_int/build/cpp_parameter_event_handler' returned '0': CMAKE_PREFIX_PATH=/opt/ros/humble /usr/bin/cmake /home/tuantran/ros2_ws_int/src/cpp_parameter_event_handler -DCMAKE_INSTALL_PREFIX=/home/tuantran/ros2_ws_int/install/cpp_parameter_event_handler
[18.472s] DEBUG:colcon.colcon_core.event_handler.log_command:Invoking command in '/home/tuantran/ros2_ws_int/build/cpp_parameter_event_handler': CMAKE_PREFIX_PATH=/opt/ros/humble /usr/bin/cmake --build /home/tuantran/ros2_ws_int/build/cpp_parameter_event_handler -- -j2 -l2
[52.738s] DEBUG:colcon.colcon_core.event_handler.log_command:Invoked command in '/home/tuantran/ros2_ws_int/build/cpp_parameter_event_handler' returned '0': CMAKE_PREFIX_PATH=/opt/ros/humble /usr/bin/cmake --build /home/tuantran/ros2_ws_int/build/cpp_parameter_event_handler -- -j2 -l2
[52.845s] DEBUG:colcon.colcon_core.event_handler.log_command:Invoking command in '/home/tuantran/ros2_ws_int/build/cpp_parameter_event_handler': CMAKE_PREFIX_PATH=/opt/ros/humble /usr/bin/cmake --install /home/tuantran/ros2_ws_int/build/cpp_parameter_event_handler
[52.919s] Level 1:colcon.colcon_core.environment:create_environment_scripts_only(cpp_parameter_event_handler)
[52.921s] DEBUG:colcon.colcon_core.event_handler.log_command:Invoked command in '/home/tuantran/ros2_ws_int/build/cpp_parameter_event_handler' returned '0': CMAKE_PREFIX_PATH=/opt/ros/humble /usr/bin/cmake --install /home/tuantran/ros2_ws_int/build/cpp_parameter_event_handler
[53.250s] Level 1:colcon.colcon_core.environment:checking '/home/tuantran/ros2_ws_int/install/cpp_parameter_event_handler' for CMake module files
[53.252s] Level 1:colcon.colcon_core.environment:checking '/home/tuantran/ros2_ws_int/install/cpp_parameter_event_handler' for CMake config files
[53.253s] Level 1:colcon.colcon_core.shell:create_environment_hook('cpp_parameter_event_handler', 'cmake_prefix_path')
[53.306s] INFO:colcon.colcon_core.shell:Creating environment hook '/home/tuantran/ros2_ws_int/install/cpp_parameter_event_handler/share/cpp_parameter_event_handler/hook/cmake_prefix_path.ps1'
[53.319s] INFO:colcon.colcon_core.shell:Creating environment descriptor '/home/tuantran/ros2_ws_int/install/cpp_parameter_event_handler/share/cpp_parameter_event_handler/hook/cmake_prefix_path.dsv'
[53.322s] INFO:colcon.colcon_core.shell:Creating environment hook '/home/tuantran/ros2_ws_int/install/cpp_parameter_event_handler/share/cpp_parameter_event_handler/hook/cmake_prefix_path.sh'
[53.325s] Level 1:colcon.colcon_core.environment:checking '/home/tuantran/ros2_ws_int/install/cpp_parameter_event_handler/lib'
[53.326s] Level 1:colcon.colcon_core.environment:checking '/home/tuantran/ros2_ws_int/install/cpp_parameter_event_handler/bin'
[53.326s] Level 1:colcon.colcon_core.environment:checking '/home/tuantran/ros2_ws_int/install/cpp_parameter_event_handler/lib/pkgconfig/cpp_parameter_event_handler.pc'
[53.327s] Level 1:colcon.colcon_core.environment:checking '/home/tuantran/ros2_ws_int/install/cpp_parameter_event_handler/lib/python3.10/site-packages'
[53.327s] Level 1:colcon.colcon_core.environment:checking '/home/tuantran/ros2_ws_int/install/cpp_parameter_event_handler/bin'
[53.373s] INFO:colcon.colcon_core.shell:Creating package script '/home/tuantran/ros2_ws_int/install/cpp_parameter_event_handler/share/cpp_parameter_event_handler/package.ps1'
[53.376s] INFO:colcon.colcon_core.shell:Creating package descriptor '/home/tuantran/ros2_ws_int/install/cpp_parameter_event_handler/share/cpp_parameter_event_handler/package.dsv'
[53.378s] INFO:colcon.colcon_core.shell:Creating package script '/home/tuantran/ros2_ws_int/install/cpp_parameter_event_handler/share/cpp_parameter_event_handler/package.sh'
[53.381s] INFO:colcon.colcon_core.shell:Creating package script '/home/tuantran/ros2_ws_int/install/cpp_parameter_event_handler/share/cpp_parameter_event_handler/package.bash'
[53.383s] INFO:colcon.colcon_core.shell:Creating package script '/home/tuantran/ros2_ws_int/install/cpp_parameter_event_handler/share/cpp_parameter_event_handler/package.zsh'
[53.387s] Level 1:colcon.colcon_core.environment:create_file_with_runtime_dependencies(/home/tuantran/ros2_ws_int/install/cpp_parameter_event_handler/share/colcon-core/packages/cpp_parameter_event_handler)
[53.531s] Level 1:colcon.colcon_core.environment:create_environment_scripts_only(cpp_parameter_event_handler)
[53.654s] Level 1:colcon.colcon_core.environment:checking '/home/tuantran/ros2_ws_int/install/cpp_parameter_event_handler' for CMake module files
[53.656s] Level 1:colcon.colcon_core.environment:checking '/home/tuantran/ros2_ws_int/install/cpp_parameter_event_handler' for CMake config files
[53.657s] Level 1:colcon.colcon_core.shell:create_environment_hook('cpp_parameter_event_handler', 'cmake_prefix_path')
[53.750s] INFO:colcon.colcon_core.shell:Creating environment hook '/home/tuantran/ros2_ws_int/install/cpp_parameter_event_handler/share/cpp_parameter_event_handler/hook/cmake_prefix_path.ps1'
[53.751s] INFO:colcon.colcon_core.shell:Creating environment descriptor '/home/tuantran/ros2_ws_int/install/cpp_parameter_event_handler/share/cpp_parameter_event_handler/hook/cmake_prefix_path.dsv'
[53.752s] INFO:colcon.colcon_core.shell:Creating environment hook '/home/tuantran/ros2_ws_int/install/cpp_parameter_event_handler/share/cpp_parameter_event_handler/hook/cmake_prefix_path.sh'
[53.753s] Level 1:colcon.colcon_core.environment:checking '/home/tuantran/ros2_ws_int/install/cpp_parameter_event_handler/lib'
[53.753s] Level 1:colcon.colcon_core.environment:checking '/home/tuantran/ros2_ws_int/install/cpp_parameter_event_handler/bin'
[53.754s] Level 1:colcon.colcon_core.environment:checking '/home/tuantran/ros2_ws_int/install/cpp_parameter_event_handler/lib/pkgconfig/cpp_parameter_event_handler.pc'
[53.754s] Level 1:colcon.colcon_core.environment:checking '/home/tuantran/ros2_ws_int/install/cpp_parameter_event_handler/lib/python3.10/site-packages'
[53.755s] Level 1:colcon.colcon_core.environment:checking '/home/tuantran/ros2_ws_int/install/cpp_parameter_event_handler/bin'
[53.810s] INFO:colcon.colcon_core.shell:Creating package script '/home/tuantran/ros2_ws_int/install/cpp_parameter_event_handler/share/cpp_parameter_event_handler/package.ps1'
[53.811s] INFO:colcon.colcon_core.shell:Creating package descriptor '/home/tuantran/ros2_ws_int/install/cpp_parameter_event_handler/share/cpp_parameter_event_handler/package.dsv'
[53.813s] INFO:colcon.colcon_core.shell:Creating package script '/home/tuantran/ros2_ws_int/install/cpp_parameter_event_handler/share/cpp_parameter_event_handler/package.sh'
[53.814s] INFO:colcon.colcon_core.shell:Creating package script '/home/tuantran/ros2_ws_int/install/cpp_parameter_event_handler/share/cpp_parameter_event_handler/package.bash'
[53.816s] INFO:colcon.colcon_core.shell:Creating package script '/home/tuantran/ros2_ws_int/install/cpp_parameter_event_handler/share/cpp_parameter_event_handler/package.zsh'
[53.817s] Level 1:colcon.colcon_core.environment:create_file_with_runtime_dependencies(/home/tuantran/ros2_ws_int/install/cpp_parameter_event_handler/share/colcon-core/packages/cpp_parameter_event_handler)
[53.818s] DEBUG:colcon.colcon_parallel_executor.executor.parallel:closing loop
[53.818s] DEBUG:colcon.colcon_parallel_executor.executor.parallel:loop closed
[53.818s] DEBUG:colcon.colcon_parallel_executor.executor.parallel:run_until_complete finished with '0'
[53.818s] DEBUG:colcon.colcon_core.event_reactor:joining thread
[53.927s] INFO:colcon.colcon_core.plugin_system:Skipping extension 'colcon_notification.desktop_notification.terminal_notifier': Not used on non-Darwin systems
[53.927s] INFO:colcon.colcon_core.plugin_system:Skipping extension 'colcon_notification.desktop_notification.win32': Not used on non-Windows systems
[53.928s] INFO:colcon.colcon_notification.desktop_notification:Sending desktop notification using 'notify2'
[53.991s] DEBUG:colcon.colcon_core.event_reactor:joined thread
[54.089s] INFO:colcon.colcon_core.shell:Creating prefix script '/home/tuantran/ros2_ws_int/install/local_setup.ps1'
[54.093s] INFO:colcon.colcon_core.shell:Creating prefix util module '/home/tuantran/ros2_ws_int/install/_local_setup_util_ps1.py'
[54.102s] INFO:colcon.colcon_core.shell:Creating prefix chain script '/home/tuantran/ros2_ws_int/install/setup.ps1'
[54.167s] INFO:colcon.colcon_core.shell:Creating prefix script '/home/tuantran/ros2_ws_int/install/local_setup.sh'
[54.171s] INFO:colcon.colcon_core.shell:Creating prefix util module '/home/tuantran/ros2_ws_int/install/_local_setup_util_sh.py'
[54.173s] INFO:colcon.colcon_core.shell:Creating prefix chain script '/home/tuantran/ros2_ws_int/install/setup.sh'
[54.235s] INFO:colcon.colcon_core.shell:Creating prefix script '/home/tuantran/ros2_ws_int/install/local_setup.bash'
[54.238s] INFO:colcon.colcon_core.shell:Creating prefix chain script '/home/tuantran/ros2_ws_int/install/setup.bash'
[54.350s] INFO:colcon.colcon_core.shell:Creating prefix script '/home/tuantran/ros2_ws_int/install/local_setup.zsh'
[54.352s] INFO:colcon.colcon_core.shell:Creating prefix chain script '/home/tuantran/ros2_ws_int/install/setup.zsh'
