[0.374s] Invoking command in '/home/tuantran/ros2_ws_int/build/cpp_parameter_event_handler': CMAKE_PREFIX_PATH=${CMAKE_PREFIX_PATH}:/opt/ros/humble /usr/bin/cmake --build /home/tuantran/ros2_ws_int/build/cpp_parameter_event_handler -- -j2 -l2
[0.636s] [35m[1mConsolidate compiler generated dependencies of target parameter_event_handler[0m
[0.819s] [ 50%] [32mBuilding CXX object CMakeFiles/parameter_event_handler.dir/src/parameter_event_handler.cpp.o[0m
[38.957s] [100%] [32m[1mLinking CXX executable parameter_event_handler[0m
[42.529s] [100%] Built target parameter_event_handler
[42.602s] Invoked command in '/home/tuantran/ros2_ws_int/build/cpp_parameter_event_handler' returned '0': CMAKE_PREFIX_PATH=${CMAKE_PREFIX_PATH}:/opt/ros/humble /usr/bin/cmake --build /home/tuantran/ros2_ws_int/build/cpp_parameter_event_handler -- -j2 -l2
[42.862s] Invoking command in '/home/tuantran/ros2_ws_int/build/cpp_parameter_event_handler': CMAKE_PREFIX_PATH=${CMAKE_PREFIX_PATH}:/opt/ros/humble /usr/bin/cmake --install /home/tuantran/ros2_ws_int/build/cpp_parameter_event_handler
[42.892s] -- Install configuration: ""
[42.894s] -- Installing: /home/tuantran/ros2_ws_int/install/cpp_parameter_event_handler/lib/cpp_parameter_event_handler/parameter_event_handler
[42.923s] -- Set runtime path of "/home/tuantran/ros2_ws_int/install/cpp_parameter_event_handler/lib/cpp_parameter_event_handler/parameter_event_handler" to ""
[42.924s] -- Up-to-date: /home/tuantran/ros2_ws_int/install/cpp_parameter_event_handler/share/ament_index/resource_index/package_run_dependencies/cpp_parameter_event_handler
[42.925s] -- Up-to-date: /home/tuantran/ros2_ws_int/install/cpp_parameter_event_handler/share/ament_index/resource_index/parent_prefix_path/cpp_parameter_event_handler
[42.925s] -- Up-to-date: /home/tuantran/ros2_ws_int/install/cpp_parameter_event_handler/share/cpp_parameter_event_handler/environment/ament_prefix_path.sh
[42.926s] -- Up-to-date: /home/tuantran/ros2_ws_int/install/cpp_parameter_event_handler/share/cpp_parameter_event_handler/environment/ament_prefix_path.dsv
[42.926s] -- Up-to-date: /home/tuantran/ros2_ws_int/install/cpp_parameter_event_handler/share/cpp_parameter_event_handler/environment/path.sh
[42.927s] -- Up-to-date: /home/tuantran/ros2_ws_int/install/cpp_parameter_event_handler/share/cpp_parameter_event_handler/environment/path.dsv
[42.927s] -- Up-to-date: /home/tuantran/ros2_ws_int/install/cpp_parameter_event_handler/share/cpp_parameter_event_handler/local_setup.bash
[42.928s] -- Up-to-date: /home/tuantran/ros2_ws_int/install/cpp_parameter_event_handler/share/cpp_parameter_event_handler/local_setup.sh
[42.930s] -- Up-to-date: /home/tuantran/ros2_ws_int/install/cpp_parameter_event_handler/share/cpp_parameter_event_handler/local_setup.zsh
[42.931s] -- Up-to-date: /home/tuantran/ros2_ws_int/install/cpp_parameter_event_handler/share/cpp_parameter_event_handler/local_setup.dsv
[42.932s] -- Installing: /home/tuantran/ros2_ws_int/install/cpp_parameter_event_handler/share/cpp_parameter_event_handler/package.dsv
[42.933s] -- Up-to-date: /home/tuantran/ros2_ws_int/install/cpp_parameter_event_handler/share/ament_index/resource_index/packages/cpp_parameter_event_handler
[42.934s] -- Up-to-date: /home/tuantran/ros2_ws_int/install/cpp_parameter_event_handler/share/cpp_parameter_event_handler/cmake/cpp_parameter_event_handlerConfig.cmake
[42.934s] -- Up-to-date: /home/tuantran/ros2_ws_int/install/cpp_parameter_event_handler/share/cpp_parameter_event_handler/cmake/cpp_parameter_event_handlerConfig-version.cmake
[42.935s] -- Up-to-date: /home/tuantran/ros2_ws_int/install/cpp_parameter_event_handler/share/cpp_parameter_event_handler/package.xml
[42.968s] Invoked command in '/home/tuantran/ros2_ws_int/build/cpp_parameter_event_handler' returned '0': CMAKE_PREFIX_PATH=${CMAKE_PREFIX_PATH}:/opt/ros/humble /usr/bin/cmake --install /home/tuantran/ros2_ws_int/build/cpp_parameter_event_handler
