[3.697s] DEBUG:colcon:Command line arguments: ['/usr/bin/colcon', 'build', '--packages-select', 'cpp_parameter_event_handler']
[3.698s] DEBUG:colcon:Parsed command line arguments: Namespace(log_base=None, log_level=None, verb_name='build', build_base='build', install_base='install', merge_install=False, symlink_install=False, test_result_base=None, continue_on_error=False, executor='parallel', parallel_workers=2, event_handlers=None, ignore_user_meta=False, metas=['./colcon.meta'], base_paths=['.'], packages_ignore=None, packages_ignore_regex=None, paths=None, packages_up_to=None, packages_up_to_regex=None, packages_above=None, packages_above_and_dependencies=None, packages_above_depth=None, packages_select_by_dep=None, packages_skip_by_dep=None, packages_skip_up_to=None, packages_select_build_failed=False, packages_skip_build_finished=False, packages_select_test_failures=False, packages_skip_test_passed=False, packages_select=['cpp_parameter_event_handler'], packages_skip=None, packages_select_regex=None, packages_skip_regex=None, packages_start=None, packages_end=None, allow_overriding=[], cmake_args=None, cmake_target=None, cmake_target_skip_unavailable=False, cmake_clean_cache=False, cmake_clean_first=False, cmake_force_configure=False, ament_cmake_args=None, catkin_cmake_args=None, catkin_skip_building_tests=False, verb_parser=<colcon_defaults.argument_parser.defaults.DefaultArgumentsDecorator object at 0x7f9e3daedea0>, verb_extension=<colcon_core.verb.build.BuildVerb object at 0x7f9e3daeebc0>, main=<bound method BuildVerb.main of <colcon_core.verb.build.BuildVerb object at 0x7f9e3daeebc0>>)
[4.630s] Level 1:colcon.colcon_core.package_discovery:discover_packages(colcon_meta) check parameters
[4.644s] Level 1:colcon.colcon_core.package_discovery:discover_packages(recursive) check parameters
[4.645s] Level 1:colcon.colcon_core.package_discovery:discover_packages(ignore) check parameters
[4.646s] Level 1:colcon.colcon_core.package_discovery:discover_packages(path) check parameters
[4.652s] Level 1:colcon.colcon_core.package_discovery:discover_packages(colcon_meta) discover
[4.656s] Level 1:colcon.colcon_core.package_discovery:discover_packages(recursive) discover
[4.657s] INFO:colcon.colcon_core.package_discovery:Crawling recursively for packages in '/home/tuantran/ros2_ws_int'
[4.660s] Level 1:colcon.colcon_core.package_identification:_identify(.) by extensions ['ignore', 'ignore_ament_install']
[4.672s] Level 1:colcon.colcon_core.package_identification:_identify(.) by extension 'ignore'
[4.673s] Level 1:colcon.colcon_core.package_identification:_identify(.) by extension 'ignore_ament_install'
[4.674s] Level 1:colcon.colcon_core.package_identification:_identify(.) by extensions ['colcon_pkg']
[4.675s] Level 1:colcon.colcon_core.package_identification:_identify(.) by extension 'colcon_pkg'
[4.678s] Level 1:colcon.colcon_core.package_identification:_identify(.) by extensions ['colcon_meta']
[4.679s] Level 1:colcon.colcon_core.package_identification:_identify(.) by extension 'colcon_meta'
[4.679s] Level 1:colcon.colcon_core.package_identification:_identify(.) by extensions ['ros']
[4.680s] Level 1:colcon.colcon_core.package_identification:_identify(.) by extension 'ros'
[5.012s] Level 1:colcon.colcon_core.package_identification:_identify(.) by extensions ['cmake', 'python']
[5.021s] Level 1:colcon.colcon_core.package_identification:_identify(.) by extension 'cmake'
[5.022s] Level 1:colcon.colcon_core.package_identification:_identify(.) by extension 'python'
[5.022s] Level 1:colcon.colcon_core.package_identification:_identify(.) by extensions ['python_setup_py']
[5.023s] Level 1:colcon.colcon_core.package_identification:_identify(.) by extension 'python_setup_py'
[5.024s] Level 1:colcon.colcon_core.package_identification:_identify(build) by extensions ['ignore', 'ignore_ament_install']
[5.025s] Level 1:colcon.colcon_core.package_identification:_identify(build) by extension 'ignore'
[5.027s] Level 1:colcon.colcon_core.package_identification:_identify(build) ignored
[5.030s] Level 1:colcon.colcon_core.package_identification:_identify(install) by extensions ['ignore', 'ignore_ament_install']
[5.033s] Level 1:colcon.colcon_core.package_identification:_identify(install) by extension 'ignore'
[5.033s] Level 1:colcon.colcon_core.package_identification:_identify(install) ignored
[5.036s] Level 1:colcon.colcon_core.package_identification:_identify(log) by extensions ['ignore', 'ignore_ament_install']
[5.036s] Level 1:colcon.colcon_core.package_identification:_identify(log) by extension 'ignore'
[5.037s] Level 1:colcon.colcon_core.package_identification:_identify(log) ignored
[5.040s] Level 1:colcon.colcon_core.package_identification:_identify(src) by extensions ['ignore', 'ignore_ament_install']
[5.050s] Level 1:colcon.colcon_core.package_identification:_identify(src) by extension 'ignore'
[5.052s] Level 1:colcon.colcon_core.package_identification:_identify(src) by extension 'ignore_ament_install'
[5.053s] Level 1:colcon.colcon_core.package_identification:_identify(src) by extensions ['colcon_pkg']
[5.054s] Level 1:colcon.colcon_core.package_identification:_identify(src) by extension 'colcon_pkg'
[5.054s] Level 1:colcon.colcon_core.package_identification:_identify(src) by extensions ['colcon_meta']
[5.055s] Level 1:colcon.colcon_core.package_identification:_identify(src) by extension 'colcon_meta'
[5.056s] Level 1:colcon.colcon_core.package_identification:_identify(src) by extensions ['ros']
[5.069s] Level 1:colcon.colcon_core.package_identification:_identify(src) by extension 'ros'
[5.070s] Level 1:colcon.colcon_core.package_identification:_identify(src) by extensions ['cmake', 'python']
[5.071s] Level 1:colcon.colcon_core.package_identification:_identify(src) by extension 'cmake'
[5.072s] Level 1:colcon.colcon_core.package_identification:_identify(src) by extension 'python'
[5.072s] Level 1:colcon.colcon_core.package_identification:_identify(src) by extensions ['python_setup_py']
[5.073s] Level 1:colcon.colcon_core.package_identification:_identify(src) by extension 'python_setup_py'
[5.074s] Level 1:colcon.colcon_core.package_identification:_identify(src/action_tutorials_cpp) by extensions ['ignore', 'ignore_ament_install']
[5.074s] Level 1:colcon.colcon_core.package_identification:_identify(src/action_tutorials_cpp) by extension 'ignore'
[5.075s] Level 1:colcon.colcon_core.package_identification:_identify(src/action_tutorials_cpp) by extension 'ignore_ament_install'
[5.076s] Level 1:colcon.colcon_core.package_identification:_identify(src/action_tutorials_cpp) by extensions ['colcon_pkg']
[5.076s] Level 1:colcon.colcon_core.package_identification:_identify(src/action_tutorials_cpp) by extension 'colcon_pkg'
[5.077s] Level 1:colcon.colcon_core.package_identification:_identify(src/action_tutorials_cpp) by extensions ['colcon_meta']
[5.077s] Level 1:colcon.colcon_core.package_identification:_identify(src/action_tutorials_cpp) by extension 'colcon_meta'
[5.078s] Level 1:colcon.colcon_core.package_identification:_identify(src/action_tutorials_cpp) by extensions ['ros']
[5.078s] Level 1:colcon.colcon_core.package_identification:_identify(src/action_tutorials_cpp) by extension 'ros'
[5.089s] DEBUG:colcon.colcon_core.package_identification:Package 'src/action_tutorials_cpp' with type 'ros.ament_cmake' and name 'action_tutorials_cpp'
[5.099s] Level 1:colcon.colcon_core.package_identification:_identify(src/action_tutorials_interfaces) by extensions ['ignore', 'ignore_ament_install']
[5.099s] Level 1:colcon.colcon_core.package_identification:_identify(src/action_tutorials_interfaces) by extension 'ignore'
[5.100s] Level 1:colcon.colcon_core.package_identification:_identify(src/action_tutorials_interfaces) by extension 'ignore_ament_install'
[5.100s] Level 1:colcon.colcon_core.package_identification:_identify(src/action_tutorials_interfaces) by extensions ['colcon_pkg']
[5.101s] Level 1:colcon.colcon_core.package_identification:_identify(src/action_tutorials_interfaces) by extension 'colcon_pkg'
[5.101s] Level 1:colcon.colcon_core.package_identification:_identify(src/action_tutorials_interfaces) by extensions ['colcon_meta']
[5.103s] Level 1:colcon.colcon_core.package_identification:_identify(src/action_tutorials_interfaces) by extension 'colcon_meta'
[5.103s] Level 1:colcon.colcon_core.package_identification:_identify(src/action_tutorials_interfaces) by extensions ['ros']
[5.104s] Level 1:colcon.colcon_core.package_identification:_identify(src/action_tutorials_interfaces) by extension 'ros'
[5.107s] DEBUG:colcon.colcon_core.package_identification:Package 'src/action_tutorials_interfaces' with type 'ros.ament_cmake' and name 'action_tutorials_interfaces'
[5.108s] Level 1:colcon.colcon_core.package_identification:_identify(src/cpp_parameter_event_handler) by extensions ['ignore', 'ignore_ament_install']
[5.119s] Level 1:colcon.colcon_core.package_identification:_identify(src/cpp_parameter_event_handler) by extension 'ignore'
[5.120s] Level 1:colcon.colcon_core.package_identification:_identify(src/cpp_parameter_event_handler) by extension 'ignore_ament_install'
[5.123s] Level 1:colcon.colcon_core.package_identification:_identify(src/cpp_parameter_event_handler) by extensions ['colcon_pkg']
[5.130s] Level 1:colcon.colcon_core.package_identification:_identify(src/cpp_parameter_event_handler) by extension 'colcon_pkg'
[5.131s] Level 1:colcon.colcon_core.package_identification:_identify(src/cpp_parameter_event_handler) by extensions ['colcon_meta']
[5.132s] Level 1:colcon.colcon_core.package_identification:_identify(src/cpp_parameter_event_handler) by extension 'colcon_meta'
[5.133s] Level 1:colcon.colcon_core.package_identification:_identify(src/cpp_parameter_event_handler) by extensions ['ros']
[5.133s] Level 1:colcon.colcon_core.package_identification:_identify(src/cpp_parameter_event_handler) by extension 'ros'
[5.137s] DEBUG:colcon.colcon_core.package_identification:Package 'src/cpp_parameter_event_handler' with type 'ros.ament_cmake' and name 'cpp_parameter_event_handler'
[5.143s] Level 1:colcon.colcon_core.package_discovery:discover_packages(recursive) using defaults
[5.144s] Level 1:colcon.colcon_core.package_discovery:discover_packages(ignore) discover
[5.145s] Level 1:colcon.colcon_core.package_discovery:discover_packages(ignore) using defaults
[5.146s] Level 1:colcon.colcon_core.package_discovery:discover_packages(path) discover
[5.146s] Level 1:colcon.colcon_core.package_discovery:discover_packages(path) using defaults
[5.839s] INFO:colcon.colcon_core.package_selection:Skipping not selected package 'action_tutorials_interfaces' in 'src/action_tutorials_interfaces'
[5.847s] INFO:colcon.colcon_core.package_selection:Skipping not selected package 'action_tutorials_cpp' in 'src/action_tutorials_cpp'
[6.178s] Level 1:colcon.colcon_core.package_discovery:discover_packages(prefix_path) check parameters
[6.179s] Level 1:colcon.colcon_core.package_discovery:discover_packages(prefix_path) discover
[6.647s] DEBUG:colcon.colcon_installed_package_information.package_discovery:Found 3 installed packages in /home/tuantran/ros2_ws_int/install
[7.180s] DEBUG:colcon.colcon_installed_package_information.package_discovery:Found 277 installed packages in /opt/ros/humble
[7.258s] Level 1:colcon.colcon_core.package_discovery:discover_packages(prefix_path) using defaults
[9.700s] Level 5:colcon.colcon_core.verb:set package 'cpp_parameter_event_handler' build argument 'cmake_args' from command line to 'None'
[9.706s] Level 5:colcon.colcon_core.verb:set package 'cpp_parameter_event_handler' build argument 'cmake_target' from command line to 'None'
[9.707s] Level 5:colcon.colcon_core.verb:set package 'cpp_parameter_event_handler' build argument 'cmake_target_skip_unavailable' from command line to 'False'
[9.708s] Level 5:colcon.colcon_core.verb:set package 'cpp_parameter_event_handler' build argument 'cmake_clean_cache' from command line to 'False'
[9.708s] Level 5:colcon.colcon_core.verb:set package 'cpp_parameter_event_handler' build argument 'cmake_clean_first' from command line to 'False'
[9.709s] Level 5:colcon.colcon_core.verb:set package 'cpp_parameter_event_handler' build argument 'cmake_force_configure' from command line to 'False'
[9.710s] Level 5:colcon.colcon_core.verb:set package 'cpp_parameter_event_handler' build argument 'ament_cmake_args' from command line to 'None'
[9.711s] Level 5:colcon.colcon_core.verb:set package 'cpp_parameter_event_handler' build argument 'catkin_cmake_args' from command line to 'None'
[9.712s] Level 5:colcon.colcon_core.verb:set package 'cpp_parameter_event_handler' build argument 'catkin_skip_building_tests' from command line to 'False'
[9.712s] DEBUG:colcon.colcon_core.verb:Building package 'cpp_parameter_event_handler' with the following arguments: {'ament_cmake_args': None, 'build_base': '/home/tuantran/ros2_ws_int/build/cpp_parameter_event_handler', 'catkin_cmake_args': None, 'catkin_skip_building_tests': False, 'cmake_args': None, 'cmake_clean_cache': False, 'cmake_clean_first': False, 'cmake_force_configure': False, 'cmake_target': None, 'cmake_target_skip_unavailable': False, 'install_base': '/home/tuantran/ros2_ws_int/install/cpp_parameter_event_handler', 'merge_install': False, 'path': '/home/tuantran/ros2_ws_int/src/cpp_parameter_event_handler', 'symlink_install': False, 'test_result_base': None}
[10.339s] INFO:colcon.colcon_core.executor:Executing jobs using 'parallel' executor
[10.607s] DEBUG:colcon.colcon_parallel_executor.executor.parallel:run_until_complete
[10.607s] INFO:colcon.colcon_ros.task.ament_cmake.build:Building ROS package in '/home/tuantran/ros2_ws_int/src/cpp_parameter_event_handler' with build type 'ament_cmake'
[10.608s] INFO:colcon.colcon_cmake.task.cmake.build:Building CMake package in '/home/tuantran/ros2_ws_int/src/cpp_parameter_event_handler'
[10.693s] INFO:colcon.colcon_core.plugin_system:Skipping extension 'colcon_core.shell.bat': Not used on non-Windows systems
[10.694s] INFO:colcon.colcon_core.shell:Skip shell extension 'powershell' for command environment: Not usable outside of PowerShell
[10.694s] DEBUG:colcon.colcon_core.shell:Skip shell extension 'dsv' for command environment
[11.547s] DEBUG:colcon.colcon_core.event_handler.log_command:Invoking command in '/home/tuantran/ros2_ws_int/build/cpp_parameter_event_handler': CMAKE_PREFIX_PATH=${CMAKE_PREFIX_PATH}:/opt/ros/humble /usr/bin/cmake --build /home/tuantran/ros2_ws_int/build/cpp_parameter_event_handler -- -j2 -l2
[12.462s] DEBUG:colcon.colcon_core.event_handler.log_command:Invoked command in '/home/tuantran/ros2_ws_int/build/cpp_parameter_event_handler' returned '0': CMAKE_PREFIX_PATH=${CMAKE_PREFIX_PATH}:/opt/ros/humble /usr/bin/cmake --build /home/tuantran/ros2_ws_int/build/cpp_parameter_event_handler -- -j2 -l2
[13.031s] DEBUG:colcon.colcon_core.event_handler.log_command:Invoking command in '/home/tuantran/ros2_ws_int/build/cpp_parameter_event_handler': CMAKE_PREFIX_PATH=${CMAKE_PREFIX_PATH}:/opt/ros/humble /usr/bin/cmake --install /home/tuantran/ros2_ws_int/build/cpp_parameter_event_handler
[13.325s] Level 1:colcon.colcon_core.environment:create_environment_scripts_only(cpp_parameter_event_handler)
[13.334s] DEBUG:colcon.colcon_core.event_handler.log_command:Invoked command in '/home/tuantran/ros2_ws_int/build/cpp_parameter_event_handler' returned '0': CMAKE_PREFIX_PATH=${CMAKE_PREFIX_PATH}:/opt/ros/humble /usr/bin/cmake --install /home/tuantran/ros2_ws_int/build/cpp_parameter_event_handler
[13.916s] Level 1:colcon.colcon_core.environment:checking '/home/tuantran/ros2_ws_int/install/cpp_parameter_event_handler' for CMake module files
[13.966s] Level 1:colcon.colcon_core.environment:checking '/home/tuantran/ros2_ws_int/install/cpp_parameter_event_handler' for CMake config files
[14.016s] Level 1:colcon.colcon_core.shell:create_environment_hook('cpp_parameter_event_handler', 'cmake_prefix_path')
[14.731s] INFO:colcon.colcon_core.shell:Creating environment hook '/home/tuantran/ros2_ws_int/install/cpp_parameter_event_handler/share/cpp_parameter_event_handler/hook/cmake_prefix_path.ps1'
[14.787s] INFO:colcon.colcon_core.shell:Creating environment descriptor '/home/tuantran/ros2_ws_int/install/cpp_parameter_event_handler/share/cpp_parameter_event_handler/hook/cmake_prefix_path.dsv'
[14.796s] INFO:colcon.colcon_core.shell:Creating environment hook '/home/tuantran/ros2_ws_int/install/cpp_parameter_event_handler/share/cpp_parameter_event_handler/hook/cmake_prefix_path.sh'
[14.828s] Level 1:colcon.colcon_core.environment:checking '/home/tuantran/ros2_ws_int/install/cpp_parameter_event_handler/lib'
[14.829s] Level 1:colcon.colcon_core.environment:checking '/home/tuantran/ros2_ws_int/install/cpp_parameter_event_handler/bin'
[14.829s] Level 1:colcon.colcon_core.environment:checking '/home/tuantran/ros2_ws_int/install/cpp_parameter_event_handler/lib/pkgconfig/cpp_parameter_event_handler.pc'
[14.830s] Level 1:colcon.colcon_core.environment:checking '/home/tuantran/ros2_ws_int/install/cpp_parameter_event_handler/lib/python3.10/site-packages'
[14.858s] Level 1:colcon.colcon_core.environment:checking '/home/tuantran/ros2_ws_int/install/cpp_parameter_event_handler/bin'
[15.419s] INFO:colcon.colcon_core.shell:Creating package script '/home/tuantran/ros2_ws_int/install/cpp_parameter_event_handler/share/cpp_parameter_event_handler/package.ps1'
[15.521s] INFO:colcon.colcon_core.shell:Creating package descriptor '/home/tuantran/ros2_ws_int/install/cpp_parameter_event_handler/share/cpp_parameter_event_handler/package.dsv'
[15.523s] INFO:colcon.colcon_core.shell:Creating package script '/home/tuantran/ros2_ws_int/install/cpp_parameter_event_handler/share/cpp_parameter_event_handler/package.sh'
[15.555s] INFO:colcon.colcon_core.shell:Creating package script '/home/tuantran/ros2_ws_int/install/cpp_parameter_event_handler/share/cpp_parameter_event_handler/package.bash'
[15.588s] INFO:colcon.colcon_core.shell:Creating package script '/home/tuantran/ros2_ws_int/install/cpp_parameter_event_handler/share/cpp_parameter_event_handler/package.zsh'
[15.602s] Level 1:colcon.colcon_core.environment:create_file_with_runtime_dependencies(/home/tuantran/ros2_ws_int/install/cpp_parameter_event_handler/share/colcon-core/packages/cpp_parameter_event_handler)
[16.617s] Level 1:colcon.colcon_core.environment:create_environment_scripts_only(cpp_parameter_event_handler)
[17.104s] Level 1:colcon.colcon_core.environment:checking '/home/tuantran/ros2_ws_int/install/cpp_parameter_event_handler' for CMake module files
[17.109s] Level 1:colcon.colcon_core.environment:checking '/home/tuantran/ros2_ws_int/install/cpp_parameter_event_handler' for CMake config files
[17.128s] Level 1:colcon.colcon_core.shell:create_environment_hook('cpp_parameter_event_handler', 'cmake_prefix_path')
[17.383s] INFO:colcon.colcon_core.shell:Creating environment hook '/home/tuantran/ros2_ws_int/install/cpp_parameter_event_handler/share/cpp_parameter_event_handler/hook/cmake_prefix_path.ps1'
[17.387s] INFO:colcon.colcon_core.shell:Creating environment descriptor '/home/tuantran/ros2_ws_int/install/cpp_parameter_event_handler/share/cpp_parameter_event_handler/hook/cmake_prefix_path.dsv'
[17.391s] INFO:colcon.colcon_core.shell:Creating environment hook '/home/tuantran/ros2_ws_int/install/cpp_parameter_event_handler/share/cpp_parameter_event_handler/hook/cmake_prefix_path.sh'
[17.399s] Level 1:colcon.colcon_core.environment:checking '/home/tuantran/ros2_ws_int/install/cpp_parameter_event_handler/lib'
[17.400s] Level 1:colcon.colcon_core.environment:checking '/home/tuantran/ros2_ws_int/install/cpp_parameter_event_handler/bin'
[17.400s] Level 1:colcon.colcon_core.environment:checking '/home/tuantran/ros2_ws_int/install/cpp_parameter_event_handler/lib/pkgconfig/cpp_parameter_event_handler.pc'
[17.401s] Level 1:colcon.colcon_core.environment:checking '/home/tuantran/ros2_ws_int/install/cpp_parameter_event_handler/lib/python3.10/site-packages'
[17.403s] Level 1:colcon.colcon_core.environment:checking '/home/tuantran/ros2_ws_int/install/cpp_parameter_event_handler/bin'
[17.472s] INFO:colcon.colcon_core.shell:Creating package script '/home/tuantran/ros2_ws_int/install/cpp_parameter_event_handler/share/cpp_parameter_event_handler/package.ps1'
[17.476s] INFO:colcon.colcon_core.shell:Creating package descriptor '/home/tuantran/ros2_ws_int/install/cpp_parameter_event_handler/share/cpp_parameter_event_handler/package.dsv'
[17.479s] INFO:colcon.colcon_core.shell:Creating package script '/home/tuantran/ros2_ws_int/install/cpp_parameter_event_handler/share/cpp_parameter_event_handler/package.sh'
[17.482s] INFO:colcon.colcon_core.shell:Creating package script '/home/tuantran/ros2_ws_int/install/cpp_parameter_event_handler/share/cpp_parameter_event_handler/package.bash'
[17.485s] INFO:colcon.colcon_core.shell:Creating package script '/home/tuantran/ros2_ws_int/install/cpp_parameter_event_handler/share/cpp_parameter_event_handler/package.zsh'
[17.487s] Level 1:colcon.colcon_core.environment:create_file_with_runtime_dependencies(/home/tuantran/ros2_ws_int/install/cpp_parameter_event_handler/share/colcon-core/packages/cpp_parameter_event_handler)
[17.490s] DEBUG:colcon.colcon_parallel_executor.executor.parallel:closing loop
[17.491s] DEBUG:colcon.colcon_parallel_executor.executor.parallel:loop closed
[17.493s] DEBUG:colcon.colcon_parallel_executor.executor.parallel:run_until_complete finished with '0'
[17.493s] DEBUG:colcon.colcon_core.event_reactor:joining thread
[17.913s] INFO:colcon.colcon_core.plugin_system:Skipping extension 'colcon_notification.desktop_notification.terminal_notifier': Not used on non-Darwin systems
[17.944s] INFO:colcon.colcon_core.plugin_system:Skipping extension 'colcon_notification.desktop_notification.win32': Not used on non-Windows systems
[17.945s] INFO:colcon.colcon_notification.desktop_notification:Sending desktop notification using 'notify2'
[18.037s] DEBUG:colcon.colcon_core.event_reactor:joined thread
[18.201s] INFO:colcon.colcon_core.shell:Creating prefix script '/home/tuantran/ros2_ws_int/install/local_setup.ps1'
[18.220s] INFO:colcon.colcon_core.shell:Creating prefix util module '/home/tuantran/ros2_ws_int/install/_local_setup_util_ps1.py'
[18.227s] INFO:colcon.colcon_core.shell:Creating prefix chain script '/home/tuantran/ros2_ws_int/install/setup.ps1'
[18.476s] INFO:colcon.colcon_core.shell:Creating prefix script '/home/tuantran/ros2_ws_int/install/local_setup.sh'
[18.479s] INFO:colcon.colcon_core.shell:Creating prefix util module '/home/tuantran/ros2_ws_int/install/_local_setup_util_sh.py'
[18.481s] INFO:colcon.colcon_core.shell:Creating prefix chain script '/home/tuantran/ros2_ws_int/install/setup.sh'
[18.569s] INFO:colcon.colcon_core.shell:Creating prefix script '/home/tuantran/ros2_ws_int/install/local_setup.bash'
[18.575s] INFO:colcon.colcon_core.shell:Creating prefix chain script '/home/tuantran/ros2_ws_int/install/setup.bash'
[18.679s] INFO:colcon.colcon_core.shell:Creating prefix script '/home/tuantran/ros2_ws_int/install/local_setup.zsh'
[18.681s] INFO:colcon.colcon_core.shell:Creating prefix chain script '/home/tuantran/ros2_ws_int/install/setup.zsh'
