[0.961s] Invoking command in '/home/tuantran/ros2_ws_int/build/action_tutorials_interfaces': CMAKE_PREFIX_PATH=${CMAKE_PREFIX_PATH}:/home/tuantran/ros2_ws/install/launch_testing_examples:/home/tuantran/ros2_ws/install/examples_rclpy_pointcloud_publisher:/home/tuantran/ros2_ws/install/examples_rclpy_minimal_subscriber:/home/tuantran/ros2_ws/install/examples_rclpy_minimal_service:/home/tuantran/ros2_ws/install/examples_rclpy_minimal_publisher:/home/tuantran/ros2_ws/install/examples_rclpy_minimal_client:/home/tuantran/ros2_ws/install/examples_rclpy_minimal_action_server:/home/tuantran/ros2_ws/install/examples_rclpy_minimal_action_client:/home/tuantran/ros2_ws/install/examples_rclpy_guard_conditions:/home/tuantran/ros2_ws/install/examples_rclpy_executors:/opt/ros/humble /usr/bin/cmake --build /home/tuantran/ros2_ws_int/build/action_tutorials_interfaces -- -j2 -l2
[1.225s] -- Found ament_cmake: 1.3.6 (/opt/ros/humble/share/ament_cmake/cmake)
[1.898s] -- Found ament_lint_auto: 0.12.9 (/opt/ros/humble/share/ament_lint_auto/cmake)
[2.170s] -- Found rosidl_default_generators: 1.2.0 (/opt/ros/humble/share/rosidl_default_generators/cmake)
[2.222s] -- Using all available rosidl_typesupport_c: rosidl_typesupport_fastrtps_c;rosidl_typesupport_introspection_c
[2.264s] -- Found rosidl_adapter: 3.1.5 (/opt/ros/humble/share/rosidl_adapter/cmake)
[2.800s] -- Using all available rosidl_typesupport_cpp: rosidl_typesupport_fastrtps_cpp;rosidl_typesupport_introspection_cpp
[5.330s] -- Found ament_cmake_ros: 0.10.0 (/opt/ros/humble/share/ament_cmake_ros/cmake)
[6.210s] -- Using all available rosidl_typesupport_c: rosidl_typesupport_fastrtps_c;rosidl_typesupport_introspection_c
[8.004s] -- Using all available rosidl_typesupport_cpp: rosidl_typesupport_fastrtps_cpp;rosidl_typesupport_introspection_cpp
[8.318s] -- Found python_cmake_module: 0.10.0 (/opt/ros/humble/share/python_cmake_module/cmake)
[8.485s] -- Using PYTHON_EXECUTABLE: /usr/bin/python3
[8.485s] -- Using PYTHON_INCLUDE_DIRS: /usr/include/python3.10
[8.486s] -- Using PYTHON_LIBRARIES: /usr/lib/x86_64-linux-gnu/libpython3.10.so
[8.988s] -- Added test 'lint_cmake' to check CMake code style
[8.988s] -- Added test 'xmllint' to check XML markup files
[9.050s] -- Configuring done
[9.291s] -- Generating done
[9.359s] -- Build files have been written to: /home/tuantran/ros2_ws_int/build/action_tutorials_interfaces
[9.490s] [35m[1mConsolidate compiler generated dependencies of target action_tutorials_interfaces__rosidl_generator_c[0m
[9.534s] [  9%] Built target action_tutorials_interfaces__rosidl_generator_c
[9.632s] [ 12%] Built target action_tutorials_interfaces__cpp
[9.868s] [ 12%] Built target ament_cmake_python_copy_action_tutorials_interfaces
[9.973s] [35m[1mConsolidate compiler generated dependencies of target action_tutorials_interfaces__rosidl_typesupport_fastrtps_c[0m
[10.138s] [ 22%] Built target action_tutorials_interfaces__rosidl_typesupport_fastrtps_c
[10.254s] [35m[1mConsolidate compiler generated dependencies of target action_tutorials_interfaces__rosidl_typesupport_introspection_c[0m
[10.357s] [ 32%] Built target action_tutorials_interfaces__rosidl_typesupport_introspection_c
[10.406s] [35m[1mConsolidate compiler generated dependencies of target action_tutorials_interfaces__rosidl_typesupport_c[0m
[10.457s] [ 41%] Built target action_tutorials_interfaces__rosidl_typesupport_c
[10.501s] [35m[1mConsolidate compiler generated dependencies of target action_tutorials_interfaces__rosidl_typesupport_fastrtps_cpp[0m
[10.584s] [ 51%] Built target action_tutorials_interfaces__rosidl_typesupport_fastrtps_cpp
[10.662s] [35m[1mConsolidate compiler generated dependencies of target action_tutorials_interfaces__rosidl_typesupport_introspection_cpp[0m
[10.810s] [ 61%] Built target action_tutorials_interfaces__rosidl_typesupport_introspection_cpp
[10.868s] [35m[1mConsolidate compiler generated dependencies of target action_tutorials_interfaces__rosidl_typesupport_cpp[0m
[10.994s] [ 70%] Built target action_tutorials_interfaces__rosidl_typesupport_cpp
[13.100s] running egg_info
[13.106s] writing action_tutorials_interfaces.egg-info/PKG-INFO
[13.107s] writing dependency_links to action_tutorials_interfaces.egg-info/dependency_links.txt
[13.107s] writing top-level names to action_tutorials_interfaces.egg-info/top_level.txt
[13.116s] reading manifest file 'action_tutorials_interfaces.egg-info/SOURCES.txt'
[13.119s] writing manifest file 'action_tutorials_interfaces.egg-info/SOURCES.txt'
[13.452s] [ 70%] Built target ament_cmake_python_build_action_tutorials_interfaces_egg
[13.802s] [ 70%] Built target action_tutorials_interfaces
[14.004s] [ 74%] Built target action_tutorials_interfaces__py
[14.062s] [35m[1mConsolidate compiler generated dependencies of target action_tutorials_interfaces__rosidl_generator_py[0m
[14.130s] [ 80%] Built target action_tutorials_interfaces__rosidl_generator_py
[14.182s] [35m[1mConsolidate compiler generated dependencies of target action_tutorials_interfaces__rosidl_typesupport_fastrtps_c__pyext[0m
[14.255s] [ 87%] Built target action_tutorials_interfaces__rosidl_typesupport_fastrtps_c__pyext
[14.315s] [35m[1mConsolidate compiler generated dependencies of target action_tutorials_interfaces__rosidl_typesupport_introspection_c__pyext[0m
[14.404s] [ 93%] Built target action_tutorials_interfaces__rosidl_typesupport_introspection_c__pyext
[14.478s] [35m[1mConsolidate compiler generated dependencies of target action_tutorials_interfaces__rosidl_typesupport_c__pyext[0m
[14.555s] [100%] Built target action_tutorials_interfaces__rosidl_typesupport_c__pyext
[14.621s] Invoked command in '/home/tuantran/ros2_ws_int/build/action_tutorials_interfaces' returned '0': CMAKE_PREFIX_PATH=${CMAKE_PREFIX_PATH}:/home/tuantran/ros2_ws/install/launch_testing_examples:/home/tuantran/ros2_ws/install/examples_rclpy_pointcloud_publisher:/home/tuantran/ros2_ws/install/examples_rclpy_minimal_subscriber:/home/tuantran/ros2_ws/install/examples_rclpy_minimal_service:/home/tuantran/ros2_ws/install/examples_rclpy_minimal_publisher:/home/tuantran/ros2_ws/install/examples_rclpy_minimal_client:/home/tuantran/ros2_ws/install/examples_rclpy_minimal_action_server:/home/tuantran/ros2_ws/install/examples_rclpy_minimal_action_client:/home/tuantran/ros2_ws/install/examples_rclpy_guard_conditions:/home/tuantran/ros2_ws/install/examples_rclpy_executors:/opt/ros/humble /usr/bin/cmake --build /home/tuantran/ros2_ws_int/build/action_tutorials_interfaces -- -j2 -l2
[14.971s] Invoking command in '/home/tuantran/ros2_ws_int/build/action_tutorials_interfaces': CMAKE_PREFIX_PATH=${CMAKE_PREFIX_PATH}:/home/tuantran/ros2_ws/install/launch_testing_examples:/home/tuantran/ros2_ws/install/examples_rclpy_pointcloud_publisher:/home/tuantran/ros2_ws/install/examples_rclpy_minimal_subscriber:/home/tuantran/ros2_ws/install/examples_rclpy_minimal_service:/home/tuantran/ros2_ws/install/examples_rclpy_minimal_publisher:/home/tuantran/ros2_ws/install/examples_rclpy_minimal_client:/home/tuantran/ros2_ws/install/examples_rclpy_minimal_action_server:/home/tuantran/ros2_ws/install/examples_rclpy_minimal_action_client:/home/tuantran/ros2_ws/install/examples_rclpy_guard_conditions:/home/tuantran/ros2_ws/install/examples_rclpy_executors:/opt/ros/humble /usr/bin/cmake --install /home/tuantran/ros2_ws_int/build/action_tutorials_interfaces
[15.010s] -- Install configuration: ""
[15.012s] -- Up-to-date: /home/tuantran/ros2_ws_int/install/action_tutorials_interfaces/share/ament_index/resource_index/rosidl_interfaces/action_tutorials_interfaces
[15.014s] -- Up-to-date: /home/tuantran/ros2_ws_int/install/action_tutorials_interfaces/include/action_tutorials_interfaces/action_tutorials_interfaces
[15.016s] -- Up-to-date: /home/tuantran/ros2_ws_int/install/action_tutorials_interfaces/include/action_tutorials_interfaces/action_tutorials_interfaces/action
[15.016s] -- Up-to-date: /home/tuantran/ros2_ws_int/install/action_tutorials_interfaces/include/action_tutorials_interfaces/action_tutorials_interfaces/action/fibonacci.h
[15.020s] -- Up-to-date: /home/tuantran/ros2_ws_int/install/action_tutorials_interfaces/include/action_tutorials_interfaces/action_tutorials_interfaces/action/detail
[15.020s] -- Up-to-date: /home/tuantran/ros2_ws_int/install/action_tutorials_interfaces/include/action_tutorials_interfaces/action_tutorials_interfaces/action/detail/fibonacci__type_support.h
[15.021s] -- Up-to-date: /home/tuantran/ros2_ws_int/install/action_tutorials_interfaces/include/action_tutorials_interfaces/action_tutorials_interfaces/action/detail/fibonacci__struct.h
[15.021s] -- Up-to-date: /home/tuantran/ros2_ws_int/install/action_tutorials_interfaces/include/action_tutorials_interfaces/action_tutorials_interfaces/action/detail/fibonacci__functions.c
[15.021s] -- Up-to-date: /home/tuantran/ros2_ws_int/install/action_tutorials_interfaces/include/action_tutorials_interfaces/action_tutorials_interfaces/action/detail/fibonacci__functions.h
[15.022s] -- Up-to-date: /home/tuantran/ros2_ws_int/install/action_tutorials_interfaces/include/action_tutorials_interfaces/action_tutorials_interfaces/msg
[15.022s] -- Up-to-date: /home/tuantran/ros2_ws_int/install/action_tutorials_interfaces/include/action_tutorials_interfaces/action_tutorials_interfaces/msg/rosidl_generator_c__visibility_control.h
[15.026s] -- Up-to-date: /home/tuantran/ros2_ws_int/install/action_tutorials_interfaces/share/action_tutorials_interfaces/environment/library_path.sh
[15.027s] -- Installing: /home/tuantran/ros2_ws_int/install/action_tutorials_interfaces/share/action_tutorials_interfaces/environment/library_path.dsv
[15.030s] -- Up-to-date: /home/tuantran/ros2_ws_int/install/action_tutorials_interfaces/lib/libaction_tutorials_interfaces__rosidl_generator_c.so
[15.031s] -- Up-to-date: /home/tuantran/ros2_ws_int/install/action_tutorials_interfaces/include/action_tutorials_interfaces/action_tutorials_interfaces
[15.032s] -- Up-to-date: /home/tuantran/ros2_ws_int/install/action_tutorials_interfaces/include/action_tutorials_interfaces/action_tutorials_interfaces/action
[15.032s] -- Up-to-date: /home/tuantran/ros2_ws_int/install/action_tutorials_interfaces/include/action_tutorials_interfaces/action_tutorials_interfaces/action/detail
[15.033s] -- Up-to-date: /home/tuantran/ros2_ws_int/install/action_tutorials_interfaces/include/action_tutorials_interfaces/action_tutorials_interfaces/action/detail/fibonacci__rosidl_typesupport_fastrtps_c.h
[15.033s] -- Up-to-date: /home/tuantran/ros2_ws_int/install/action_tutorials_interfaces/include/action_tutorials_interfaces/action_tutorials_interfaces/msg
[15.034s] -- Up-to-date: /home/tuantran/ros2_ws_int/install/action_tutorials_interfaces/include/action_tutorials_interfaces/action_tutorials_interfaces/msg/rosidl_typesupport_fastrtps_c__visibility_control.h
[15.037s] -- Up-to-date: /home/tuantran/ros2_ws_int/install/action_tutorials_interfaces/lib/libaction_tutorials_interfaces__rosidl_typesupport_fastrtps_c.so
[15.042s] -- Up-to-date: /home/tuantran/ros2_ws_int/install/action_tutorials_interfaces/include/action_tutorials_interfaces/action_tutorials_interfaces
[15.043s] -- Up-to-date: /home/tuantran/ros2_ws_int/install/action_tutorials_interfaces/include/action_tutorials_interfaces/action_tutorials_interfaces/action
[15.043s] -- Up-to-date: /home/tuantran/ros2_ws_int/install/action_tutorials_interfaces/include/action_tutorials_interfaces/action_tutorials_interfaces/action/detail
[15.044s] -- Up-to-date: /home/tuantran/ros2_ws_int/install/action_tutorials_interfaces/include/action_tutorials_interfaces/action_tutorials_interfaces/action/detail/fibonacci__type_support.c
[15.044s] -- Up-to-date: /home/tuantran/ros2_ws_int/install/action_tutorials_interfaces/include/action_tutorials_interfaces/action_tutorials_interfaces/action/detail/fibonacci__rosidl_typesupport_introspection_c.h
[15.045s] -- Up-to-date: /home/tuantran/ros2_ws_int/install/action_tutorials_interfaces/include/action_tutorials_interfaces/action_tutorials_interfaces/msg
[15.045s] -- Up-to-date: /home/tuantran/ros2_ws_int/install/action_tutorials_interfaces/include/action_tutorials_interfaces/action_tutorials_interfaces/msg/rosidl_typesupport_introspection_c__visibility_control.h
[15.046s] -- Up-to-date: /home/tuantran/ros2_ws_int/install/action_tutorials_interfaces/lib/libaction_tutorials_interfaces__rosidl_typesupport_introspection_c.so
[15.050s] -- Up-to-date: /home/tuantran/ros2_ws_int/install/action_tutorials_interfaces/lib/libaction_tutorials_interfaces__rosidl_typesupport_c.so
[15.051s] -- Up-to-date: /home/tuantran/ros2_ws_int/install/action_tutorials_interfaces/include/action_tutorials_interfaces/action_tutorials_interfaces
[15.051s] -- Up-to-date: /home/tuantran/ros2_ws_int/install/action_tutorials_interfaces/include/action_tutorials_interfaces/action_tutorials_interfaces/action
[15.052s] -- Up-to-date: /home/tuantran/ros2_ws_int/install/action_tutorials_interfaces/include/action_tutorials_interfaces/action_tutorials_interfaces/action/fibonacci.hpp
[15.052s] -- Up-to-date: /home/tuantran/ros2_ws_int/install/action_tutorials_interfaces/include/action_tutorials_interfaces/action_tutorials_interfaces/action/detail
[15.052s] -- Up-to-date: /home/tuantran/ros2_ws_int/install/action_tutorials_interfaces/include/action_tutorials_interfaces/action_tutorials_interfaces/action/detail/fibonacci__builder.hpp
[15.053s] -- Up-to-date: /home/tuantran/ros2_ws_int/install/action_tutorials_interfaces/include/action_tutorials_interfaces/action_tutorials_interfaces/action/detail/fibonacci__traits.hpp
[15.053s] -- Up-to-date: /home/tuantran/ros2_ws_int/install/action_tutorials_interfaces/include/action_tutorials_interfaces/action_tutorials_interfaces/action/detail/fibonacci__struct.hpp
[15.053s] -- Up-to-date: /home/tuantran/ros2_ws_int/install/action_tutorials_interfaces/include/action_tutorials_interfaces/action_tutorials_interfaces
[15.054s] -- Up-to-date: /home/tuantran/ros2_ws_int/install/action_tutorials_interfaces/include/action_tutorials_interfaces/action_tutorials_interfaces/action
[15.054s] -- Up-to-date: /home/tuantran/ros2_ws_int/install/action_tutorials_interfaces/include/action_tutorials_interfaces/action_tutorials_interfaces/action/detail
[15.054s] -- Up-to-date: /home/tuantran/ros2_ws_int/install/action_tutorials_interfaces/include/action_tutorials_interfaces/action_tutorials_interfaces/action/detail/dds_fastrtps
[15.055s] -- Up-to-date: /home/tuantran/ros2_ws_int/install/action_tutorials_interfaces/include/action_tutorials_interfaces/action_tutorials_interfaces/action/detail/fibonacci__rosidl_typesupport_fastrtps_cpp.hpp
[15.055s] -- Up-to-date: /home/tuantran/ros2_ws_int/install/action_tutorials_interfaces/include/action_tutorials_interfaces/action_tutorials_interfaces/msg
[15.055s] -- Up-to-date: /home/tuantran/ros2_ws_int/install/action_tutorials_interfaces/include/action_tutorials_interfaces/action_tutorials_interfaces/msg/rosidl_typesupport_fastrtps_cpp__visibility_control.h
[15.058s] -- Up-to-date: /home/tuantran/ros2_ws_int/install/action_tutorials_interfaces/lib/libaction_tutorials_interfaces__rosidl_typesupport_fastrtps_cpp.so
[15.064s] -- Up-to-date: /home/tuantran/ros2_ws_int/install/action_tutorials_interfaces/include/action_tutorials_interfaces/action_tutorials_interfaces
[15.064s] -- Up-to-date: /home/tuantran/ros2_ws_int/install/action_tutorials_interfaces/include/action_tutorials_interfaces/action_tutorials_interfaces/action
[15.065s] -- Up-to-date: /home/tuantran/ros2_ws_int/install/action_tutorials_interfaces/include/action_tutorials_interfaces/action_tutorials_interfaces/action/detail
[15.065s] -- Up-to-date: /home/tuantran/ros2_ws_int/install/action_tutorials_interfaces/include/action_tutorials_interfaces/action_tutorials_interfaces/action/detail/fibonacci__rosidl_typesupport_introspection_cpp.hpp
[15.065s] -- Up-to-date: /home/tuantran/ros2_ws_int/install/action_tutorials_interfaces/include/action_tutorials_interfaces/action_tutorials_interfaces/action/detail/fibonacci__type_support.cpp
[15.068s] -- Up-to-date: /home/tuantran/ros2_ws_int/install/action_tutorials_interfaces/lib/libaction_tutorials_interfaces__rosidl_typesupport_introspection_cpp.so
[15.068s] -- Up-to-date: /home/tuantran/ros2_ws_int/install/action_tutorials_interfaces/lib/libaction_tutorials_interfaces__rosidl_typesupport_cpp.so
[15.068s] -- Up-to-date: /home/tuantran/ros2_ws_int/install/action_tutorials_interfaces/share/action_tutorials_interfaces/environment/pythonpath.sh
[15.068s] -- Installing: /home/tuantran/ros2_ws_int/install/action_tutorials_interfaces/share/action_tutorials_interfaces/environment/pythonpath.dsv
[15.069s] -- Up-to-date: /home/tuantran/ros2_ws_int/install/action_tutorials_interfaces/local/lib/python3.10/dist-packages/action_tutorials_interfaces-0.0.0-py3.10.egg-info
[15.069s] -- Installing: /home/tuantran/ros2_ws_int/install/action_tutorials_interfaces/local/lib/python3.10/dist-packages/action_tutorials_interfaces-0.0.0-py3.10.egg-info/PKG-INFO
[15.072s] -- Installing: /home/tuantran/ros2_ws_int/install/action_tutorials_interfaces/local/lib/python3.10/dist-packages/action_tutorials_interfaces-0.0.0-py3.10.egg-info/dependency_links.txt
[15.073s] -- Installing: /home/tuantran/ros2_ws_int/install/action_tutorials_interfaces/local/lib/python3.10/dist-packages/action_tutorials_interfaces-0.0.0-py3.10.egg-info/SOURCES.txt
[15.073s] -- Installing: /home/tuantran/ros2_ws_int/install/action_tutorials_interfaces/local/lib/python3.10/dist-packages/action_tutorials_interfaces-0.0.0-py3.10.egg-info/top_level.txt
[15.073s] -- Up-to-date: /home/tuantran/ros2_ws_int/install/action_tutorials_interfaces/local/lib/python3.10/dist-packages/action_tutorials_interfaces
[15.073s] -- Up-to-date: /home/tuantran/ros2_ws_int/install/action_tutorials_interfaces/local/lib/python3.10/dist-packages/action_tutorials_interfaces/_action_tutorials_interfaces_s.ep.rosidl_typesupport_fastrtps_c.c
[15.074s] -- Up-to-date: /home/tuantran/ros2_ws_int/install/action_tutorials_interfaces/local/lib/python3.10/dist-packages/action_tutorials_interfaces/action_tutorials_interfaces_s__rosidl_typesupport_introspection_c.cpython-310-x86_64-linux-gnu.so
[15.074s] -- Up-to-date: /home/tuantran/ros2_ws_int/install/action_tutorials_interfaces/local/lib/python3.10/dist-packages/action_tutorials_interfaces/action_tutorials_interfaces_s__rosidl_typesupport_c.cpython-310-x86_64-linux-gnu.so
[15.074s] -- Up-to-date: /home/tuantran/ros2_ws_int/install/action_tutorials_interfaces/local/lib/python3.10/dist-packages/action_tutorials_interfaces/action
[15.074s] -- Up-to-date: /home/tuantran/ros2_ws_int/install/action_tutorials_interfaces/local/lib/python3.10/dist-packages/action_tutorials_interfaces/action/_fibonacci.py
[15.075s] -- Up-to-date: /home/tuantran/ros2_ws_int/install/action_tutorials_interfaces/local/lib/python3.10/dist-packages/action_tutorials_interfaces/action/__init__.py
[15.075s] -- Up-to-date: /home/tuantran/ros2_ws_int/install/action_tutorials_interfaces/local/lib/python3.10/dist-packages/action_tutorials_interfaces/action/_fibonacci_s.c
[15.075s] -- Up-to-date: /home/tuantran/ros2_ws_int/install/action_tutorials_interfaces/local/lib/python3.10/dist-packages/action_tutorials_interfaces/libaction_tutorials_interfaces__rosidl_generator_py.so
[15.075s] -- Installing: /home/tuantran/ros2_ws_int/install/action_tutorials_interfaces/local/lib/python3.10/dist-packages/action_tutorials_interfaces/__init__.py
[15.076s] -- Up-to-date: /home/tuantran/ros2_ws_int/install/action_tutorials_interfaces/local/lib/python3.10/dist-packages/action_tutorials_interfaces/_action_tutorials_interfaces_s.ep.rosidl_typesupport_c.c
[15.076s] -- Up-to-date: /home/tuantran/ros2_ws_int/install/action_tutorials_interfaces/local/lib/python3.10/dist-packages/action_tutorials_interfaces/_action_tutorials_interfaces_s.ep.rosidl_typesupport_introspection_c.c
[15.076s] -- Up-to-date: /home/tuantran/ros2_ws_int/install/action_tutorials_interfaces/local/lib/python3.10/dist-packages/action_tutorials_interfaces/action_tutorials_interfaces_s__rosidl_typesupport_fastrtps_c.cpython-310-x86_64-linux-gnu.so
[15.235s] Listing '/home/tuantran/ros2_ws_int/install/action_tutorials_interfaces/local/lib/python3.10/dist-packages/action_tutorials_interfaces'...
[15.235s] Compiling '/home/tuantran/ros2_ws_int/install/action_tutorials_interfaces/local/lib/python3.10/dist-packages/action_tutorials_interfaces/__init__.py'...
[15.235s] Listing '/home/tuantran/ros2_ws_int/install/action_tutorials_interfaces/local/lib/python3.10/dist-packages/action_tutorials_interfaces/action'...
[15.252s] -- Up-to-date: /home/tuantran/ros2_ws_int/install/action_tutorials_interfaces/local/lib/python3.10/dist-packages/action_tutorials_interfaces/action_tutorials_interfaces_s__rosidl_typesupport_fastrtps_c.cpython-310-x86_64-linux-gnu.so
[15.260s] -- Up-to-date: /home/tuantran/ros2_ws_int/install/action_tutorials_interfaces/local/lib/python3.10/dist-packages/action_tutorials_interfaces/action_tutorials_interfaces_s__rosidl_typesupport_introspection_c.cpython-310-x86_64-linux-gnu.so
[15.261s] -- Up-to-date: /home/tuantran/ros2_ws_int/install/action_tutorials_interfaces/local/lib/python3.10/dist-packages/action_tutorials_interfaces/action_tutorials_interfaces_s__rosidl_typesupport_c.cpython-310-x86_64-linux-gnu.so
[15.272s] -- Up-to-date: /home/tuantran/ros2_ws_int/install/action_tutorials_interfaces/lib/libaction_tutorials_interfaces__rosidl_generator_py.so
[15.274s] -- Up-to-date: /home/tuantran/ros2_ws_int/install/action_tutorials_interfaces/share/action_tutorials_interfaces/action/Fibonacci.idl
[15.275s] -- Up-to-date: /home/tuantran/ros2_ws_int/install/action_tutorials_interfaces/share/action_tutorials_interfaces/action/Fibonacci.action
[15.275s] -- Up-to-date: /home/tuantran/ros2_ws_int/install/action_tutorials_interfaces/share/ament_index/resource_index/package_run_dependencies/action_tutorials_interfaces
[15.276s] -- Installing: /home/tuantran/ros2_ws_int/install/action_tutorials_interfaces/share/ament_index/resource_index/parent_prefix_path/action_tutorials_interfaces
[15.276s] -- Up-to-date: /home/tuantran/ros2_ws_int/install/action_tutorials_interfaces/share/action_tutorials_interfaces/environment/ament_prefix_path.sh
[15.276s] -- Installing: /home/tuantran/ros2_ws_int/install/action_tutorials_interfaces/share/action_tutorials_interfaces/environment/ament_prefix_path.dsv
[15.277s] -- Up-to-date: /home/tuantran/ros2_ws_int/install/action_tutorials_interfaces/share/action_tutorials_interfaces/environment/path.sh
[15.277s] -- Installing: /home/tuantran/ros2_ws_int/install/action_tutorials_interfaces/share/action_tutorials_interfaces/environment/path.dsv
[15.278s] -- Up-to-date: /home/tuantran/ros2_ws_int/install/action_tutorials_interfaces/share/action_tutorials_interfaces/local_setup.bash
[15.278s] -- Up-to-date: /home/tuantran/ros2_ws_int/install/action_tutorials_interfaces/share/action_tutorials_interfaces/local_setup.sh
[15.279s] -- Up-to-date: /home/tuantran/ros2_ws_int/install/action_tutorials_interfaces/share/action_tutorials_interfaces/local_setup.zsh
[15.279s] -- Installing: /home/tuantran/ros2_ws_int/install/action_tutorials_interfaces/share/action_tutorials_interfaces/local_setup.dsv
[15.279s] -- Installing: /home/tuantran/ros2_ws_int/install/action_tutorials_interfaces/share/action_tutorials_interfaces/package.dsv
[15.279s] -- Up-to-date: /home/tuantran/ros2_ws_int/install/action_tutorials_interfaces/share/ament_index/resource_index/packages/action_tutorials_interfaces
[15.280s] -- Up-to-date: /home/tuantran/ros2_ws_int/install/action_tutorials_interfaces/share/action_tutorials_interfaces/cmake/export_action_tutorials_interfaces__rosidl_generator_cExport.cmake
[15.282s] -- Up-to-date: /home/tuantran/ros2_ws_int/install/action_tutorials_interfaces/share/action_tutorials_interfaces/cmake/export_action_tutorials_interfaces__rosidl_generator_cExport-noconfig.cmake
[15.287s] -- Up-to-date: /home/tuantran/ros2_ws_int/install/action_tutorials_interfaces/share/action_tutorials_interfaces/cmake/export_action_tutorials_interfaces__rosidl_typesupport_fastrtps_cExport.cmake
[15.287s] -- Up-to-date: /home/tuantran/ros2_ws_int/install/action_tutorials_interfaces/share/action_tutorials_interfaces/cmake/export_action_tutorials_interfaces__rosidl_typesupport_fastrtps_cExport-noconfig.cmake
[15.287s] -- Up-to-date: /home/tuantran/ros2_ws_int/install/action_tutorials_interfaces/share/action_tutorials_interfaces/cmake/action_tutorials_interfaces__rosidl_typesupport_introspection_cExport.cmake
[15.288s] -- Up-to-date: /home/tuantran/ros2_ws_int/install/action_tutorials_interfaces/share/action_tutorials_interfaces/cmake/action_tutorials_interfaces__rosidl_typesupport_introspection_cExport-noconfig.cmake
[15.288s] -- Up-to-date: /home/tuantran/ros2_ws_int/install/action_tutorials_interfaces/share/action_tutorials_interfaces/cmake/action_tutorials_interfaces__rosidl_typesupport_cExport.cmake
[15.288s] -- Up-to-date: /home/tuantran/ros2_ws_int/install/action_tutorials_interfaces/share/action_tutorials_interfaces/cmake/action_tutorials_interfaces__rosidl_typesupport_cExport-noconfig.cmake
[15.288s] -- Up-to-date: /home/tuantran/ros2_ws_int/install/action_tutorials_interfaces/share/action_tutorials_interfaces/cmake/export_action_tutorials_interfaces__rosidl_generator_cppExport.cmake
[15.291s] -- Up-to-date: /home/tuantran/ros2_ws_int/install/action_tutorials_interfaces/share/action_tutorials_interfaces/cmake/export_action_tutorials_interfaces__rosidl_typesupport_fastrtps_cppExport.cmake
[15.292s] -- Up-to-date: /home/tuantran/ros2_ws_int/install/action_tutorials_interfaces/share/action_tutorials_interfaces/cmake/export_action_tutorials_interfaces__rosidl_typesupport_fastrtps_cppExport-noconfig.cmake
[15.292s] -- Up-to-date: /home/tuantran/ros2_ws_int/install/action_tutorials_interfaces/share/action_tutorials_interfaces/cmake/action_tutorials_interfaces__rosidl_typesupport_introspection_cppExport.cmake
[15.292s] -- Up-to-date: /home/tuantran/ros2_ws_int/install/action_tutorials_interfaces/share/action_tutorials_interfaces/cmake/action_tutorials_interfaces__rosidl_typesupport_introspection_cppExport-noconfig.cmake
[15.294s] -- Up-to-date: /home/tuantran/ros2_ws_int/install/action_tutorials_interfaces/share/action_tutorials_interfaces/cmake/action_tutorials_interfaces__rosidl_typesupport_cppExport.cmake
[15.297s] -- Up-to-date: /home/tuantran/ros2_ws_int/install/action_tutorials_interfaces/share/action_tutorials_interfaces/cmake/action_tutorials_interfaces__rosidl_typesupport_cppExport-noconfig.cmake
[15.297s] -- Up-to-date: /home/tuantran/ros2_ws_int/install/action_tutorials_interfaces/share/action_tutorials_interfaces/cmake/export_action_tutorials_interfaces__rosidl_generator_pyExport.cmake
[15.297s] -- Up-to-date: /home/tuantran/ros2_ws_int/install/action_tutorials_interfaces/share/action_tutorials_interfaces/cmake/export_action_tutorials_interfaces__rosidl_generator_pyExport-noconfig.cmake
[15.298s] -- Up-to-date: /home/tuantran/ros2_ws_int/install/action_tutorials_interfaces/share/action_tutorials_interfaces/cmake/rosidl_cmake-extras.cmake
[15.298s] -- Up-to-date: /home/tuantran/ros2_ws_int/install/action_tutorials_interfaces/share/action_tutorials_interfaces/cmake/ament_cmake_export_dependencies-extras.cmake
[15.298s] -- Up-to-date: /home/tuantran/ros2_ws_int/install/action_tutorials_interfaces/share/action_tutorials_interfaces/cmake/ament_cmake_export_include_directories-extras.cmake
[15.298s] -- Up-to-date: /home/tuantran/ros2_ws_int/install/action_tutorials_interfaces/share/action_tutorials_interfaces/cmake/ament_cmake_export_libraries-extras.cmake
[15.299s] -- Up-to-date: /home/tuantran/ros2_ws_int/install/action_tutorials_interfaces/share/action_tutorials_interfaces/cmake/ament_cmake_export_targets-extras.cmake
[15.299s] -- Up-to-date: /home/tuantran/ros2_ws_int/install/action_tutorials_interfaces/share/action_tutorials_interfaces/cmake/rosidl_cmake_export_typesupport_targets-extras.cmake
[15.302s] -- Up-to-date: /home/tuantran/ros2_ws_int/install/action_tutorials_interfaces/share/action_tutorials_interfaces/cmake/rosidl_cmake_export_typesupport_libraries-extras.cmake
[15.302s] -- Up-to-date: /home/tuantran/ros2_ws_int/install/action_tutorials_interfaces/share/action_tutorials_interfaces/cmake/action_tutorials_interfacesConfig.cmake
[15.302s] -- Up-to-date: /home/tuantran/ros2_ws_int/install/action_tutorials_interfaces/share/action_tutorials_interfaces/cmake/action_tutorials_interfacesConfig-version.cmake
[15.302s] -- Up-to-date: /home/tuantran/ros2_ws_int/install/action_tutorials_interfaces/share/action_tutorials_interfaces/package.xml
[15.318s] Invoked command in '/home/tuantran/ros2_ws_int/build/action_tutorials_interfaces' returned '0': CMAKE_PREFIX_PATH=${CMAKE_PREFIX_PATH}:/home/tuantran/ros2_ws/install/launch_testing_examples:/home/tuantran/ros2_ws/install/examples_rclpy_pointcloud_publisher:/home/tuantran/ros2_ws/install/examples_rclpy_minimal_subscriber:/home/tuantran/ros2_ws/install/examples_rclpy_minimal_service:/home/tuantran/ros2_ws/install/examples_rclpy_minimal_publisher:/home/tuantran/ros2_ws/install/examples_rclpy_minimal_client:/home/tuantran/ros2_ws/install/examples_rclpy_minimal_action_server:/home/tuantran/ros2_ws/install/examples_rclpy_minimal_action_client:/home/tuantran/ros2_ws/install/examples_rclpy_guard_conditions:/home/tuantran/ros2_ws/install/examples_rclpy_executors:/opt/ros/humble /usr/bin/cmake --install /home/tuantran/ros2_ws_int/build/action_tutorials_interfaces
