[0.334s] Invoking command in '/home/tuantran/ros2_ws_int/build/cpp_parameter_event_handler': CMAKE_PREFIX_PATH=/opt/ros/humble /usr/bin/cmake /home/tuantran/ros2_ws_int/src/cpp_parameter_event_handler -DCMAKE_INSTALL_PREFIX=/home/tuantran/ros2_ws_int/install/cpp_parameter_event_handler
[1.145s] -- The C compiler identification is GNU 11.4.0
[2.226s] -- The CXX compiler identification is GNU 11.4.0
[2.278s] -- Detecting C compiler ABI info
[2.703s] -- Detecting C compiler ABI info - done
[2.840s] -- Check for working C compiler: /usr/bin/cc - skipped
[2.845s] -- Detecting C compile features
[2.853s] -- Detecting C compile features - done
[2.884s] -- Detecting CXX compiler ABI info
[3.821s] -- Detecting CXX compiler ABI info - done
[3.991s] -- Check for working CXX compiler: /usr/bin/c++ - skipped
[4.004s] -- Detecting CXX compile features
[4.015s] -- Detecting CXX compile features - done
[4.098s] -- Found ament_cmake: 1.3.6 (/opt/ros/humble/share/ament_cmake/cmake)
[5.485s] -- Found Python3: /usr/bin/python3.10 (found version "3.10.12") found components: Interpreter 
[5.894s] -- Found rclcpp: 16.0.7 (/opt/ros/humble/share/rclcpp/cmake)
[6.261s] -- Found rosidl_generator_c: 3.1.5 (/opt/ros/humble/share/rosidl_generator_c/cmake)
[6.352s] -- Found rosidl_adapter: 3.1.5 (/opt/ros/humble/share/rosidl_adapter/cmake)
[6.430s] -- Found rosidl_generator_cpp: 3.1.5 (/opt/ros/humble/share/rosidl_generator_cpp/cmake)
[6.611s] -- Using all available rosidl_typesupport_c: rosidl_typesupport_fastrtps_c;rosidl_typesupport_introspection_c
[6.981s] -- Using all available rosidl_typesupport_cpp: rosidl_typesupport_fastrtps_cpp;rosidl_typesupport_introspection_cpp
[8.409s] -- Found rmw_implementation_cmake: 6.1.1 (/opt/ros/humble/share/rmw_implementation_cmake/cmake)
[8.420s] -- Found rmw_fastrtps_cpp: 6.2.5 (/opt/ros/humble/share/rmw_fastrtps_cpp/cmake)
[9.035s] -- Found OpenSSL: /usr/lib/x86_64-linux-gnu/libcrypto.so (found version "3.0.2")  
[9.192s] -- Found FastRTPS: /opt/ros/humble/include  
[9.508s] -- Using RMW implementation 'rmw_fastrtps_cpp' as default
[9.609s] -- Looking for pthread.h
[10.175s] -- Looking for pthread.h - found
[10.175s] -- Performing Test CMAKE_HAVE_LIBC_PTHREAD
[10.708s] -- Performing Test CMAKE_HAVE_LIBC_PTHREAD - Success
[10.713s] -- Found Threads: TRUE  
[12.847s] -- Found ament_lint_auto: 0.12.9 (/opt/ros/humble/share/ament_lint_auto/cmake)
[13.265s] -- Added test 'cppcheck' to perform static code analysis on C / C++ code
[13.265s] -- Configured cppcheck include dirs: 
[13.266s] -- Configured cppcheck exclude dirs and/or files: 
[13.272s] -- Added test 'lint_cmake' to check CMake code style
[13.289s] -- Added test 'uncrustify' to check C / C++ code style
[13.290s] -- Configured uncrustify additional arguments: 
[13.298s] -- Added test 'xmllint' to check XML markup files
[13.305s] -- Configuring done
[13.354s] -- Generating done
[13.364s] -- Build files have been written to: /home/tuantran/ros2_ws_int/build/cpp_parameter_event_handler
[13.397s] Invoked command in '/home/tuantran/ros2_ws_int/build/cpp_parameter_event_handler' returned '0': CMAKE_PREFIX_PATH=/opt/ros/humble /usr/bin/cmake /home/tuantran/ros2_ws_int/src/cpp_parameter_event_handler -DCMAKE_INSTALL_PREFIX=/home/tuantran/ros2_ws_int/install/cpp_parameter_event_handler
[13.402s] Invoking command in '/home/tuantran/ros2_ws_int/build/cpp_parameter_event_handler': CMAKE_PREFIX_PATH=/opt/ros/humble /usr/bin/cmake --build /home/tuantran/ros2_ws_int/build/cpp_parameter_event_handler -- -j2 -l2
[13.670s] [ 50%] [32mBuilding CXX object CMakeFiles/parameter_event_handler.dir/src/parameter_event_handler.cpp.o[0m
[45.592s] [100%] [32m[1mLinking CXX executable parameter_event_handler[0m
[47.622s] [100%] Built target parameter_event_handler
[47.667s] Invoked command in '/home/tuantran/ros2_ws_int/build/cpp_parameter_event_handler' returned '0': CMAKE_PREFIX_PATH=/opt/ros/humble /usr/bin/cmake --build /home/tuantran/ros2_ws_int/build/cpp_parameter_event_handler -- -j2 -l2
[47.774s] Invoking command in '/home/tuantran/ros2_ws_int/build/cpp_parameter_event_handler': CMAKE_PREFIX_PATH=/opt/ros/humble /usr/bin/cmake --install /home/tuantran/ros2_ws_int/build/cpp_parameter_event_handler
[47.798s] -- Install configuration: ""
[47.801s] -- Installing: /home/tuantran/ros2_ws_int/install/cpp_parameter_event_handler/lib/cpp_parameter_event_handler/parameter_event_handler
[47.816s] -- Set runtime path of "/home/tuantran/ros2_ws_int/install/cpp_parameter_event_handler/lib/cpp_parameter_event_handler/parameter_event_handler" to ""
[47.817s] -- Installing: /home/tuantran/ros2_ws_int/install/cpp_parameter_event_handler/share/ament_index/resource_index/package_run_dependencies/cpp_parameter_event_handler
[47.818s] -- Installing: /home/tuantran/ros2_ws_int/install/cpp_parameter_event_handler/share/ament_index/resource_index/parent_prefix_path/cpp_parameter_event_handler
[47.819s] -- Installing: /home/tuantran/ros2_ws_int/install/cpp_parameter_event_handler/share/cpp_parameter_event_handler/environment/ament_prefix_path.sh
[47.821s] -- Installing: /home/tuantran/ros2_ws_int/install/cpp_parameter_event_handler/share/cpp_parameter_event_handler/environment/ament_prefix_path.dsv
[47.822s] -- Installing: /home/tuantran/ros2_ws_int/install/cpp_parameter_event_handler/share/cpp_parameter_event_handler/environment/path.sh
[47.823s] -- Installing: /home/tuantran/ros2_ws_int/install/cpp_parameter_event_handler/share/cpp_parameter_event_handler/environment/path.dsv
[47.824s] -- Installing: /home/tuantran/ros2_ws_int/install/cpp_parameter_event_handler/share/cpp_parameter_event_handler/local_setup.bash
[47.825s] -- Installing: /home/tuantran/ros2_ws_int/install/cpp_parameter_event_handler/share/cpp_parameter_event_handler/local_setup.sh
[47.826s] -- Installing: /home/tuantran/ros2_ws_int/install/cpp_parameter_event_handler/share/cpp_parameter_event_handler/local_setup.zsh
[47.828s] -- Installing: /home/tuantran/ros2_ws_int/install/cpp_parameter_event_handler/share/cpp_parameter_event_handler/local_setup.dsv
[47.833s] -- Installing: /home/tuantran/ros2_ws_int/install/cpp_parameter_event_handler/share/cpp_parameter_event_handler/package.dsv
[47.835s] -- Installing: /home/tuantran/ros2_ws_int/install/cpp_parameter_event_handler/share/ament_index/resource_index/packages/cpp_parameter_event_handler
[47.837s] -- Installing: /home/tuantran/ros2_ws_int/install/cpp_parameter_event_handler/share/cpp_parameter_event_handler/cmake/cpp_parameter_event_handlerConfig.cmake
[47.838s] -- Installing: /home/tuantran/ros2_ws_int/install/cpp_parameter_event_handler/share/cpp_parameter_event_handler/cmake/cpp_parameter_event_handlerConfig-version.cmake
[47.839s] -- Installing: /home/tuantran/ros2_ws_int/install/cpp_parameter_event_handler/share/cpp_parameter_event_handler/package.xml
[47.850s] Invoked command in '/home/tuantran/ros2_ws_int/build/cpp_parameter_event_handler' returned '0': CMAKE_PREFIX_PATH=/opt/ros/humble /usr/bin/cmake --install /home/tuantran/ros2_ws_int/build/cpp_parameter_event_handler
