[0.926s] Invoking command in '/home/tuantran/ros2_ws_int/build/cpp_parameter_event_handler': CMAKE_PREFIX_PATH=${CMAKE_PREFIX_PATH}:/opt/ros/humble /usr/bin/cmake --build /home/tuantran/ros2_ws_int/build/cpp_parameter_event_handler -- -j2 -l2
[1.349s] [35m[1mConsolidate compiler generated dependencies of target parameter_event_handler[0m
[1.729s] [100%] Built target parameter_event_handler
[1.840s] Invoked command in '/home/tuantran/ros2_ws_int/build/cpp_parameter_event_handler' returned '0': CMAKE_PREFIX_PATH=${CMAKE_PREFIX_PATH}:/opt/ros/humble /usr/bin/cmake --build /home/tuantran/ros2_ws_int/build/cpp_parameter_event_handler -- -j2 -l2
[2.410s] Invoking command in '/home/tuantran/ros2_ws_int/build/cpp_parameter_event_handler': CMAKE_PREFIX_PATH=${CMAKE_PREFIX_PATH}:/opt/ros/humble /usr/bin/cmake --install /home/tuantran/ros2_ws_int/build/cpp_parameter_event_handler
[2.535s] -- Install configuration: ""
[2.539s] -- Up-to-date: /home/tuantran/ros2_ws_int/install/cpp_parameter_event_handler/lib/cpp_parameter_event_handler/parameter_event_handler
[2.544s] -- Up-to-date: /home/tuantran/ros2_ws_int/install/cpp_parameter_event_handler/share/ament_index/resource_index/package_run_dependencies/cpp_parameter_event_handler
[2.546s] -- Up-to-date: /home/tuantran/ros2_ws_int/install/cpp_parameter_event_handler/share/ament_index/resource_index/parent_prefix_path/cpp_parameter_event_handler
[2.549s] -- Up-to-date: /home/tuantran/ros2_ws_int/install/cpp_parameter_event_handler/share/cpp_parameter_event_handler/environment/ament_prefix_path.sh
[2.555s] -- Up-to-date: /home/tuantran/ros2_ws_int/install/cpp_parameter_event_handler/share/cpp_parameter_event_handler/environment/ament_prefix_path.dsv
[2.556s] -- Up-to-date: /home/tuantran/ros2_ws_int/install/cpp_parameter_event_handler/share/cpp_parameter_event_handler/environment/path.sh
[2.557s] -- Up-to-date: /home/tuantran/ros2_ws_int/install/cpp_parameter_event_handler/share/cpp_parameter_event_handler/environment/path.dsv
[2.573s] -- Up-to-date: /home/tuantran/ros2_ws_int/install/cpp_parameter_event_handler/share/cpp_parameter_event_handler/local_setup.bash
[2.575s] -- Up-to-date: /home/tuantran/ros2_ws_int/install/cpp_parameter_event_handler/share/cpp_parameter_event_handler/local_setup.sh
[2.580s] -- Up-to-date: /home/tuantran/ros2_ws_int/install/cpp_parameter_event_handler/share/cpp_parameter_event_handler/local_setup.zsh
[2.581s] -- Up-to-date: /home/tuantran/ros2_ws_int/install/cpp_parameter_event_handler/share/cpp_parameter_event_handler/local_setup.dsv
[2.582s] -- Installing: /home/tuantran/ros2_ws_int/install/cpp_parameter_event_handler/share/cpp_parameter_event_handler/package.dsv
[2.594s] -- Up-to-date: /home/tuantran/ros2_ws_int/install/cpp_parameter_event_handler/share/ament_index/resource_index/packages/cpp_parameter_event_handler
[2.598s] -- Up-to-date: /home/tuantran/ros2_ws_int/install/cpp_parameter_event_handler/share/cpp_parameter_event_handler/cmake/cpp_parameter_event_handlerConfig.cmake
[2.652s] -- Up-to-date: /home/tuantran/ros2_ws_int/install/cpp_parameter_event_handler/share/cpp_parameter_event_handler/cmake/cpp_parameter_event_handlerConfig-version.cmake
[2.653s] -- Up-to-date: /home/tuantran/ros2_ws_int/install/cpp_parameter_event_handler/share/cpp_parameter_event_handler/package.xml
[2.713s] Invoked command in '/home/tuantran/ros2_ws_int/build/cpp_parameter_event_handler' returned '0': CMAKE_PREFIX_PATH=${CMAKE_PREFIX_PATH}:/opt/ros/humble /usr/bin/cmake --install /home/tuantran/ros2_ws_int/build/cpp_parameter_event_handler
